#
# A fatal error has been detected by the Java Runtime Environment:
#
#  SIGSEGV (0xb) at pc=0x000000010ac151e6, pid=13487, tid=259
#
# JRE version: Java(TM) SE Runtime Environment (17.0.6+9) (build 17.0.6+9-LTS-190)
# Java VM: Java HotSpot(TM) 64-Bit Server VM (17.0.6+9-LTS-190, mixed mode, sharing, tiered, compressed oops, compressed class ptrs, g1 gc, bsd-amd64)
# Problematic frame:
# V  [libjvm.dylib+0x9391e6]  _ZL10SR_handleriP9__siginfoP17__darwin_ucontext+0x46
#
# No core dump will be written. Core dumps have been disabled. To enable core dumping, try "ulimit -c unlimited" before starting Java again
#
# If you would like to submit a bug report, please visit:
#   https://bugreport.java.com/bugreport/crash.jsp
#

---------------  S U M M A R Y ------------

Command Line: assets/jars/decrypt.jar -d assets/datapacks/TSC2020_InternalDatapack_encrypted_13Feb2021.txt assets/datapacks/Hominids_wImages_GTS2020_Encrypted.dpk assets/datapacks/Australia Mappack GTS2016 ENCRYPTED PUBLIC.mdpk assets/datapacks/Belgium_GTS2020.mdpk assets/datapacks/SouthAmericaEncrypted_29Apr2019.mdpk assets/datapacks/AfricaBight.map assets/datapacks/BritishMappackPUBLIC_GTS2016_15July2016.mdpk assets/datapacks/TimeTree_of_Life_GTS2020_ENCRYPTED_23Jan2020.dpk -dest assets/decrypted

Host: "MacBookPro16,1" x86_64 2300 MHz, 16 cores, 16G, Darwin 21.6.0, macOS 12.7.1 (21G920)
Time: Thu Apr 11 16:30:28 2024 EDT elapsed time: 0.102116 seconds (0d 0h 0m 0s)

---------------  T H R E A D  ---------------

Current thread is native thread

Stack: [0x00007ff7b6580000,0x00007ff7b6d80000],  sp=0x00007ff7b6d7c910,  free space=8178k
Native frames: (J=compiled Java code, j=interpreted, Vv=VM code, C=native code)
V  [libjvm.dylib+0x9391e6]  _ZL10SR_handleriP9__siginfoP17__darwin_ucontext+0x46
C  [libsystem_platform.dylib+0x3dfd]  _sigtramp+0x1d
C  [libsystem_featureflags.dylib+0x2ed4]
C  [CoreFoundation+0x8029d]  __CFRunLoopServiceMachPort+0x13f
C  [CoreFoundation+0x7e928]  __CFRunLoopRun+0x4fc
C  [CoreFoundation+0x7dd6c]  CFRunLoopRunSpecific+0x232
C  [libjli.dylib+0x70b2]  CreateExecutionEnvironment+0x182
C  [libjli.dylib+0x2c15]  JLI_Launch+0x585
C  [java+0x3c09]  main+0x189
C  0x000000010ddd252e


siginfo: si_signo: 11 (SIGSEGV), si_code: 1 (SEGV_MAPERR), si_addr: 0x0000000000000260

Registers:
RAX=0x0000000000000000, RBX=0x0000000000000000, RCX=0x0000000000000000, RDX=0x0000000000000000
RSP=0x00007ff7b6d7c910, RBP=0x00007ff7b6d7c940, RSI=0x00007ff7b6d7c910, RDI=0x000000000000010a
R8 =0x00007ff7b6d7cde0, R9 =0x9a7882142312c0de, R10=0x000000010de4d6ac, R11=0x0000000000000246
R12=0x0000000000000001, R13=0x00007ff7b6d7d080, R14=0x00007ff7b6d7cde0, R15=0x00007ff7b6d7cd78
RIP=0x000000010ac151e6, EFLAGS=0x0000000000010202, ERR=0x0000000000000004
  TRAPNO=0x000000000000000e

Top of Stack: (sp=0x00007ff7b6d7c910)
0x00007ff7b6d7c910:   0000000100000698 00007ff7b6d7cde0
0x00007ff7b6d7c920:   9a7882142312c0de 00007ff7b6d7d080
0x00007ff7b6d7c930:   0000000000000000 0000000007000806
0x00007ff7b6d7c940:   00007ff7b6d7c950 00007ff818f4bdfd
0x00007ff7b6d7c950:   00007ff7b6d7cef0 00007ff818dffed4
0x00007ff7b6d7c960:   00007ff7b6d7c990 00007ff818e010d1
0x00007ff7b6d7c970:   0100001f00000085 0000000000000000
0x00007ff7b6d7c980:   0000000010004005 0000000000000c00
0x00007ff7b6d7c990:   00007ff7b6d7ce98 0000000000000000
0x00007ff7b6d7c9a0:   00007ff7b6d7d080 0000000007000806
0x00007ff7b6d7c9b0:   00007ff7b6d7cef0 00007ff7b6d7ce98
0x00007ff7b6d7c9c0:   0000000000001303 00000000ffffffff
0x00007ff7b6d7c9d0:   0000000000000c00 0000000000000206
0x00007ff7b6d7c9e0:   0000000000001303 00007ff7b6d7d080
0x00007ff7b6d7c9f0:   0000000000000000 0000000007000806
0x00007ff7b6d7ca00:   00007ff818ef996a 0000000000000206
0x00007ff7b6d7ca10:   0000000000000007 0000000000000000
0x00007ff7b6d7ca20:   0000000000000000 0000000000000000
0x00007ff7b6d7ca30:   000000000000037f 0000000000000000
0x00007ff7b6d7ca40:   0000000000000000 0000ffff00001fa1
0x00007ff7b6d7ca50:   0000000000000000 000000000000ffff
0x00007ff7b6d7ca60:   0000000000000000 0000000000000000
0x00007ff7b6d7ca70:   0000000000000000 0000000000000000
0x00007ff7b6d7ca80:   0000000000000000 0000000000000000
0x00007ff7b6d7ca90:   0000000000000000 0000000000000000
0x00007ff7b6d7caa0:   0000000000000000 000000000000ffff
0x00007ff7b6d7cab0:   0000000001ed1896 000000000000ffff
0x00007ff7b6d7cac0:   00000000ffffd080 000000000000ffff
0x00007ff7b6d7cad0:   41c5e43ff22efb8f 0000000000000000
0x00007ff7b6d7cae0:   3fd77dc7abfb9bed 0000000000000000
0x00007ff7b6d7caf0:   43e0000000000000 0000000000000000
0x00007ff7b6d7cb00:   41ee185580000000 0000000000000000 

Instructions: (pc=0x000000010ac151e6)
0x000000010ac150e6:   00 00 d3 e2 31 c9 83 f8 20 0f 4f d1 89 15 a8 5d
0x000000010ac150f6:   36 00 c7 45 f4 42 00 00 00 48 8d 05 9a 00 00 00
0x000000010ac15106:   48 89 45 e8 48 8d 55 f0 bf 01 00 00 00 31 f6 e8
0x000000010ac15116:   76 0b 1a 00 81 65 f0 67 f9 ff ff 8b 3d 81 8e 32
0x000000010ac15126:   00 48 8d 75 e8 31 d2 e8 e2 0b 1a 00 83 f8 ff 74
0x000000010ac15136:   56 8b 1d 6b 8e 32 00 8d 43 ff 83 f8 1e 77 31 bf
0x000000010ac15146:   10 00 00 00 be 08 00 00 00 31 d2 e8 2a 80 81 ff
0x000000010ac15156:   48 8d 0d bb a1 38 00 48 89 04 d9 48 8b 4d e8 48
0x000000010ac15166:   8b 55 f0 48 89 50 08 48 89 08 8b 1d 32 8e 32 00
0x000000010ac15176:   48 63 c3 48 8d 0d 50 a4 38 00 c6 04 08 01 31 c0
0x000000010ac15186:   48 83 c4 18 5b 5d c3 b8 ff ff ff ff 48 83 c4 18
0x000000010ac15196:   5b 5d c3 0f 1f 80 00 00 00 00 55 48 89 e5 41 57
0x000000010ac151a6:   41 56 41 55 41 54 53 50 49 89 d6 49 89 f7 e8 6b
0x000000010ac151b6:   07 1a 00 44 8b 20 c7 45 d0 98 06 00 00 31 db 48
0x000000010ac151c6:   8d 75 d0 bf 02 00 00 00 31 d2 e8 bb 0a 1a 00 e8
0x000000010ac151d6:   b6 6c 0c 00 84 c0 74 08 e8 bd 6c 0c 00 48 89 c3
0x000000010ac151e6:   48 83 bb 60 02 00 00 00 0f 84 11 01 00 00 48 8b
0x000000010ac151f6:   83 28 02 00 00 8b 48 2c 83 f9 01 0f 85 f6 00 00
0x000000010ac15206:   00 4c 89 70 38 4c 89 78 30 48 8d 58 2c 4c 8d 68
0x000000010ac15216:   30 48 89 df be 01 00 00 00 ba 02 00 00 00 e8 37
0x000000010ac15226:   cd f4 ff 85 c0 0f 84 bc 00 00 00 83 f8 02 0f 85
0x000000010ac15236:   8a 00 00 00 c7 45 d4 00 00 00 00 4c 8d 75 d4 bf
0x000000010ac15246:   01 00 00 00 31 f6 4c 89 f2 e8 3c 0a 1a 00 8b 05
0x000000010ac15256:   4e 8d 32 00 8d 48 ff ba fe ff ff ff d3 c2 83 f8
0x000000010ac15266:   20 b8 ff ff ff ff 0f 4e c2 21 45 d4 48 8d 3d 9f
0x000000010ac15276:   a2 38 00 be 01 00 00 00 e8 dd 21 fe ff 4c 8d 3d
0x000000010ac15286:   d6 7d 20 00 66 0f 1f 44 00 00 4c 89 f7 e8 8e 0a
0x000000010ac15296:   1a 00 48 89 df be 03 00 00 00 31 d2 e8 b9 cc f4
0x000000010ac152a6:   ff 83 f8 02 74 e4 85 c0 74 2c 4c 89 ff be 6e 06
0x000000010ac152b6:   00 00 e8 c3 6c a1 ff e8 de da f4 ff eb cc 48 8d
0x000000010ac152c6:   3d 95 7d 20 00 be 75 06 00 00 e8 ab 6c a1 ff e8
0x000000010ac152d6:   c6 da f4 ff eb 11 48 8d 3d 35 a2 38 00 be 01 00 



---------------  P R O C E S S  ---------------

VM state: not at safepoint (normal execution)

VM Mutex/Monitor currently owned by a thread: None

Heap address: 0x0000000700000000, size: 4096 MB, Compressed Oops mode: Zero based, Oop shift amount: 3

CDS archive(s) mapped at: [0x0000000800000000-0x0000000800bd8000-0x0000000800bd8000), size 12419072, SharedBaseAddress: 0x0000000800000000, ArchiveRelocationMode: 0.
Compressed class space mapped at: 0x0000000800c00000-0x0000000840c00000, reserved size: 1073741824
Narrow klass base: 0x0000000800000000, Narrow klass shift: 0, Narrow klass range: 0x100000000

GC Precious Log:
<Skipped>

Heap:
 garbage-first heap   total 266240K, used 3355K [0x0000000700000000, 0x0000000800000000)
  region size 2048K, 1 young (2048K), 0 survivors (0K)
 Metaspace       used 346K, committed 512K, reserved 1056768K
  class space    used 26K, committed 128K, reserved 1048576K

Heap Regions: E=young(eden), S=young(survivor), O=old, HS=humongous(starts), HC=humongous(continues), CS=collection set, F=free, OA=open archive, CA=closed archive, TAMS=top-at-mark-start (previous, next)
|   0|0x0000000700000000, 0x0000000700000000, 0x0000000700200000|  0%| F|  |TAMS 0x0000000700000000, 0x0000000700000000| Untracked 
|   1|0x0000000700200000, 0x0000000700200000, 0x0000000700400000|  0%| F|  |TAMS 0x0000000700200000, 0x0000000700200000| Untracked 
|   2|0x0000000700400000, 0x0000000700400000, 0x0000000700600000|  0%| F|  |TAMS 0x0000000700400000, 0x0000000700400000| Untracked 
|   3|0x0000000700600000, 0x0000000700600000, 0x0000000700800000|  0%| F|  |TAMS 0x0000000700600000, 0x0000000700600000| Untracked 
|   4|0x0000000700800000, 0x0000000700800000, 0x0000000700a00000|  0%| F|  |TAMS 0x0000000700800000, 0x0000000700800000| Untracked 
|   5|0x0000000700a00000, 0x0000000700a00000, 0x0000000700c00000|  0%| F|  |TAMS 0x0000000700a00000, 0x0000000700a00000| Untracked 
|   6|0x0000000700c00000, 0x0000000700c00000, 0x0000000700e00000|  0%| F|  |TAMS 0x0000000700c00000, 0x0000000700c00000| Untracked 
|   7|0x0000000700e00000, 0x0000000700e00000, 0x0000000701000000|  0%| F|  |TAMS 0x0000000700e00000, 0x0000000700e00000| Untracked 
|   8|0x0000000701000000, 0x0000000701000000, 0x0000000701200000|  0%| F|  |TAMS 0x0000000701000000, 0x0000000701000000| Untracked 
|   9|0x0000000701200000, 0x0000000701200000, 0x0000000701400000|  0%| F|  |TAMS 0x0000000701200000, 0x0000000701200000| Untracked 
|  10|0x0000000701400000, 0x0000000701400000, 0x0000000701600000|  0%| F|  |TAMS 0x0000000701400000, 0x0000000701400000| Untracked 
|  11|0x0000000701600000, 0x0000000701600000, 0x0000000701800000|  0%| F|  |TAMS 0x0000000701600000, 0x0000000701600000| Untracked 
|  12|0x0000000701800000, 0x0000000701800000, 0x0000000701a00000|  0%| F|  |TAMS 0x0000000701800000, 0x0000000701800000| Untracked 
|  13|0x0000000701a00000, 0x0000000701a00000, 0x0000000701c00000|  0%| F|  |TAMS 0x0000000701a00000, 0x0000000701a00000| Untracked 
|  14|0x0000000701c00000, 0x0000000701c00000, 0x0000000701e00000|  0%| F|  |TAMS 0x0000000701c00000, 0x0000000701c00000| Untracked 
|  15|0x0000000701e00000, 0x0000000701e00000, 0x0000000702000000|  0%| F|  |TAMS 0x0000000701e00000, 0x0000000701e00000| Untracked 
|  16|0x0000000702000000, 0x0000000702000000, 0x0000000702200000|  0%| F|  |TAMS 0x0000000702000000, 0x0000000702000000| Untracked 
|  17|0x0000000702200000, 0x0000000702200000, 0x0000000702400000|  0%| F|  |TAMS 0x0000000702200000, 0x0000000702200000| Untracked 
|  18|0x0000000702400000, 0x0000000702400000, 0x0000000702600000|  0%| F|  |TAMS 0x0000000702400000, 0x0000000702400000| Untracked 
|  19|0x0000000702600000, 0x0000000702600000, 0x0000000702800000|  0%| F|  |TAMS 0x0000000702600000, 0x0000000702600000| Untracked 
|  20|0x0000000702800000, 0x0000000702800000, 0x0000000702a00000|  0%| F|  |TAMS 0x0000000702800000, 0x0000000702800000| Untracked 
|  21|0x0000000702a00000, 0x0000000702a00000, 0x0000000702c00000|  0%| F|  |TAMS 0x0000000702a00000, 0x0000000702a00000| Untracked 
|  22|0x0000000702c00000, 0x0000000702c00000, 0x0000000702e00000|  0%| F|  |TAMS 0x0000000702c00000, 0x0000000702c00000| Untracked 
|  23|0x0000000702e00000, 0x0000000702e00000, 0x0000000703000000|  0%| F|  |TAMS 0x0000000702e00000, 0x0000000702e00000| Untracked 
|  24|0x0000000703000000, 0x0000000703000000, 0x0000000703200000|  0%| F|  |TAMS 0x0000000703000000, 0x0000000703000000| Untracked 
|  25|0x0000000703200000, 0x0000000703200000, 0x0000000703400000|  0%| F|  |TAMS 0x0000000703200000, 0x0000000703200000| Untracked 
|  26|0x0000000703400000, 0x0000000703400000, 0x0000000703600000|  0%| F|  |TAMS 0x0000000703400000, 0x0000000703400000| Untracked 
|  27|0x0000000703600000, 0x0000000703600000, 0x0000000703800000|  0%| F|  |TAMS 0x0000000703600000, 0x0000000703600000| Untracked 
|  28|0x0000000703800000, 0x0000000703800000, 0x0000000703a00000|  0%| F|  |TAMS 0x0000000703800000, 0x0000000703800000| Untracked 
|  29|0x0000000703a00000, 0x0000000703a00000, 0x0000000703c00000|  0%| F|  |TAMS 0x0000000703a00000, 0x0000000703a00000| Untracked 
|  30|0x0000000703c00000, 0x0000000703c00000, 0x0000000703e00000|  0%| F|  |TAMS 0x0000000703c00000, 0x0000000703c00000| Untracked 
|  31|0x0000000703e00000, 0x0000000703e00000, 0x0000000704000000|  0%| F|  |TAMS 0x0000000703e00000, 0x0000000703e00000| Untracked 
|  32|0x0000000704000000, 0x0000000704000000, 0x0000000704200000|  0%| F|  |TAMS 0x0000000704000000, 0x0000000704000000| Untracked 
|  33|0x0000000704200000, 0x0000000704200000, 0x0000000704400000|  0%| F|  |TAMS 0x0000000704200000, 0x0000000704200000| Untracked 
|  34|0x0000000704400000, 0x0000000704400000, 0x0000000704600000|  0%| F|  |TAMS 0x0000000704400000, 0x0000000704400000| Untracked 
|  35|0x0000000704600000, 0x0000000704600000, 0x0000000704800000|  0%| F|  |TAMS 0x0000000704600000, 0x0000000704600000| Untracked 
|  36|0x0000000704800000, 0x0000000704800000, 0x0000000704a00000|  0%| F|  |TAMS 0x0000000704800000, 0x0000000704800000| Untracked 
|  37|0x0000000704a00000, 0x0000000704a00000, 0x0000000704c00000|  0%| F|  |TAMS 0x0000000704a00000, 0x0000000704a00000| Untracked 
|  38|0x0000000704c00000, 0x0000000704c00000, 0x0000000704e00000|  0%| F|  |TAMS 0x0000000704c00000, 0x0000000704c00000| Untracked 
|  39|0x0000000704e00000, 0x0000000704e00000, 0x0000000705000000|  0%| F|  |TAMS 0x0000000704e00000, 0x0000000704e00000| Untracked 
|  40|0x0000000705000000, 0x0000000705000000, 0x0000000705200000|  0%| F|  |TAMS 0x0000000705000000, 0x0000000705000000| Untracked 
|  41|0x0000000705200000, 0x0000000705200000, 0x0000000705400000|  0%| F|  |TAMS 0x0000000705200000, 0x0000000705200000| Untracked 
|  42|0x0000000705400000, 0x0000000705400000, 0x0000000705600000|  0%| F|  |TAMS 0x0000000705400000, 0x0000000705400000| Untracked 
|  43|0x0000000705600000, 0x0000000705600000, 0x0000000705800000|  0%| F|  |TAMS 0x0000000705600000, 0x0000000705600000| Untracked 
|  44|0x0000000705800000, 0x0000000705800000, 0x0000000705a00000|  0%| F|  |TAMS 0x0000000705800000, 0x0000000705800000| Untracked 
|  45|0x0000000705a00000, 0x0000000705a00000, 0x0000000705c00000|  0%| F|  |TAMS 0x0000000705a00000, 0x0000000705a00000| Untracked 
|  46|0x0000000705c00000, 0x0000000705c00000, 0x0000000705e00000|  0%| F|  |TAMS 0x0000000705c00000, 0x0000000705c00000| Untracked 
|  47|0x0000000705e00000, 0x0000000705e00000, 0x0000000706000000|  0%| F|  |TAMS 0x0000000705e00000, 0x0000000705e00000| Untracked 
|  48|0x0000000706000000, 0x0000000706000000, 0x0000000706200000|  0%| F|  |TAMS 0x0000000706000000, 0x0000000706000000| Untracked 
|  49|0x0000000706200000, 0x0000000706200000, 0x0000000706400000|  0%| F|  |TAMS 0x0000000706200000, 0x0000000706200000| Untracked 
|  50|0x0000000706400000, 0x0000000706400000, 0x0000000706600000|  0%| F|  |TAMS 0x0000000706400000, 0x0000000706400000| Untracked 
|  51|0x0000000706600000, 0x0000000706600000, 0x0000000706800000|  0%| F|  |TAMS 0x0000000706600000, 0x0000000706600000| Untracked 
|  52|0x0000000706800000, 0x0000000706800000, 0x0000000706a00000|  0%| F|  |TAMS 0x0000000706800000, 0x0000000706800000| Untracked 
|  53|0x0000000706a00000, 0x0000000706a00000, 0x0000000706c00000|  0%| F|  |TAMS 0x0000000706a00000, 0x0000000706a00000| Untracked 
|  54|0x0000000706c00000, 0x0000000706c00000, 0x0000000706e00000|  0%| F|  |TAMS 0x0000000706c00000, 0x0000000706c00000| Untracked 
|  55|0x0000000706e00000, 0x0000000706e00000, 0x0000000707000000|  0%| F|  |TAMS 0x0000000706e00000, 0x0000000706e00000| Untracked 
|  56|0x0000000707000000, 0x0000000707000000, 0x0000000707200000|  0%| F|  |TAMS 0x0000000707000000, 0x0000000707000000| Untracked 
|  57|0x0000000707200000, 0x0000000707200000, 0x0000000707400000|  0%| F|  |TAMS 0x0000000707200000, 0x0000000707200000| Untracked 
|  58|0x0000000707400000, 0x0000000707400000, 0x0000000707600000|  0%| F|  |TAMS 0x0000000707400000, 0x0000000707400000| Untracked 
|  59|0x0000000707600000, 0x0000000707600000, 0x0000000707800000|  0%| F|  |TAMS 0x0000000707600000, 0x0000000707600000| Untracked 
|  60|0x0000000707800000, 0x0000000707800000, 0x0000000707a00000|  0%| F|  |TAMS 0x0000000707800000, 0x0000000707800000| Untracked 
|  61|0x0000000707a00000, 0x0000000707a00000, 0x0000000707c00000|  0%| F|  |TAMS 0x0000000707a00000, 0x0000000707a00000| Untracked 
|  62|0x0000000707c00000, 0x0000000707c00000, 0x0000000707e00000|  0%| F|  |TAMS 0x0000000707c00000, 0x0000000707c00000| Untracked 
|  63|0x0000000707e00000, 0x0000000707e00000, 0x0000000708000000|  0%| F|  |TAMS 0x0000000707e00000, 0x0000000707e00000| Untracked 
|  64|0x0000000708000000, 0x0000000708000000, 0x0000000708200000|  0%| F|  |TAMS 0x0000000708000000, 0x0000000708000000| Untracked 
|  65|0x0000000708200000, 0x0000000708200000, 0x0000000708400000|  0%| F|  |TAMS 0x0000000708200000, 0x0000000708200000| Untracked 
|  66|0x0000000708400000, 0x0000000708400000, 0x0000000708600000|  0%| F|  |TAMS 0x0000000708400000, 0x0000000708400000| Untracked 
|  67|0x0000000708600000, 0x0000000708600000, 0x0000000708800000|  0%| F|  |TAMS 0x0000000708600000, 0x0000000708600000| Untracked 
|  68|0x0000000708800000, 0x0000000708800000, 0x0000000708a00000|  0%| F|  |TAMS 0x0000000708800000, 0x0000000708800000| Untracked 
|  69|0x0000000708a00000, 0x0000000708a00000, 0x0000000708c00000|  0%| F|  |TAMS 0x0000000708a00000, 0x0000000708a00000| Untracked 
|  70|0x0000000708c00000, 0x0000000708c00000, 0x0000000708e00000|  0%| F|  |TAMS 0x0000000708c00000, 0x0000000708c00000| Untracked 
|  71|0x0000000708e00000, 0x0000000708e00000, 0x0000000709000000|  0%| F|  |TAMS 0x0000000708e00000, 0x0000000708e00000| Untracked 
|  72|0x0000000709000000, 0x0000000709000000, 0x0000000709200000|  0%| F|  |TAMS 0x0000000709000000, 0x0000000709000000| Untracked 
|  73|0x0000000709200000, 0x0000000709200000, 0x0000000709400000|  0%| F|  |TAMS 0x0000000709200000, 0x0000000709200000| Untracked 
|  74|0x0000000709400000, 0x0000000709400000, 0x0000000709600000|  0%| F|  |TAMS 0x0000000709400000, 0x0000000709400000| Untracked 
|  75|0x0000000709600000, 0x0000000709600000, 0x0000000709800000|  0%| F|  |TAMS 0x0000000709600000, 0x0000000709600000| Untracked 
|  76|0x0000000709800000, 0x0000000709800000, 0x0000000709a00000|  0%| F|  |TAMS 0x0000000709800000, 0x0000000709800000| Untracked 
|  77|0x0000000709a00000, 0x0000000709a00000, 0x0000000709c00000|  0%| F|  |TAMS 0x0000000709a00000, 0x0000000709a00000| Untracked 
|  78|0x0000000709c00000, 0x0000000709c00000, 0x0000000709e00000|  0%| F|  |TAMS 0x0000000709c00000, 0x0000000709c00000| Untracked 
|  79|0x0000000709e00000, 0x0000000709e00000, 0x000000070a000000|  0%| F|  |TAMS 0x0000000709e00000, 0x0000000709e00000| Untracked 
|  80|0x000000070a000000, 0x000000070a000000, 0x000000070a200000|  0%| F|  |TAMS 0x000000070a000000, 0x000000070a000000| Untracked 
|  81|0x000000070a200000, 0x000000070a200000, 0x000000070a400000|  0%| F|  |TAMS 0x000000070a200000, 0x000000070a200000| Untracked 
|  82|0x000000070a400000, 0x000000070a400000, 0x000000070a600000|  0%| F|  |TAMS 0x000000070a400000, 0x000000070a400000| Untracked 
|  83|0x000000070a600000, 0x000000070a600000, 0x000000070a800000|  0%| F|  |TAMS 0x000000070a600000, 0x000000070a600000| Untracked 
|  84|0x000000070a800000, 0x000000070a800000, 0x000000070aa00000|  0%| F|  |TAMS 0x000000070a800000, 0x000000070a800000| Untracked 
|  85|0x000000070aa00000, 0x000000070aa00000, 0x000000070ac00000|  0%| F|  |TAMS 0x000000070aa00000, 0x000000070aa00000| Untracked 
|  86|0x000000070ac00000, 0x000000070ac00000, 0x000000070ae00000|  0%| F|  |TAMS 0x000000070ac00000, 0x000000070ac00000| Untracked 
|  87|0x000000070ae00000, 0x000000070ae00000, 0x000000070b000000|  0%| F|  |TAMS 0x000000070ae00000, 0x000000070ae00000| Untracked 
|  88|0x000000070b000000, 0x000000070b000000, 0x000000070b200000|  0%| F|  |TAMS 0x000000070b000000, 0x000000070b000000| Untracked 
|  89|0x000000070b200000, 0x000000070b200000, 0x000000070b400000|  0%| F|  |TAMS 0x000000070b200000, 0x000000070b200000| Untracked 
|  90|0x000000070b400000, 0x000000070b400000, 0x000000070b600000|  0%| F|  |TAMS 0x000000070b400000, 0x000000070b400000| Untracked 
|  91|0x000000070b600000, 0x000000070b600000, 0x000000070b800000|  0%| F|  |TAMS 0x000000070b600000, 0x000000070b600000| Untracked 
|  92|0x000000070b800000, 0x000000070b800000, 0x000000070ba00000|  0%| F|  |TAMS 0x000000070b800000, 0x000000070b800000| Untracked 
|  93|0x000000070ba00000, 0x000000070ba00000, 0x000000070bc00000|  0%| F|  |TAMS 0x000000070ba00000, 0x000000070ba00000| Untracked 
|  94|0x000000070bc00000, 0x000000070bc00000, 0x000000070be00000|  0%| F|  |TAMS 0x000000070bc00000, 0x000000070bc00000| Untracked 
|  95|0x000000070be00000, 0x000000070be00000, 0x000000070c000000|  0%| F|  |TAMS 0x000000070be00000, 0x000000070be00000| Untracked 
|  96|0x000000070c000000, 0x000000070c000000, 0x000000070c200000|  0%| F|  |TAMS 0x000000070c000000, 0x000000070c000000| Untracked 
|  97|0x000000070c200000, 0x000000070c200000, 0x000000070c400000|  0%| F|  |TAMS 0x000000070c200000, 0x000000070c200000| Untracked 
|  98|0x000000070c400000, 0x000000070c400000, 0x000000070c600000|  0%| F|  |TAMS 0x000000070c400000, 0x000000070c400000| Untracked 
|  99|0x000000070c600000, 0x000000070c600000, 0x000000070c800000|  0%| F|  |TAMS 0x000000070c600000, 0x000000070c600000| Untracked 
| 100|0x000000070c800000, 0x000000070c800000, 0x000000070ca00000|  0%| F|  |TAMS 0x000000070c800000, 0x000000070c800000| Untracked 
| 101|0x000000070ca00000, 0x000000070ca00000, 0x000000070cc00000|  0%| F|  |TAMS 0x000000070ca00000, 0x000000070ca00000| Untracked 
| 102|0x000000070cc00000, 0x000000070cc00000, 0x000000070ce00000|  0%| F|  |TAMS 0x000000070cc00000, 0x000000070cc00000| Untracked 
| 103|0x000000070ce00000, 0x000000070ce00000, 0x000000070d000000|  0%| F|  |TAMS 0x000000070ce00000, 0x000000070ce00000| Untracked 
| 104|0x000000070d000000, 0x000000070d000000, 0x000000070d200000|  0%| F|  |TAMS 0x000000070d000000, 0x000000070d000000| Untracked 
| 105|0x000000070d200000, 0x000000070d200000, 0x000000070d400000|  0%| F|  |TAMS 0x000000070d200000, 0x000000070d200000| Untracked 
| 106|0x000000070d400000, 0x000000070d400000, 0x000000070d600000|  0%| F|  |TAMS 0x000000070d400000, 0x000000070d400000| Untracked 
| 107|0x000000070d600000, 0x000000070d600000, 0x000000070d800000|  0%| F|  |TAMS 0x000000070d600000, 0x000000070d600000| Untracked 
| 108|0x000000070d800000, 0x000000070d800000, 0x000000070da00000|  0%| F|  |TAMS 0x000000070d800000, 0x000000070d800000| Untracked 
| 109|0x000000070da00000, 0x000000070da00000, 0x000000070dc00000|  0%| F|  |TAMS 0x000000070da00000, 0x000000070da00000| Untracked 
| 110|0x000000070dc00000, 0x000000070dc00000, 0x000000070de00000|  0%| F|  |TAMS 0x000000070dc00000, 0x000000070dc00000| Untracked 
| 111|0x000000070de00000, 0x000000070de00000, 0x000000070e000000|  0%| F|  |TAMS 0x000000070de00000, 0x000000070de00000| Untracked 
| 112|0x000000070e000000, 0x000000070e000000, 0x000000070e200000|  0%| F|  |TAMS 0x000000070e000000, 0x000000070e000000| Untracked 
| 113|0x000000070e200000, 0x000000070e200000, 0x000000070e400000|  0%| F|  |TAMS 0x000000070e200000, 0x000000070e200000| Untracked 
| 114|0x000000070e400000, 0x000000070e400000, 0x000000070e600000|  0%| F|  |TAMS 0x000000070e400000, 0x000000070e400000| Untracked 
| 115|0x000000070e600000, 0x000000070e600000, 0x000000070e800000|  0%| F|  |TAMS 0x000000070e600000, 0x000000070e600000| Untracked 
| 116|0x000000070e800000, 0x000000070e800000, 0x000000070ea00000|  0%| F|  |TAMS 0x000000070e800000, 0x000000070e800000| Untracked 
| 117|0x000000070ea00000, 0x000000070ea00000, 0x000000070ec00000|  0%| F|  |TAMS 0x000000070ea00000, 0x000000070ea00000| Untracked 
| 118|0x000000070ec00000, 0x000000070ec00000, 0x000000070ee00000|  0%| F|  |TAMS 0x000000070ec00000, 0x000000070ec00000| Untracked 
| 119|0x000000070ee00000, 0x000000070ee00000, 0x000000070f000000|  0%| F|  |TAMS 0x000000070ee00000, 0x000000070ee00000| Untracked 
| 120|0x000000070f000000, 0x000000070f000000, 0x000000070f200000|  0%| F|  |TAMS 0x000000070f000000, 0x000000070f000000| Untracked 
| 121|0x000000070f200000, 0x000000070f200000, 0x000000070f400000|  0%| F|  |TAMS 0x000000070f200000, 0x000000070f200000| Untracked 
| 122|0x000000070f400000, 0x000000070f400000, 0x000000070f600000|  0%| F|  |TAMS 0x000000070f400000, 0x000000070f400000| Untracked 
| 123|0x000000070f600000, 0x000000070f600000, 0x000000070f800000|  0%| F|  |TAMS 0x000000070f600000, 0x000000070f600000| Untracked 
| 124|0x000000070f800000, 0x000000070f800000, 0x000000070fa00000|  0%| F|  |TAMS 0x000000070f800000, 0x000000070f800000| Untracked 
| 125|0x000000070fa00000, 0x000000070fa00000, 0x000000070fc00000|  0%| F|  |TAMS 0x000000070fa00000, 0x000000070fa00000| Untracked 
| 126|0x000000070fc00000, 0x000000070fc00000, 0x000000070fe00000|  0%| F|  |TAMS 0x000000070fc00000, 0x000000070fc00000| Untracked 
| 127|0x000000070fe00000, 0x000000070ff51f40, 0x0000000710000000| 66%| E|  |TAMS 0x000000070fe00000, 0x000000070fe00000| Complete 
|2046|0x00000007ffc00000, 0x00000007ffd76000, 0x00000007ffe00000| 73%|OA|  |TAMS 0x00000007ffc00000, 0x00000007ffc00000| Untracked 
|2047|0x00000007ffe00000, 0x00000007ffe7f000, 0x0000000800000000| 24%|CA|  |TAMS 0x00000007ffe00000, 0x00000007ffe00000| Untracked 

Card table byte_map: [0x000000010b33c000,0x000000010bb3c000] _byte_map_base: 0x0000000107b3c000

Marking Bits (Prev, Next): (CMBitMap*) 0x00007f92b3813c10, (CMBitMap*) 0x00007f92b3813c50
 Prev Bits: [0x000000012c785000, 0x0000000130785000)
 Next Bits: [0x0000000130785000, 0x0000000134785000)

Polling page: 0x00000001092ce000

Metaspace:

Usage:
  Non-class:    339.66 KB used.
      Class:     27.77 KB used.
       Both:    367.43 KB used.

Virtual space:
  Non-class space:        8.00 MB reserved,     448.00 KB (  5%) committed,  1 nodes.
      Class space:        1.00 GB reserved,     128.00 KB ( <1%) committed,  1 nodes.
             Both:        1.01 GB reserved,     576.00 KB ( <1%) committed. 

Chunk freelists:
   Non-Class:  3.93 MB
       Class:  3.72 MB
        Both:  7.66 MB

MaxMetaspaceSize: unlimited
CompressedClassSpaceSize: 1.00 GB
Initial GC threshold: 21.00 MB
Current GC threshold: 21.00 MB
CDS: on
MetaspaceReclaimPolicy: balanced
 - commit_granule_bytes: 65536.
 - commit_granule_words: 8192.
 - virtual_space_node_default_size: 1048576.
 - enlarge_chunks_in_place: 1.
 - new_chunks_are_fully_committed: 0.
 - uncommit_free_chunks: 1.
 - use_allocation_guard: 0.
 - handle_deallocations: 1.


Internal statistics:

num_allocs_failed_limit: 0.
num_arena_births: 50.
num_arena_deaths: 0.
num_vsnodes_births: 2.
num_vsnodes_deaths: 0.
num_space_committed: 9.
num_space_uncommitted: 0.
num_chunks_returned_to_freelist: 0.
num_chunks_taken_from_freelist: 54.
num_chunk_merges: 0.
num_chunk_splits: 39.
num_chunks_enlarged: 25.
num_purges: 0.
num_inconsistent_stats: 0.

CodeHeap 'non-profiled nmethods': size=119168Kb used=59Kb max_used=59Kb free=119108Kb
 bounds [0x0000000125325000, 0x0000000125595000, 0x000000012c785000]
CodeHeap 'profiled nmethods': size=119164Kb used=171Kb max_used=171Kb free=118992Kb
 bounds [0x000000011d785000, 0x000000011d9f5000, 0x0000000124be4000]
CodeHeap 'non-nmethods': size=7428Kb used=1088Kb max_used=1101Kb free=6339Kb
 bounds [0x0000000124be4000, 0x0000000124e54000, 0x0000000125325000]
 total_blobs=518 nmethods=155 adapters=277
 compilation: enabled
              stopped_count=0, restarted_count=0
 full_count=0

Compilation events (20 events):
Event: 0.093 Thread 0x00007f92bb012a00 nmethod 48 0x000000011d78c690 code [0x000000011d78c860, 0x000000011d78cbf0]
Event: 0.093 Thread 0x00007f92bb012a00   49       3       java.lang.invoke.MethodType$ConcurrentWeakInternSet::expungeStaleElements (27 bytes)
Event: 0.094 Thread 0x00007f92bb012a00 nmethod 49 0x000000011d78cd90 code [0x000000011d78cf80, 0x000000011d78d490]
Event: 0.094 Thread 0x00007f92bb012a00   50       3       java.lang.invoke.MemberName::isInvocable (8 bytes)
Event: 0.094 Thread 0x00007f92bb012a00 nmethod 50 0x000000011d78d710 code [0x000000011d78d8c0, 0x000000011d78db50]
Event: 0.094 Thread 0x00007f92bb012a00   51       3       java.lang.invoke.MemberName::testAnyFlags (15 bytes)
Event: 0.094 Thread 0x00007f92bb012a00 nmethod 51 0x000000011d78dc10 code [0x000000011d78ddc0, 0x000000011d78dff0]
Event: 0.094 Thread 0x00007f92bb012a00   55       3       jdk.internal.org.objectweb.asm.ByteVector::putUTF8 (144 bytes)
Event: 0.096 Thread 0x00007f92bb012a00 nmethod 55 0x000000011d78e090 code [0x000000011d78e2e0, 0x000000011d78ec60]
Event: 0.096 Thread 0x00007f92bb012a00   54       3       jdk.internal.org.objectweb.asm.SymbolTable::hash (10 bytes)
Event: 0.096 Thread 0x00007f92bb012a00 nmethod 54 0x000000011d78f090 code [0x000000011d78f240, 0x000000011d78f360]
Event: 0.096 Thread 0x00007f92bb012a00   56       3       jdk.internal.org.objectweb.asm.Symbol::<init> (38 bytes)
Event: 0.096 Thread 0x00007f92bb012a00 nmethod 56 0x000000011d78f410 code [0x000000011d78f5c0, 0x000000011d78f870]
Event: 0.096 Thread 0x00007f92bb012a00   57       3       jdk.internal.org.objectweb.asm.SymbolTable::put (150 bytes)
Event: 0.097 Thread 0x00007f92bb012a00 nmethod 57 0x000000011d78f990 code [0x000000011d78fb80, 0x000000011d790450]
Event: 0.097 Thread 0x00007f92bb012a00   62       3       java.lang.invoke.MethodType::checkSlotCount (33 bytes)
Event: 0.097 Thread 0x00007f92bb012a00 nmethod 62 0x000000011d790710 code [0x000000011d790940, 0x000000011d790fd0]
Event: 0.097 Thread 0x00007f92bb012a00   61       1       java.lang.invoke.MethodType::ptypes (5 bytes)
Event: 0.097 Thread 0x00007f92bb012a00 nmethod 61 0x000000012532b790 code [0x000000012532b920, 0x000000012532b9f0]
Event: 0.097 Thread 0x00007f92bb012a00   65       3       java.lang.invoke.MethodType::parameterType (7 bytes)

GC Heap History (0 events):
No events

Deoptimization events (0 events):
No events

Classes unloaded (0 events):
No events

Classes redefined (0 events):
No events

Internal exceptions (0 events):
No events

VM Operations (0 events):
No events

Events (20 events):
Event: 0.077 loading class java/security/GeneralSecurityException done
Event: 0.077 loading class java/security/NoSuchAlgorithmException done
Event: 0.077 loading class java/security/Key
Event: 0.077 loading class java/security/Key done
Event: 0.077 loading class javax/crypto/NoSuchPaddingException
Event: 0.077 loading class javax/crypto/NoSuchPaddingException done
Event: 0.077 loading class java/security/InvalidKeyException
Event: 0.077 loading class java/security/KeyException
Event: 0.077 loading class java/security/KeyException done
Event: 0.077 loading class java/security/InvalidKeyException done
Event: 0.077 loading class java/security/spec/AlgorithmParameterSpec
Event: 0.077 loading class java/security/spec/AlgorithmParameterSpec done
Event: 0.078 loading class java/io/Reader
Event: 0.078 loading class java/io/Reader done
Event: 0.078 loading class java/io/FileReader
Event: 0.078 loading class java/io/InputStreamReader
Event: 0.078 loading class java/io/InputStreamReader done
Event: 0.078 loading class java/io/FileReader done
Event: 0.079 loading class javax/crypto/Cipher
Event: 0.079 loading class javax/crypto/Cipher done


Dynamic libraries:
0x00000001092a9000 	/Library/Java/JavaVirtualMachines/jdk-17.jdk/Contents/Home/lib/libjli.dylib
0x00007ff823c4e000 	/usr/lib/libz.1.dylib
0x00007ff823d2e000 	/usr/lib/libSystem.B.dylib
0x00007ff823d29000 	/usr/lib/system/libcache.dylib
0x00007ff823ce5000 	/usr/lib/system/libcommonCrypto.dylib
0x00007ff823d0e000 	/usr/lib/system/libcompiler_rt.dylib
0x00007ff823d04000 	/usr/lib/system/libcopyfile.dylib
0x00007ff818cbd000 	/usr/lib/system/libcorecrypto.dylib
0x00007ff818d7b000 	/usr/lib/system/libdispatch.dylib
0x00007ff818f3c000 	/usr/lib/system/libdyld.dylib
0x00007ff823d20000 	/usr/lib/system/libkeymgr.dylib
0x00007ff823cc3000 	/usr/lib/system/libmacho.dylib
0x00007ff823344000 	/usr/lib/system/libquarantine.dylib
0x00007ff823d1e000 	/usr/lib/system/libremovefile.dylib
0x00007ff81ded0000 	/usr/lib/system/libsystem_asl.dylib
0x00007ff818c66000 	/usr/lib/system/libsystem_blocks.dylib
0x00007ff818e00000 	/usr/lib/system/libsystem_c.dylib
0x00007ff823d16000 	/usr/lib/system/libsystem_collections.dylib
0x00007ff8225f8000 	/usr/lib/system/libsystem_configuration.dylib
0x00007ff8218a2000 	/usr/lib/system/libsystem_containermanager.dylib
0x00007ff8239fb000 	/usr/lib/system/libsystem_coreservices.dylib
0x00007ff81b573000 	/usr/lib/system/libsystem_darwin.dylib
0x00007ff823d21000 	/usr/lib/system/libsystem_dnssd.dylib
0x00007ff818dfd000 	/usr/lib/system/libsystem_featureflags.dylib
0x00007ff818f52000 	/usr/lib/system/libsystem_info.dylib
0x00007ff823c61000 	/usr/lib/system/libsystem_m.dylib
0x00007ff818d4f000 	/usr/lib/system/libsystem_malloc.dylib
0x00007ff81de6b000 	/usr/lib/system/libsystem_networkextension.dylib
0x00007ff81b999000 	/usr/lib/system/libsystem_notify.dylib
0x00007ff829fa1000 	/usr/lib/system/libsystem_product_info_filter.dylib
0x00007ff8225fc000 	/usr/lib/system/libsystem_sandbox.dylib
0x00007ff823d1b000 	/usr/lib/system/libsystem_secinit.dylib
0x00007ff818ef8000 	/usr/lib/system/libsystem_kernel.dylib
0x00007ff818f48000 	/usr/lib/system/libsystem_platform.dylib
0x00007ff818f30000 	/usr/lib/system/libsystem_pthread.dylib
0x00007ff81f71e000 	/usr/lib/system/libsystem_symptoms.dylib
0x00007ff818ca4000 	/usr/lib/system/libsystem_trace.dylib
0x00007ff823cf1000 	/usr/lib/system/libunwind.dylib
0x00007ff818c68000 	/usr/lib/system/libxpc.dylib
0x00007ff818ee2000 	/usr/lib/libc++abi.dylib
0x00007ff818dc2000 	/usr/lib/libobjc.A.dylib
0x00007ff823cfc000 	/usr/lib/liboah.dylib
0x00007ff818e89000 	/usr/lib/libc++.1.dylib
0x00007ff82fdae000 	/System/Library/Frameworks/Cocoa.framework/Versions/A/Cocoa
0x00007ff81b9f7000 	/System/Library/Frameworks/AppKit.framework/Versions/C/AppKit
0x00007ff81ef0c000 	/System/Library/Frameworks/CoreData.framework/Versions/A/CoreData
0x00007ff819dfa000 	/System/Library/Frameworks/Foundation.framework/Versions/C/Foundation
0x00007ff81c887000 	/System/Library/PrivateFrameworks/UIFoundation.framework/Versions/A/UIFoundation
0x00007ff829ca4000 	/System/Library/PrivateFrameworks/RemoteViewServices.framework/Versions/A/RemoteViewServices
0x00007ff821f82000 	/System/Library/PrivateFrameworks/XCTTargetBootstrap.framework/Versions/A/XCTTargetBootstrap
0x00007ff825b3a000 	/System/Library/PrivateFrameworks/InternationalSupport.framework/Versions/A/InternationalSupport
0x00007ff825bc4000 	/System/Library/PrivateFrameworks/UserActivity.framework/Versions/A/UserActivity
0x00007ff824f16000 	/usr/lib/libspindump.dylib
0x00007ff81cb16000 	/System/Library/Frameworks/UniformTypeIdentifiers.framework/Versions/A/UniformTypeIdentifiers
0x00007ff8206a7000 	/usr/lib/libapp_launch_measurement.dylib
0x00007ff81f8de000 	/System/Library/PrivateFrameworks/CoreAnalytics.framework/Versions/A/CoreAnalytics
0x00007ff8206aa000 	/System/Library/PrivateFrameworks/CoreAutoLayout.framework/Versions/A/CoreAutoLayout
0x00007ff8218da000 	/System/Library/Frameworks/Metal.framework/Versions/A/Metal
0x00007ff822608000 	/usr/lib/liblangid.dylib
0x00007ff821f87000 	/System/Library/PrivateFrameworks/CoreSVG.framework/Versions/A/CoreSVG
0x00007ff81df00000 	/System/Library/PrivateFrameworks/SkyLight.framework/Versions/A/SkyLight
0x00007ff81e29f000 	/System/Library/Frameworks/CoreGraphics.framework/Versions/A/CoreGraphics
0x00007ff82a364000 	/System/Library/Frameworks/Accelerate.framework/Versions/A/Accelerate
0x00007ff824995000 	/System/Library/PrivateFrameworks/IconServices.framework/Versions/A/IconServices
0x00007ff8218bf000 	/System/Library/Frameworks/IOSurface.framework/Versions/A/IOSurface
0x00007ff81f90c000 	/usr/lib/libDiagnosticMessagesClient.dylib
0x00007ff82da52000 	/System/Library/Frameworks/ApplicationServices.framework/Versions/A/ApplicationServices
0x00007ff821f6e000 	/System/Library/PrivateFrameworks/DFRFoundation.framework/Versions/A/DFRFoundation
0x00007ff81b2df000 	/usr/lib/libicucore.A.dylib
0x00007ff826930000 	/System/Library/Frameworks/AudioToolbox.framework/Versions/A/AudioToolbox
0x00007ff825b46000 	/System/Library/PrivateFrameworks/DataDetectorsCore.framework/Versions/A/DataDetectorsCore
0x00007ff92204b000 	/System/Library/PrivateFrameworks/TextInput.framework/Versions/A/TextInput
0x00007ff81de83000 	/usr/lib/libMobileGestalt.dylib
0x00007ff821c7a000 	/System/Library/Frameworks/Carbon.framework/Versions/A/Frameworks/HIToolbox.framework/Versions/A/HIToolbox
0x00007ff8200a9000 	/System/Library/Frameworks/QuartzCore.framework/Versions/A/QuartzCore
0x00007ff81af84000 	/System/Library/Frameworks/Security.framework/Versions/A/Security
0x00007ff829cdc000 	/System/Library/Frameworks/Carbon.framework/Versions/A/Frameworks/SpeechRecognition.framework/Versions/A/SpeechRecognition
0x00007ff820407000 	/System/Library/PrivateFrameworks/CoreUI.framework/Versions/A/CoreUI
0x00007ff81a84e000 	/System/Library/Frameworks/CoreAudio.framework/Versions/A/CoreAudio
0x00007ff81f9fb000 	/System/Library/Frameworks/DiskArbitration.framework/Versions/A/DiskArbitration
0x00007ff825306000 	/System/Library/PrivateFrameworks/MultitouchSupport.framework/Versions/A/MultitouchSupport
0x00007ff81de82000 	/usr/lib/libenergytrace.dylib
0x00007ff81b8e3000 	/System/Library/Frameworks/IOKit.framework/Versions/A/IOKit
0x00007ff82a0cc000 	/System/Library/Frameworks/CoreServices.framework/Versions/A/CoreServices
0x00007ff820641000 	/System/Library/PrivateFrameworks/PerformanceAnalysis.framework/Versions/A/PerformanceAnalysis
0x00007ffa31d20000 	/System/Library/Frameworks/OpenGL.framework/Versions/A/OpenGL
0x00007ff82326a000 	/System/Library/PrivateFrameworks/MobileKeyBag.framework/Versions/A/MobileKeyBag
0x00007ff81e96b000 	/System/Library/Frameworks/ColorSync.framework/Versions/A/ColorSync
0x00007ff818f7d000 	/System/Library/Frameworks/CoreFoundation.framework/Versions/A/CoreFoundation
0x00007ff8221fe000 	/System/Library/Frameworks/CoreImage.framework/Versions/A/CoreImage
0x00007ff81a662000 	/System/Library/Frameworks/CoreText.framework/Versions/A/CoreText
0x00007ff821fb7000 	/System/Library/Frameworks/ImageIO.framework/Versions/A/ImageIO
0x00007ff823d34000 	/System/Library/PrivateFrameworks/SoftLinking.framework/Versions/A/SoftLinking
0x00007ff8206f2000 	/usr/lib/libxml2.2.dylib
0x00007ff823fb8000 	/usr/lib/libcompression.dylib
0x00007ff825a6d000 	/System/Library/PrivateFrameworks/TextureIO.framework/Versions/A/TextureIO
0x00007ff8246a6000 	/usr/lib/libate.dylib
0x00007ff824482000 	/usr/lib/liblzma.5.dylib
0x00007ff819b0c000 	/System/Library/Frameworks/SystemConfiguration.framework/Versions/A/SystemConfiguration
0x00007ff823d30000 	/usr/lib/libfakelink.dylib
0x00007ff81d9dd000 	/System/Library/Frameworks/CFNetwork.framework/Versions/A/CFNetwork
0x00007ff823e71000 	/usr/lib/libarchive.2.dylib
0x00007ff822604000 	/System/Library/PrivateFrameworks/AppleSystemInfo.framework/Versions/A/AppleSystemInfo
0x00007ff82336b000 	/usr/lib/libbsm.0.dylib
0x00007ff81cfec000 	/usr/lib/libnetwork.dylib
0x00007ff823cc9000 	/usr/lib/system/libkxld.dylib
0x00007ff822f9e000 	/System/Library/PrivateFrameworks/IOMobileFramebuffer.framework/Versions/A/IOMobileFramebuffer
0x00007ffb31701000 	/usr/lib/libCoreEntitlements.dylib
0x00007ff8239dd000 	/System/Library/PrivateFrameworks/AppleFSCompression.framework/Versions/A/AppleFSCompression
0x00007ff823353000 	/usr/lib/libcoretls.dylib
0x00007ff82449c000 	/usr/lib/libcoretls_cfhelpers.dylib
0x00007ff823fb2000 	/usr/lib/libpam.2.dylib
0x00007ff81f33d000 	/usr/lib/libsqlite3.dylib
0x00007ff82450b000 	/usr/lib/libxar.1.dylib
0x00007ff8239ed000 	/usr/lib/libbz2.1.0.dylib
0x00007ff823d35000 	/usr/lib/libpcap.A.dylib
0x00007ff81f716000 	/usr/lib/libdns_services.dylib
0x00007ff823f82000 	/usr/lib/libapple_nghttp2.dylib
0x00007ff823d6f000 	/usr/lib/libiconv.2.dylib
0x00007ff823cc2000 	/usr/lib/libcharset.1.dylib
0x00007ff820675000 	/System/Library/Frameworks/CoreServices.framework/Versions/A/Frameworks/FSEvents.framework/Versions/A/FSEvents
0x00007ff81b57d000 	/System/Library/Frameworks/CoreServices.framework/Versions/A/Frameworks/CarbonCore.framework/Versions/A/CarbonCore
0x00007ff81f95f000 	/System/Library/Frameworks/CoreServices.framework/Versions/A/Frameworks/Metadata.framework/Versions/A/Metadata
0x00007ff823a00000 	/System/Library/Frameworks/CoreServices.framework/Versions/A/Frameworks/OSServices.framework/Versions/A/OSServices
0x00007ff823ef7000 	/System/Library/Frameworks/CoreServices.framework/Versions/A/Frameworks/SearchKit.framework/Versions/A/SearchKit
0x00007ff81f6a8000 	/System/Library/Frameworks/CoreServices.framework/Versions/A/Frameworks/AE.framework/Versions/A/AE
0x00007ff819480000 	/System/Library/Frameworks/CoreServices.framework/Versions/A/Frameworks/LaunchServices.framework/Versions/A/LaunchServices
0x00007ff824433000 	/System/Library/Frameworks/CoreServices.framework/Versions/A/Frameworks/DictionaryServices.framework/Versions/A/DictionaryServices
0x00007ff820682000 	/System/Library/Frameworks/CoreServices.framework/Versions/A/Frameworks/SharedFileList.framework/Versions/A/SharedFileList
0x00007ff823347000 	/usr/lib/libCheckFix.dylib
0x00007ff81dee7000 	/System/Library/PrivateFrameworks/TCC.framework/Versions/A/TCC
0x00007ff82260a000 	/System/Library/PrivateFrameworks/CoreNLP.framework/Versions/A/CoreNLP
0x00007ff81f90f000 	/System/Library/PrivateFrameworks/MetadataUtilities.framework/Versions/A/MetadataUtilities
0x00007ff819bbd000 	/usr/lib/libmecabra.dylib
0x00007ff82337b000 	/usr/lib/libmecab.dylib
0x00007ff819b88000 	/usr/lib/libCRFSuite.dylib
0x00007ff8233d5000 	/usr/lib/libgermantok.dylib
0x00007ff823f5d000 	/usr/lib/libThaiTokenizer.dylib
0x00007ff81fa02000 	/System/Library/Frameworks/Accelerate.framework/Versions/A/Frameworks/vImage.framework/Versions/A/vImage
0x00007ff82a0a3000 	/System/Library/Frameworks/Accelerate.framework/Versions/A/Frameworks/vecLib.framework/Versions/A/vecLib
0x00007ff82454c000 	/System/Library/Frameworks/Accelerate.framework/Versions/A/Frameworks/vecLib.framework/Versions/A/libvMisc.dylib
0x00007ff822dc9000 	/System/Library/Frameworks/Accelerate.framework/Versions/A/Frameworks/vecLib.framework/Versions/A/libvDSP.dylib
0x00007ff8197fc000 	/System/Library/Frameworks/Accelerate.framework/Versions/A/Frameworks/vecLib.framework/Versions/A/libBLAS.dylib
0x00007ff824095000 	/System/Library/Frameworks/Accelerate.framework/Versions/A/Frameworks/vecLib.framework/Versions/A/libLAPACK.dylib
0x00007ff8233d8000 	/System/Library/Frameworks/Accelerate.framework/Versions/A/Frameworks/vecLib.framework/Versions/A/libLinearAlgebra.dylib
0x00007ff823f9a000 	/System/Library/Frameworks/Accelerate.framework/Versions/A/Frameworks/vecLib.framework/Versions/A/libSparseBLAS.dylib
0x00007ff82408f000 	/System/Library/Frameworks/Accelerate.framework/Versions/A/Frameworks/vecLib.framework/Versions/A/libQuadrature.dylib
0x00007ff8226f5000 	/System/Library/Frameworks/Accelerate.framework/Versions/A/Frameworks/vecLib.framework/Versions/A/libBNNS.dylib
0x00007ff819a96000 	/System/Library/Frameworks/Accelerate.framework/Versions/A/Frameworks/vecLib.framework/Versions/A/libSparse.dylib
0x00007ff8226ee000 	/System/Library/PrivateFrameworks/LinguisticData.framework/Versions/A/LinguisticData
0x00007ff819a4c000 	/System/Library/PrivateFrameworks/Lexicon.framework/Versions/A/Lexicon
0x00007ff824545000 	/usr/lib/libChineseTokenizer.dylib
0x00007ff81a1b7000 	/System/Library/PrivateFrameworks/LanguageModeling.framework/Versions/A/LanguageModeling
0x00007ff823f5f000 	/System/Library/PrivateFrameworks/AppleSauce.framework/Versions/A/AppleSauce
0x00007ff822f8c000 	/System/Library/PrivateFrameworks/CoreEmoji.framework/Versions/A/CoreEmoji
0x00007ff823e60000 	/usr/lib/libcmph.dylib
0x00007ff820659000 	/System/Library/Frameworks/OpenDirectory.framework/Versions/A/Frameworks/CFOpenDirectory.framework/Versions/A/CFOpenDirectory
0x00007ff82064d000 	/System/Library/Frameworks/OpenDirectory.framework/Versions/A/OpenDirectory
0x00007ff82449e000 	/System/Library/PrivateFrameworks/APFS.framework/Versions/A/APFS
0x00007ff8232a2000 	/System/Library/Frameworks/SecurityFoundation.framework/Versions/A/SecurityFoundation
0x00007ff824519000 	/usr/lib/libutil.dylib
0x00007ff81b8a7000 	/System/Library/PrivateFrameworks/CoreServicesStore.framework/Versions/A/CoreServicesStore
0x00007ff82451d000 	/usr/lib/libxslt.1.dylib
0x00007ff82332f000 	/System/Library/PrivateFrameworks/BackgroundTaskManagement.framework/Versions/A/BackgroundTaskManagement
0x00007ff82598d000 	/System/Library/Frameworks/ImageIO.framework/Versions/A/Resources/libRadiance.dylib
0x00007ff825996000 	/System/Library/Frameworks/ImageIO.framework/Versions/A/Resources/libJPEG.dylib
0x00007ff8258e5000 	/System/Library/Frameworks/ImageIO.framework/Versions/A/Resources/libPng.dylib
0x00007ff825906000 	/System/Library/Frameworks/ImageIO.framework/Versions/A/Resources/libTIFF.dylib
0x00007ff8259f6000 	/System/Library/Frameworks/ImageIO.framework/Versions/A/Resources/libGIF.dylib
0x00007ff825220000 	/System/Library/Frameworks/ImageIO.framework/Versions/A/Resources/libJP2.dylib
0x00007ff82495b000 	/usr/lib/libexpat.1.dylib
0x00007ff8251d5000 	/System/Library/PrivateFrameworks/AppleJPEG.framework/Versions/A/AppleJPEG
0x00007ff821b3f000 	/System/Library/PrivateFrameworks/FontServices.framework/libFontParser.dylib
0x00007ff81f652000 	/System/Library/PrivateFrameworks/RunningBoardServices.framework/Versions/A/RunningBoardServices
0x00007ff830369000 	/System/Library/PrivateFrameworks/IOSurfaceAccelerator.framework/Versions/A/IOSurfaceAccelerator
0x00007ff825302000 	/System/Library/PrivateFrameworks/WatchdogClient.framework/Versions/A/WatchdogClient
0x00007ff81a2a5000 	/System/Library/Frameworks/CoreDisplay.framework/Versions/A/CoreDisplay
0x00007ff821a3d000 	/System/Library/Frameworks/CoreMedia.framework/Versions/A/CoreMedia
0x00007ff8218d1000 	/System/Library/PrivateFrameworks/IOAccelerator.framework/Versions/A/IOAccelerator
0x00007ff8207d6000 	/System/Library/Frameworks/CoreVideo.framework/Versions/A/CoreVideo
0x00007ff823fb0000 	/System/Library/Frameworks/MetalPerformanceShaders.framework/Versions/A/MetalPerformanceShaders
0x00007ff82533f000 	/System/Library/Frameworks/VideoToolbox.framework/Versions/A/VideoToolbox
0x00007ff81f59c000 	/System/Library/PrivateFrameworks/BaseBoard.framework/Versions/A/BaseBoard
0x00007ff81f323000 	/System/Library/PrivateFrameworks/ProtocolBuffer.framework/Versions/A/ProtocolBuffer
0x00007ff825986000 	/System/Library/PrivateFrameworks/GPUWrangler.framework/Versions/A/GPUWrangler
0x00007ff82596a000 	/System/Library/PrivateFrameworks/IOPresentment.framework/Versions/A/IOPresentment
0x00007ff825990000 	/System/Library/PrivateFrameworks/DSExternalDisplay.framework/Versions/A/DSExternalDisplay
0x00007ffa31d14000 	/System/Library/Frameworks/OpenGL.framework/Versions/A/Libraries/libCoreFSCache.dylib
0x00007ffb1edec000 	/System/Library/PrivateFrameworks/GPUCompiler.framework/Versions/31001/Libraries/libGPUCompilerUtils.dylib
0x00007ff8259fb000 	/System/Library/PrivateFrameworks/CMCaptureCore.framework/Versions/A/CMCaptureCore
0x00007ff824f04000 	/System/Library/PrivateFrameworks/AppServerSupport.framework/Versions/A/AppServerSupport
0x00007ff8271c9000 	/System/Library/PrivateFrameworks/perfdata.framework/Versions/A/perfdata
0x00007ff81a3d1000 	/System/Library/PrivateFrameworks/AudioToolboxCore.framework/Versions/A/AudioToolboxCore
0x00007ff821a1b000 	/System/Library/PrivateFrameworks/caulk.framework/Versions/A/caulk
0x00007ff826adb000 	/usr/lib/libAudioStatistics.dylib
0x00007ff91e7d5000 	/System/Library/PrivateFrameworks/SystemPolicy.framework/Versions/A/SystemPolicy
0x00007ff826d36000 	/usr/lib/libSMC.dylib
0x00007ff82fc61000 	/System/Library/Frameworks/CoreMIDI.framework/Versions/A/CoreMIDI
0x00007ff8258b4000 	/usr/lib/libAudioToolboxUtility.dylib
0x00007ff91a9f9000 	/System/Library/PrivateFrameworks/OSAServicesClient.framework/Versions/A/OSAServicesClient
0x00007ff8271d6000 	/usr/lib/libperfcheck.dylib
0x00007ff91f286000 	/usr/lib/libmis.dylib
0x00007ffa31d6f000 	/System/Library/Frameworks/OpenGL.framework/Versions/A/Libraries/libGLU.dylib
0x00007ffa31d33000 	/System/Library/Frameworks/OpenGL.framework/Versions/A/Libraries/libGFXShared.dylib
0x00007ffa31f3c000 	/System/Library/Frameworks/OpenGL.framework/Versions/A/Libraries/libGL.dylib
0x00007ffa31d3c000 	/System/Library/Frameworks/OpenGL.framework/Versions/A/Libraries/libGLImage.dylib
0x00007ffa31d30000 	/System/Library/Frameworks/OpenGL.framework/Versions/A/Libraries/libCVMSPluginSupport.dylib
0x00007ffa31d1b000 	/System/Library/Frameworks/OpenGL.framework/Versions/A/Libraries/libCoreVMClient.dylib
0x00007ff822586000 	/System/Library/Frameworks/MetalPerformanceShaders.framework/Versions/A/Frameworks/MPSCore.framework/Versions/A/MPSCore
0x00007ff823948000 	/System/Library/Frameworks/MetalPerformanceShaders.framework/Versions/A/Frameworks/MPSImage.framework/Versions/A/MPSImage
0x00007ff8233ee000 	/System/Library/Frameworks/MetalPerformanceShaders.framework/Versions/A/Frameworks/MPSNeuralNetwork.framework/Versions/A/MPSNeuralNetwork
0x00007ff823862000 	/System/Library/Frameworks/MetalPerformanceShaders.framework/Versions/A/Frameworks/MPSMatrix.framework/Versions/A/MPSMatrix
0x00007ff82361d000 	/System/Library/Frameworks/MetalPerformanceShaders.framework/Versions/A/Frameworks/MPSRayIntersector.framework/Versions/A/MPSRayIntersector
0x00007ff82389a000 	/System/Library/Frameworks/MetalPerformanceShaders.framework/Versions/A/Frameworks/MPSNDArray.framework/Versions/A/MPSNDArray
0x00007ffa377f4000 	/System/Library/Frameworks/MetalPerformanceShaders.framework/Versions/A/Frameworks/MPSFunctions.framework/Versions/A/MPSFunctions
0x00007ff8196d8000 	/System/Library/PrivateFrameworks/MetalTools.framework/Versions/A/MetalTools
0x00007ff822602000 	/System/Library/PrivateFrameworks/AggregateDictionary.framework/Versions/A/AggregateDictionary
0x00007ff82473d000 	/usr/lib/libIOReport.dylib
0x00007ffa3334b000 	/System/Library/Frameworks/OpenCL.framework/Versions/A/OpenCL
0x00007ff824aa2000 	/System/Library/PrivateFrameworks/FaceCore.framework/Versions/A/FaceCore
0x00007ff824a93000 	/System/Library/PrivateFrameworks/GraphVisualizer.framework/Versions/A/GraphVisualizer
0x00007ffb1ecf7000 	/System/Library/PrivateFrameworks/FontServices.framework/Versions/A/FontServices
0x00007ff824ebc000 	/System/Library/PrivateFrameworks/OTSVG.framework/Versions/A/OTSVG
0x00007ff8203bc000 	/System/Library/Frameworks/ApplicationServices.framework/Versions/A/Frameworks/ATS.framework/Versions/A/Resources/libFontRegistry.dylib
0x00007ff824f0c000 	/System/Library/PrivateFrameworks/FontServices.framework/libhvf.dylib
0x00007ffb1ecf8000 	/System/Library/PrivateFrameworks/FontServices.framework/libXTFontStaticRegistryData.dylib
0x00007ff82490b000 	/System/Library/PrivateFrameworks/AppleVA.framework/Versions/A/AppleVA
0x00007ff826afb000 	/System/Library/Frameworks/ApplicationServices.framework/Versions/A/Frameworks/ATS.framework/Versions/A/ATS
0x00007ff81ea69000 	/System/Library/Frameworks/ApplicationServices.framework/Versions/A/Frameworks/HIServices.framework/Versions/A/HIServices
0x00007ff825a05000 	/System/Library/Frameworks/ApplicationServices.framework/Versions/A/Frameworks/PrintCore.framework/Versions/A/PrintCore
0x00007ff826e89000 	/System/Library/Frameworks/ApplicationServices.framework/Versions/A/Frameworks/QD.framework/Versions/A/QD
0x00007ff826e81000 	/System/Library/Frameworks/ApplicationServices.framework/Versions/A/Frameworks/ColorSyncLegacy.framework/Versions/A/ColorSyncLegacy
0x00007ff826aeb000 	/System/Library/Frameworks/ApplicationServices.framework/Versions/A/Frameworks/SpeechSynthesis.framework/Versions/A/SpeechSynthesis
0x00007ff8259c6000 	/System/Library/Frameworks/ApplicationServices.framework/Versions/A/Frameworks/ATSUI.framework/Versions/A/ATSUI
0x00007ff826e16000 	/usr/lib/libcups.2.dylib
0x00007ff8271e5000 	/System/Library/Frameworks/Kerberos.framework/Versions/A/Kerberos
0x00007ff8271f4000 	/System/Library/Frameworks/GSS.framework/Versions/A/GSS
0x00007ff826b67000 	/usr/lib/libresolv.9.dylib
0x00007ff824f1b000 	/System/Library/PrivateFrameworks/Heimdal.framework/Versions/A/Heimdal
0x00007ff82dde4000 	/System/Library/Frameworks/Kerberos.framework/Versions/A/Libraries/libHeimdalProxy.dylib
0x00007ff81f726000 	/System/Library/Frameworks/Network.framework/Versions/A/Network
0x00007ff824976000 	/usr/lib/libheimdal-asn1.dylib
0x00007ff82723f000 	/System/Library/PrivateFrameworks/CommonAuth.framework/Versions/A/CommonAuth
0x00007ff826a6d000 	/System/Library/PrivateFrameworks/AudioSession.framework/Versions/A/AudioSession
0x00007ff824a06000 	/System/Library/PrivateFrameworks/MediaExperience.framework/Versions/A/MediaExperience
0x00007ff8268ff000 	/System/Library/PrivateFrameworks/AudioSession.framework/libSessionUtility.dylib
0x00007ff826e95000 	/System/Library/PrivateFrameworks/AudioResourceArbitration.framework/Versions/A/AudioResourceArbitration
0x00007ff82af16000 	/System/Library/PrivateFrameworks/PowerLog.framework/Versions/A/PowerLog
0x00007ff82497f000 	/System/Library/PrivateFrameworks/IconFoundation.framework/Versions/A/IconFoundation
0x00007ff829ccc000 	/System/Library/PrivateFrameworks/SpeechRecognitionCore.framework/Versions/A/SpeechRecognitionCore
0x000000010a2dc000 	/Library/Java/JavaVirtualMachines/jdk-17.jdk/Contents/Home/lib/server/libjvm.dylib
0x00000001092dd000 	/Library/Java/JavaVirtualMachines/jdk-17.jdk/Contents/Home/lib/libjimage.dylib
0x000000010935b000 	/Library/Java/JavaVirtualMachines/jdk-17.jdk/Contents/Home/lib/libjava.dylib
0x0000000109e3d000 	/Library/Java/JavaVirtualMachines/jdk-17.jdk/Contents/Home/lib/libnio.dylib
0x0000000109e77000 	/Library/Java/JavaVirtualMachines/jdk-17.jdk/Contents/Home/lib/libnet.dylib
0x0000000109e59000 	/Library/Java/JavaVirtualMachines/jdk-17.jdk/Contents/Home/lib/libzip.dylib


VM Arguments:
java_command: assets/jars/decrypt.jar -d assets/datapacks/TSC2020_InternalDatapack_encrypted_13Feb2021.txt assets/datapacks/Hominids_wImages_GTS2020_Encrypted.dpk assets/datapacks/Australia Mappack GTS2016 ENCRYPTED PUBLIC.mdpk assets/datapacks/Belgium_GTS2020.mdpk assets/datapacks/SouthAmericaEncrypted_29Apr2019.mdpk assets/datapacks/AfricaBight.map assets/datapacks/BritishMappackPUBLIC_GTS2016_15July2016.mdpk assets/datapacks/TimeTree_of_Life_GTS2020_ENCRYPTED_23Jan2020.dpk -dest assets/decrypted
java_class_path (initial): assets/jars/decrypt.jar
Launcher Type: SUN_STANDARD

[Global flags]
     intx CICompilerCount                          = 12                                        {product} {ergonomic}
     uint ConcGCThreads                            = 3                                         {product} {ergonomic}
     uint G1ConcRefinementThreads                  = 13                                        {product} {ergonomic}
   size_t G1HeapRegionSize                         = 2097152                                   {product} {ergonomic}
    uintx GCDrainStackTargetSize                   = 64                                        {product} {ergonomic}
   size_t InitialHeapSize                          = 268435456                                 {product} {ergonomic}
   size_t MarkStackSize                            = 4194304                                   {product} {ergonomic}
   size_t MaxHeapSize                              = 4294967296                                {product} {ergonomic}
   size_t MaxNewSize                               = 2575302656                                {product} {ergonomic}
   size_t MinHeapDeltaBytes                        = 2097152                                   {product} {ergonomic}
   size_t MinHeapSize                              = 8388608                                   {product} {ergonomic}
    uintx NonNMethodCodeHeapSize                   = 7602480                                {pd product} {ergonomic}
    uintx NonProfiledCodeHeapSize                  = 122027880                              {pd product} {ergonomic}
    uintx ProfiledCodeHeapSize                     = 122027880                              {pd product} {ergonomic}
    uintx ReservedCodeCacheSize                    = 251658240                              {pd product} {ergonomic}
     bool SegmentedCodeCache                       = true                                      {product} {ergonomic}
   size_t SoftMaxHeapSize                          = 4294967296                             {manageable} {ergonomic}
     bool UseCompressedClassPointers               = true                           {product lp64_product} {ergonomic}
     bool UseCompressedOops                        = true                           {product lp64_product} {ergonomic}
     bool UseG1GC                                  = true                                      {product} {ergonomic}
     bool UseNUMA                                  = false                                     {product} {ergonomic}
     bool UseNUMAInterleaving                      = false                                     {product} {ergonomic}

Logging:
Log output configuration:
 #0: stdout all=warning uptime,level,tags
 #1: stderr all=off uptime,level,tags

Environment Variables:
PATH=/private/var/folders/zb/68ny12xs2vg3xhcvwzq7z6kc0000gn/T/xfs-4ad01677:/Users/jay/anaconda3/bin:/Users/jay/anaconda3/condabin:/usr/local/sbin:/Library/Frameworks/Python.framework/Versions/3.9/bin:/usr/local/bin:/usr/bin:/bin:/usr/sbin:/sbin:/Library/Apple/usr/bin:/Users/jay/.cargo/bin
SHELL=/bin/zsh
LANG=en_US.UTF-8

Signal Handlers:
   SIGSEGV: _ZL13crash_handleriP9__siginfoPv in libjvm.dylib, mask=11100110000111110111111111111111, flags=SA_RESTART|SA_SIGINFO
    SIGBUS: _ZL13crash_handleriP9__siginfoPv in libjvm.dylib, mask=11100110000111110111111111111111, flags=SA_RESTART|SA_SIGINFO
    SIGFPE: _ZL13crash_handleriP9__siginfoPv in libjvm.dylib, mask=11100110000111110111111111111111, flags=SA_RESTART|SA_SIGINFO
   SIGPIPE: _ZL17javaSignalHandleriP9__siginfoPv in libjvm.dylib, mask=11100110000111110111111111111111, flags=SA_RESTART|SA_SIGINFO
   SIGXFSZ: _ZL17javaSignalHandleriP9__siginfoPv in libjvm.dylib, mask=11100110000111110111111111111111, flags=SA_RESTART|SA_SIGINFO
    SIGILL: _ZL13crash_handleriP9__siginfoPv in libjvm.dylib, mask=11100110000111110111111111111111, flags=SA_RESTART|SA_SIGINFO
   SIGUSR2: _ZL10SR_handleriP9__siginfoP17__darwin_ucontext in libjvm.dylib, mask=00000000000000000000000000000000, flags=SA_RESTART|SA_SIGINFO
    SIGHUP: _ZL11UserHandleriPvS_ in libjvm.dylib, mask=11100110000111110111111111111111, flags=SA_RESTART|SA_SIGINFO
    SIGINT: _ZL11UserHandleriPvS_ in libjvm.dylib, mask=11100110000111110111111111111111, flags=SA_RESTART|SA_SIGINFO
   SIGTERM: _ZL11UserHandleriPvS_ in libjvm.dylib, mask=11100110000111110111111111111111, flags=SA_RESTART|SA_SIGINFO
   SIGQUIT: _ZL11UserHandleriPvS_ in libjvm.dylib, mask=11100110000111110111111111111111, flags=SA_RESTART|SA_SIGINFO
   SIGTRAP: _ZL13crash_handleriP9__siginfoPv in libjvm.dylib, mask=11100110000111110111111111111111, flags=SA_RESTART|SA_SIGINFO


---------------  S Y S T E M  ---------------

OS:
uname: Darwin 21.6.0 Darwin Kernel Version 21.6.0: Wed Oct  4 23:55:28 PDT 2023; root:xnu-8020.240.18.704.15~1/RELEASE_X86_64 x86_64
OS uptime: 1 days 0:29 hours
rlimit (soft/hard): STACK 8192k/65532k , CORE 0k/infinity , NPROC 2784/4176 , NOFILE 10240/infinity , AS infinity/infinity , CPU infinity/infinity , DATA infinity/infinity , FSIZE infinity/infinity , MEMLOCK infinity/infinity , RSS infinity/infinity
load average: 3.07 3.16 2.96

CPU: total 16 (initial active 16) (8 cores per cpu, 2 threads per core) family 6 model 158 stepping 13 microcode 0xfa, cx8, cmov, fxsr, ht, mmx, 3dnowpref, sse, sse2, sse3, ssse3, sse4.1, sse4.2, popcnt, lzcnt, tsc, tscinvbit, avx, avx2, aes, erms, clmul, bmi1, bmi2, adx, fma, vzeroupper, clflush, clflushopt

Memory: 4k page, physical 16777216k(148468k free), swap 1048576k(597760k free)

vm_info: Java HotSpot(TM) 64-Bit Server VM (17.0.6+9-LTS-190) for bsd-amd64 JRE (17.0.6+9-LTS-190), built on Dec  6 2022 15:59:39 by "mach5one" with clang Apple LLVM 12.0.0 (clang-1200.0.32.29)

END.
