#
# A fatal error has been detected by the Java Runtime Environment:
#
#  SIGSEGV (0xb) at pc=0x00000001151471e6, pid=16336, tid=259
#
# JRE version: Java(TM) SE Runtime Environment (17.0.6+9) (build 17.0.6+9-LTS-190)
# Java VM: Java HotSpot(TM) 64-Bit Server VM (17.0.6+9-LTS-190, mixed mode, sharing, tiered, compressed oops, compressed class ptrs, g1 gc, bsd-amd64)
# Problematic frame:
# V  [libjvm.dylib+0x9391e6]  SR_handler(int, __siginfo*, __darwin_ucontext*)+0x46
#
# No core dump will be written. Core dumps have been disabled. To enable core dumping, try "ulimit -c unlimited" before starting Java again
#
# If you would like to submit a bug report, please visit:
#   https://bugreport.java.com/bugreport/crash.jsp
#

---------------  S U M M A R Y ------------

Command Line: assets/jars/decrypt.jar -d assets/datapacks/TSC2020_InternalDatapack_encrypted_13Feb2021.txt assets/datapacks/TimeTree_of_Life_GTS2020_ENCRYPTED_23Jan2020.dpk assets/datapacks/Hominids_wImages_GTS2020_Encrypted.dpk assets/datapacks/Australia Mappack GTS2016 ENCRYPTED PUBLIC.mdpk assets/datapacks/Belgium_GTS2020.mdpk assets/datapacks/SouthAmericaEncrypted_29Apr2019.mdpk assets/datapacks/AfricaBight.map assets/datapacks/BritishMappackPUBLIC_GTS2016_15July2016.mdpk -dest assets/decrypted

Host: "MacBookPro16,1" x86_64 2300 MHz, 16 cores, 16G, Darwin 21.6.0, macOS 12.7.1 (21G920)
Time: Thu Feb  1 22:43:15 2024 EST elapsed time: 0.122886 seconds (0d 0h 0m 0s)

---------------  T H R E A D  ---------------

Current thread is native thread

Stack: [0x00007ff7b482f000,0x00007ff7b502f000],  sp=0x00007ff7b502b900,  free space=8178k
Native frames: (J=compiled Java code, j=interpreted, Vv=VM code, C=native code)
V  [libjvm.dylib+0x9391e6]  SR_handler(int, __siginfo*, __darwin_ucontext*)+0x46
C  [libsystem_platform.dylib+0x3dfd]  _sigtramp+0x1d
C  [libsystem_featureflags.dylib+0x2ed4]
C  [CoreFoundation+0x8029d]  __CFRunLoopServiceMachPort+0x13f
C  [CoreFoundation+0x7e928]  __CFRunLoopRun+0x4fc
C  [CoreFoundation+0x7dd6c]  CFRunLoopRunSpecific+0x232
C  [libjli.dylib+0x70b2]  CreateExecutionEnvironment+0x182
C  [libjli.dylib+0x2c15]  JLI_Launch+0x585
C  [java+0x3c09]  main+0x189
C  0x00000001180f652e


siginfo: si_signo: 11 (SIGSEGV), si_code: 1 (SEGV_MAPERR), si_addr: 0x0000000000000260

Registers:
RAX=0x0000000000000000, RBX=0x0000000000000000, RCX=0x0000000000000000, RDX=0x0000000000000000
RSP=0x00007ff7b502b900, RBP=0x00007ff7b502b930, RSI=0x00007ff7b502b900, RDI=0x000000000000010a
R8 =0x00007ff7b502bdd0, R9 =0x1912241d8e3ac260, R10=0x00000001181716ac, R11=0x0000000000000246
R12=0x0000000000000001, R13=0x00007ff7b502c070, R14=0x00007ff7b502bdd0, R15=0x00007ff7b502bd68
RIP=0x00000001151471e6, EFLAGS=0x0000000000010202, ERR=0x0000000000000004
  TRAPNO=0x000000000000000e

Top of Stack: (sp=0x00007ff7b502b900)
0x00007ff7b502b900:   0000000100000698 00007ff7b502bdd0
0x00007ff7b502b910:   1912241d8e3ac260 00007ff7b502c070
0x00007ff7b502b920:   0000000000000000 0000000007000806
0x00007ff7b502b930:   00007ff7b502b940 00007ff812f4edfd
0x00007ff7b502b940:   00007ff7b502bee0 00007ff812e02ed4
0x00007ff7b502b950:   00007ff7b502b980 00007ff812e040d1
0x00007ff7b502b960:   0100001f00000085 0000000000000000
0x00007ff7b502b970:   0000000010004005 0000000000000c00
0x00007ff7b502b980:   00007ff7b502be88 0000000000000000
0x00007ff7b502b990:   00007ff7b502c070 0000000007000806
0x00007ff7b502b9a0:   00007ff7b502bee0 00007ff7b502be88
0x00007ff7b502b9b0:   0000000000001003 00000000ffffffff
0x00007ff7b502b9c0:   0000000000000c00 0000000000000206
0x00007ff7b502b9d0:   0000000000001003 00007ff7b502c070
0x00007ff7b502b9e0:   0000000000000000 0000000007000806
0x00007ff7b502b9f0:   00007ff812efc96a 0000000000000206
0x00007ff7b502ba00:   0000000000000007 0000000000000000
0x00007ff7b502ba10:   0000000000000000 0000000000000000
0x00007ff7b502ba20:   000000000000037f 0000000000000000
0x00007ff7b502ba30:   0000000000000000 0000ffff00001fa1
0x00007ff7b502ba40:   0000000000000000 000000000000ffff
0x00007ff7b502ba50:   0000000000000000 0000000000000000
0x00007ff7b502ba60:   0000000000000000 0000000000000000
0x00007ff7b502ba70:   0000000000000000 0000000000000000
0x00007ff7b502ba80:   0000000000000000 0000000000000000
0x00007ff7b502ba90:   0000000000000000 000000000000ffff
0x00007ff7b502baa0:   0000000001f00ba6 000000000000ffff
0x00007ff7b502bab0:   00000000ffffd080 000000000000ffff
0x00007ff7b502bac0:   41c5b64e298df9cf 0000000000000000
0x00007ff7b502bad0:   3fbbf39d1b2e59af 0000000000000000
0x00007ff7b502bae0:   43e0000000000000 0000000000000000
0x00007ff7b502baf0:   41ee185580000000 0000000000000000 

Instructions: (pc=0x00000001151471e6)
0x00000001151470e6:   00 00 d3 e2 31 c9 83 f8 20 0f 4f d1 89 15 a8 5d
0x00000001151470f6:   36 00 c7 45 f4 42 00 00 00 48 8d 05 9a 00 00 00
0x0000000115147106:   48 89 45 e8 48 8d 55 f0 bf 01 00 00 00 31 f6 e8
0x0000000115147116:   76 0b 1a 00 81 65 f0 67 f9 ff ff 8b 3d 81 8e 32
0x0000000115147126:   00 48 8d 75 e8 31 d2 e8 e2 0b 1a 00 83 f8 ff 74
0x0000000115147136:   56 8b 1d 6b 8e 32 00 8d 43 ff 83 f8 1e 77 31 bf
0x0000000115147146:   10 00 00 00 be 08 00 00 00 31 d2 e8 2a 80 81 ff
0x0000000115147156:   48 8d 0d bb a1 38 00 48 89 04 d9 48 8b 4d e8 48
0x0000000115147166:   8b 55 f0 48 89 50 08 48 89 08 8b 1d 32 8e 32 00
0x0000000115147176:   48 63 c3 48 8d 0d 50 a4 38 00 c6 04 08 01 31 c0
0x0000000115147186:   48 83 c4 18 5b 5d c3 b8 ff ff ff ff 48 83 c4 18
0x0000000115147196:   5b 5d c3 0f 1f 80 00 00 00 00 55 48 89 e5 41 57
0x00000001151471a6:   41 56 41 55 41 54 53 50 49 89 d6 49 89 f7 e8 6b
0x00000001151471b6:   07 1a 00 44 8b 20 c7 45 d0 98 06 00 00 31 db 48
0x00000001151471c6:   8d 75 d0 bf 02 00 00 00 31 d2 e8 bb 0a 1a 00 e8
0x00000001151471d6:   b6 6c 0c 00 84 c0 74 08 e8 bd 6c 0c 00 48 89 c3
0x00000001151471e6:   48 83 bb 60 02 00 00 00 0f 84 11 01 00 00 48 8b
0x00000001151471f6:   83 28 02 00 00 8b 48 2c 83 f9 01 0f 85 f6 00 00
0x0000000115147206:   00 4c 89 70 38 4c 89 78 30 48 8d 58 2c 4c 8d 68
0x0000000115147216:   30 48 89 df be 01 00 00 00 ba 02 00 00 00 e8 37
0x0000000115147226:   cd f4 ff 85 c0 0f 84 bc 00 00 00 83 f8 02 0f 85
0x0000000115147236:   8a 00 00 00 c7 45 d4 00 00 00 00 4c 8d 75 d4 bf
0x0000000115147246:   01 00 00 00 31 f6 4c 89 f2 e8 3c 0a 1a 00 8b 05
0x0000000115147256:   4e 8d 32 00 8d 48 ff ba fe ff ff ff d3 c2 83 f8
0x0000000115147266:   20 b8 ff ff ff ff 0f 4e c2 21 45 d4 48 8d 3d 9f
0x0000000115147276:   a2 38 00 be 01 00 00 00 e8 dd 21 fe ff 4c 8d 3d
0x0000000115147286:   d6 7d 20 00 66 0f 1f 44 00 00 4c 89 f7 e8 8e 0a
0x0000000115147296:   1a 00 48 89 df be 03 00 00 00 31 d2 e8 b9 cc f4
0x00000001151472a6:   ff 83 f8 02 74 e4 85 c0 74 2c 4c 89 ff be 6e 06
0x00000001151472b6:   00 00 e8 c3 6c a1 ff e8 de da f4 ff eb cc 48 8d
0x00000001151472c6:   3d 95 7d 20 00 be 75 06 00 00 e8 ab 6c a1 ff e8
0x00000001151472d6:   c6 da f4 ff eb 11 48 8d 3d 35 a2 38 00 be 01 00 



---------------  P R O C E S S  ---------------

VM state: not at safepoint (normal execution)

VM Mutex/Monitor currently owned by a thread: None

Heap address: 0x0000000700000000, size: 4096 MB, Compressed Oops mode: Zero based, Oop shift amount: 3

CDS archive(s) mapped at: [0x0000000800000000-0x0000000800bd8000-0x0000000800bd8000), size 12419072, SharedBaseAddress: 0x0000000800000000, ArchiveRelocationMode: 0.
Compressed class space mapped at: 0x0000000800c00000-0x0000000840c00000, reserved size: 1073741824
Narrow klass base: 0x0000000800000000, Narrow klass shift: 0, Narrow klass range: 0x100000000

GC Precious Log:
<Skipped>

Heap:
 garbage-first heap   total 266240K, used 2905K [0x0000000700000000, 0x0000000800000000)
  region size 2048K, 1 young (2048K), 0 survivors (0K)
 Metaspace       used 234K, committed 448K, reserved 1056768K
  class space    used 16K, committed 128K, reserved 1048576K

Heap Regions: E=young(eden), S=young(survivor), O=old, HS=humongous(starts), HC=humongous(continues), CS=collection set, F=free, OA=open archive, CA=closed archive, TAMS=top-at-mark-start (previous, next)
|   0|0x0000000700000000, 0x0000000700000000, 0x0000000700200000|  0%| F|  |TAMS 0x0000000700000000, 0x0000000700000000| Untracked 
|   1|0x0000000700200000, 0x0000000700200000, 0x0000000700400000|  0%| F|  |TAMS 0x0000000700200000, 0x0000000700200000| Untracked 
|   2|0x0000000700400000, 0x0000000700400000, 0x0000000700600000|  0%| F|  |TAMS 0x0000000700400000, 0x0000000700400000| Untracked 
|   3|0x0000000700600000, 0x0000000700600000, 0x0000000700800000|  0%| F|  |TAMS 0x0000000700600000, 0x0000000700600000| Untracked 
|   4|0x0000000700800000, 0x0000000700800000, 0x0000000700a00000|  0%| F|  |TAMS 0x0000000700800000, 0x0000000700800000| Untracked 
|   5|0x0000000700a00000, 0x0000000700a00000, 0x0000000700c00000|  0%| F|  |TAMS 0x0000000700a00000, 0x0000000700a00000| Untracked 
|   6|0x0000000700c00000, 0x0000000700c00000, 0x0000000700e00000|  0%| F|  |TAMS 0x0000000700c00000, 0x0000000700c00000| Untracked 
|   7|0x0000000700e00000, 0x0000000700e00000, 0x0000000701000000|  0%| F|  |TAMS 0x0000000700e00000, 0x0000000700e00000| Untracked 
|   8|0x0000000701000000, 0x0000000701000000, 0x0000000701200000|  0%| F|  |TAMS 0x0000000701000000, 0x0000000701000000| Untracked 
|   9|0x0000000701200000, 0x0000000701200000, 0x0000000701400000|  0%| F|  |TAMS 0x0000000701200000, 0x0000000701200000| Untracked 
|  10|0x0000000701400000, 0x0000000701400000, 0x0000000701600000|  0%| F|  |TAMS 0x0000000701400000, 0x0000000701400000| Untracked 
|  11|0x0000000701600000, 0x0000000701600000, 0x0000000701800000|  0%| F|  |TAMS 0x0000000701600000, 0x0000000701600000| Untracked 
|  12|0x0000000701800000, 0x0000000701800000, 0x0000000701a00000|  0%| F|  |TAMS 0x0000000701800000, 0x0000000701800000| Untracked 
|  13|0x0000000701a00000, 0x0000000701a00000, 0x0000000701c00000|  0%| F|  |TAMS 0x0000000701a00000, 0x0000000701a00000| Untracked 
|  14|0x0000000701c00000, 0x0000000701c00000, 0x0000000701e00000|  0%| F|  |TAMS 0x0000000701c00000, 0x0000000701c00000| Untracked 
|  15|0x0000000701e00000, 0x0000000701e00000, 0x0000000702000000|  0%| F|  |TAMS 0x0000000701e00000, 0x0000000701e00000| Untracked 
|  16|0x0000000702000000, 0x0000000702000000, 0x0000000702200000|  0%| F|  |TAMS 0x0000000702000000, 0x0000000702000000| Untracked 
|  17|0x0000000702200000, 0x0000000702200000, 0x0000000702400000|  0%| F|  |TAMS 0x0000000702200000, 0x0000000702200000| Untracked 
|  18|0x0000000702400000, 0x0000000702400000, 0x0000000702600000|  0%| F|  |TAMS 0x0000000702400000, 0x0000000702400000| Untracked 
|  19|0x0000000702600000, 0x0000000702600000, 0x0000000702800000|  0%| F|  |TAMS 0x0000000702600000, 0x0000000702600000| Untracked 
|  20|0x0000000702800000, 0x0000000702800000, 0x0000000702a00000|  0%| F|  |TAMS 0x0000000702800000, 0x0000000702800000| Untracked 
|  21|0x0000000702a00000, 0x0000000702a00000, 0x0000000702c00000|  0%| F|  |TAMS 0x0000000702a00000, 0x0000000702a00000| Untracked 
|  22|0x0000000702c00000, 0x0000000702c00000, 0x0000000702e00000|  0%| F|  |TAMS 0x0000000702c00000, 0x0000000702c00000| Untracked 
|  23|0x0000000702e00000, 0x0000000702e00000, 0x0000000703000000|  0%| F|  |TAMS 0x0000000702e00000, 0x0000000702e00000| Untracked 
|  24|0x0000000703000000, 0x0000000703000000, 0x0000000703200000|  0%| F|  |TAMS 0x0000000703000000, 0x0000000703000000| Untracked 
|  25|0x0000000703200000, 0x0000000703200000, 0x0000000703400000|  0%| F|  |TAMS 0x0000000703200000, 0x0000000703200000| Untracked 
|  26|0x0000000703400000, 0x0000000703400000, 0x0000000703600000|  0%| F|  |TAMS 0x0000000703400000, 0x0000000703400000| Untracked 
|  27|0x0000000703600000, 0x0000000703600000, 0x0000000703800000|  0%| F|  |TAMS 0x0000000703600000, 0x0000000703600000| Untracked 
|  28|0x0000000703800000, 0x0000000703800000, 0x0000000703a00000|  0%| F|  |TAMS 0x0000000703800000, 0x0000000703800000| Untracked 
|  29|0x0000000703a00000, 0x0000000703a00000, 0x0000000703c00000|  0%| F|  |TAMS 0x0000000703a00000, 0x0000000703a00000| Untracked 
|  30|0x0000000703c00000, 0x0000000703c00000, 0x0000000703e00000|  0%| F|  |TAMS 0x0000000703c00000, 0x0000000703c00000| Untracked 
|  31|0x0000000703e00000, 0x0000000703e00000, 0x0000000704000000|  0%| F|  |TAMS 0x0000000703e00000, 0x0000000703e00000| Untracked 
|  32|0x0000000704000000, 0x0000000704000000, 0x0000000704200000|  0%| F|  |TAMS 0x0000000704000000, 0x0000000704000000| Untracked 
|  33|0x0000000704200000, 0x0000000704200000, 0x0000000704400000|  0%| F|  |TAMS 0x0000000704200000, 0x0000000704200000| Untracked 
|  34|0x0000000704400000, 0x0000000704400000, 0x0000000704600000|  0%| F|  |TAMS 0x0000000704400000, 0x0000000704400000| Untracked 
|  35|0x0000000704600000, 0x0000000704600000, 0x0000000704800000|  0%| F|  |TAMS 0x0000000704600000, 0x0000000704600000| Untracked 
|  36|0x0000000704800000, 0x0000000704800000, 0x0000000704a00000|  0%| F|  |TAMS 0x0000000704800000, 0x0000000704800000| Untracked 
|  37|0x0000000704a00000, 0x0000000704a00000, 0x0000000704c00000|  0%| F|  |TAMS 0x0000000704a00000, 0x0000000704a00000| Untracked 
|  38|0x0000000704c00000, 0x0000000704c00000, 0x0000000704e00000|  0%| F|  |TAMS 0x0000000704c00000, 0x0000000704c00000| Untracked 
|  39|0x0000000704e00000, 0x0000000704e00000, 0x0000000705000000|  0%| F|  |TAMS 0x0000000704e00000, 0x0000000704e00000| Untracked 
|  40|0x0000000705000000, 0x0000000705000000, 0x0000000705200000|  0%| F|  |TAMS 0x0000000705000000, 0x0000000705000000| Untracked 
|  41|0x0000000705200000, 0x0000000705200000, 0x0000000705400000|  0%| F|  |TAMS 0x0000000705200000, 0x0000000705200000| Untracked 
|  42|0x0000000705400000, 0x0000000705400000, 0x0000000705600000|  0%| F|  |TAMS 0x0000000705400000, 0x0000000705400000| Untracked 
|  43|0x0000000705600000, 0x0000000705600000, 0x0000000705800000|  0%| F|  |TAMS 0x0000000705600000, 0x0000000705600000| Untracked 
|  44|0x0000000705800000, 0x0000000705800000, 0x0000000705a00000|  0%| F|  |TAMS 0x0000000705800000, 0x0000000705800000| Untracked 
|  45|0x0000000705a00000, 0x0000000705a00000, 0x0000000705c00000|  0%| F|  |TAMS 0x0000000705a00000, 0x0000000705a00000| Untracked 
|  46|0x0000000705c00000, 0x0000000705c00000, 0x0000000705e00000|  0%| F|  |TAMS 0x0000000705c00000, 0x0000000705c00000| Untracked 
|  47|0x0000000705e00000, 0x0000000705e00000, 0x0000000706000000|  0%| F|  |TAMS 0x0000000705e00000, 0x0000000705e00000| Untracked 
|  48|0x0000000706000000, 0x0000000706000000, 0x0000000706200000|  0%| F|  |TAMS 0x0000000706000000, 0x0000000706000000| Untracked 
|  49|0x0000000706200000, 0x0000000706200000, 0x0000000706400000|  0%| F|  |TAMS 0x0000000706200000, 0x0000000706200000| Untracked 
|  50|0x0000000706400000, 0x0000000706400000, 0x0000000706600000|  0%| F|  |TAMS 0x0000000706400000, 0x0000000706400000| Untracked 
|  51|0x0000000706600000, 0x0000000706600000, 0x0000000706800000|  0%| F|  |TAMS 0x0000000706600000, 0x0000000706600000| Untracked 
|  52|0x0000000706800000, 0x0000000706800000, 0x0000000706a00000|  0%| F|  |TAMS 0x0000000706800000, 0x0000000706800000| Untracked 
|  53|0x0000000706a00000, 0x0000000706a00000, 0x0000000706c00000|  0%| F|  |TAMS 0x0000000706a00000, 0x0000000706a00000| Untracked 
|  54|0x0000000706c00000, 0x0000000706c00000, 0x0000000706e00000|  0%| F|  |TAMS 0x0000000706c00000, 0x0000000706c00000| Untracked 
|  55|0x0000000706e00000, 0x0000000706e00000, 0x0000000707000000|  0%| F|  |TAMS 0x0000000706e00000, 0x0000000706e00000| Untracked 
|  56|0x0000000707000000, 0x0000000707000000, 0x0000000707200000|  0%| F|  |TAMS 0x0000000707000000, 0x0000000707000000| Untracked 
|  57|0x0000000707200000, 0x0000000707200000, 0x0000000707400000|  0%| F|  |TAMS 0x0000000707200000, 0x0000000707200000| Untracked 
|  58|0x0000000707400000, 0x0000000707400000, 0x0000000707600000|  0%| F|  |TAMS 0x0000000707400000, 0x0000000707400000| Untracked 
|  59|0x0000000707600000, 0x0000000707600000, 0x0000000707800000|  0%| F|  |TAMS 0x0000000707600000, 0x0000000707600000| Untracked 
|  60|0x0000000707800000, 0x0000000707800000, 0x0000000707a00000|  0%| F|  |TAMS 0x0000000707800000, 0x0000000707800000| Untracked 
|  61|0x0000000707a00000, 0x0000000707a00000, 0x0000000707c00000|  0%| F|  |TAMS 0x0000000707a00000, 0x0000000707a00000| Untracked 
|  62|0x0000000707c00000, 0x0000000707c00000, 0x0000000707e00000|  0%| F|  |TAMS 0x0000000707c00000, 0x0000000707c00000| Untracked 
|  63|0x0000000707e00000, 0x0000000707e00000, 0x0000000708000000|  0%| F|  |TAMS 0x0000000707e00000, 0x0000000707e00000| Untracked 
|  64|0x0000000708000000, 0x0000000708000000, 0x0000000708200000|  0%| F|  |TAMS 0x0000000708000000, 0x0000000708000000| Untracked 
|  65|0x0000000708200000, 0x0000000708200000, 0x0000000708400000|  0%| F|  |TAMS 0x0000000708200000, 0x0000000708200000| Untracked 
|  66|0x0000000708400000, 0x0000000708400000, 0x0000000708600000|  0%| F|  |TAMS 0x0000000708400000, 0x0000000708400000| Untracked 
|  67|0x0000000708600000, 0x0000000708600000, 0x0000000708800000|  0%| F|  |TAMS 0x0000000708600000, 0x0000000708600000| Untracked 
|  68|0x0000000708800000, 0x0000000708800000, 0x0000000708a00000|  0%| F|  |TAMS 0x0000000708800000, 0x0000000708800000| Untracked 
|  69|0x0000000708a00000, 0x0000000708a00000, 0x0000000708c00000|  0%| F|  |TAMS 0x0000000708a00000, 0x0000000708a00000| Untracked 
|  70|0x0000000708c00000, 0x0000000708c00000, 0x0000000708e00000|  0%| F|  |TAMS 0x0000000708c00000, 0x0000000708c00000| Untracked 
|  71|0x0000000708e00000, 0x0000000708e00000, 0x0000000709000000|  0%| F|  |TAMS 0x0000000708e00000, 0x0000000708e00000| Untracked 
|  72|0x0000000709000000, 0x0000000709000000, 0x0000000709200000|  0%| F|  |TAMS 0x0000000709000000, 0x0000000709000000| Untracked 
|  73|0x0000000709200000, 0x0000000709200000, 0x0000000709400000|  0%| F|  |TAMS 0x0000000709200000, 0x0000000709200000| Untracked 
|  74|0x0000000709400000, 0x0000000709400000, 0x0000000709600000|  0%| F|  |TAMS 0x0000000709400000, 0x0000000709400000| Untracked 
|  75|0x0000000709600000, 0x0000000709600000, 0x0000000709800000|  0%| F|  |TAMS 0x0000000709600000, 0x0000000709600000| Untracked 
|  76|0x0000000709800000, 0x0000000709800000, 0x0000000709a00000|  0%| F|  |TAMS 0x0000000709800000, 0x0000000709800000| Untracked 
|  77|0x0000000709a00000, 0x0000000709a00000, 0x0000000709c00000|  0%| F|  |TAMS 0x0000000709a00000, 0x0000000709a00000| Untracked 
|  78|0x0000000709c00000, 0x0000000709c00000, 0x0000000709e00000|  0%| F|  |TAMS 0x0000000709c00000, 0x0000000709c00000| Untracked 
|  79|0x0000000709e00000, 0x0000000709e00000, 0x000000070a000000|  0%| F|  |TAMS 0x0000000709e00000, 0x0000000709e00000| Untracked 
|  80|0x000000070a000000, 0x000000070a000000, 0x000000070a200000|  0%| F|  |TAMS 0x000000070a000000, 0x000000070a000000| Untracked 
|  81|0x000000070a200000, 0x000000070a200000, 0x000000070a400000|  0%| F|  |TAMS 0x000000070a200000, 0x000000070a200000| Untracked 
|  82|0x000000070a400000, 0x000000070a400000, 0x000000070a600000|  0%| F|  |TAMS 0x000000070a400000, 0x000000070a400000| Untracked 
|  83|0x000000070a600000, 0x000000070a600000, 0x000000070a800000|  0%| F|  |TAMS 0x000000070a600000, 0x000000070a600000| Untracked 
|  84|0x000000070a800000, 0x000000070a800000, 0x000000070aa00000|  0%| F|  |TAMS 0x000000070a800000, 0x000000070a800000| Untracked 
|  85|0x000000070aa00000, 0x000000070aa00000, 0x000000070ac00000|  0%| F|  |TAMS 0x000000070aa00000, 0x000000070aa00000| Untracked 
|  86|0x000000070ac00000, 0x000000070ac00000, 0x000000070ae00000|  0%| F|  |TAMS 0x000000070ac00000, 0x000000070ac00000| Untracked 
|  87|0x000000070ae00000, 0x000000070ae00000, 0x000000070b000000|  0%| F|  |TAMS 0x000000070ae00000, 0x000000070ae00000| Untracked 
|  88|0x000000070b000000, 0x000000070b000000, 0x000000070b200000|  0%| F|  |TAMS 0x000000070b000000, 0x000000070b000000| Untracked 
|  89|0x000000070b200000, 0x000000070b200000, 0x000000070b400000|  0%| F|  |TAMS 0x000000070b200000, 0x000000070b200000| Untracked 
|  90|0x000000070b400000, 0x000000070b400000, 0x000000070b600000|  0%| F|  |TAMS 0x000000070b400000, 0x000000070b400000| Untracked 
|  91|0x000000070b600000, 0x000000070b600000, 0x000000070b800000|  0%| F|  |TAMS 0x000000070b600000, 0x000000070b600000| Untracked 
|  92|0x000000070b800000, 0x000000070b800000, 0x000000070ba00000|  0%| F|  |TAMS 0x000000070b800000, 0x000000070b800000| Untracked 
|  93|0x000000070ba00000, 0x000000070ba00000, 0x000000070bc00000|  0%| F|  |TAMS 0x000000070ba00000, 0x000000070ba00000| Untracked 
|  94|0x000000070bc00000, 0x000000070bc00000, 0x000000070be00000|  0%| F|  |TAMS 0x000000070bc00000, 0x000000070bc00000| Untracked 
|  95|0x000000070be00000, 0x000000070be00000, 0x000000070c000000|  0%| F|  |TAMS 0x000000070be00000, 0x000000070be00000| Untracked 
|  96|0x000000070c000000, 0x000000070c000000, 0x000000070c200000|  0%| F|  |TAMS 0x000000070c000000, 0x000000070c000000| Untracked 
|  97|0x000000070c200000, 0x000000070c200000, 0x000000070c400000|  0%| F|  |TAMS 0x000000070c200000, 0x000000070c200000| Untracked 
|  98|0x000000070c400000, 0x000000070c400000, 0x000000070c600000|  0%| F|  |TAMS 0x000000070c400000, 0x000000070c400000| Untracked 
|  99|0x000000070c600000, 0x000000070c600000, 0x000000070c800000|  0%| F|  |TAMS 0x000000070c600000, 0x000000070c600000| Untracked 
| 100|0x000000070c800000, 0x000000070c800000, 0x000000070ca00000|  0%| F|  |TAMS 0x000000070c800000, 0x000000070c800000| Untracked 
| 101|0x000000070ca00000, 0x000000070ca00000, 0x000000070cc00000|  0%| F|  |TAMS 0x000000070ca00000, 0x000000070ca00000| Untracked 
| 102|0x000000070cc00000, 0x000000070cc00000, 0x000000070ce00000|  0%| F|  |TAMS 0x000000070cc00000, 0x000000070cc00000| Untracked 
| 103|0x000000070ce00000, 0x000000070ce00000, 0x000000070d000000|  0%| F|  |TAMS 0x000000070ce00000, 0x000000070ce00000| Untracked 
| 104|0x000000070d000000, 0x000000070d000000, 0x000000070d200000|  0%| F|  |TAMS 0x000000070d000000, 0x000000070d000000| Untracked 
| 105|0x000000070d200000, 0x000000070d200000, 0x000000070d400000|  0%| F|  |TAMS 0x000000070d200000, 0x000000070d200000| Untracked 
| 106|0x000000070d400000, 0x000000070d400000, 0x000000070d600000|  0%| F|  |TAMS 0x000000070d400000, 0x000000070d400000| Untracked 
| 107|0x000000070d600000, 0x000000070d600000, 0x000000070d800000|  0%| F|  |TAMS 0x000000070d600000, 0x000000070d600000| Untracked 
| 108|0x000000070d800000, 0x000000070d800000, 0x000000070da00000|  0%| F|  |TAMS 0x000000070d800000, 0x000000070d800000| Untracked 
| 109|0x000000070da00000, 0x000000070da00000, 0x000000070dc00000|  0%| F|  |TAMS 0x000000070da00000, 0x000000070da00000| Untracked 
| 110|0x000000070dc00000, 0x000000070dc00000, 0x000000070de00000|  0%| F|  |TAMS 0x000000070dc00000, 0x000000070dc00000| Untracked 
| 111|0x000000070de00000, 0x000000070de00000, 0x000000070e000000|  0%| F|  |TAMS 0x000000070de00000, 0x000000070de00000| Untracked 
| 112|0x000000070e000000, 0x000000070e000000, 0x000000070e200000|  0%| F|  |TAMS 0x000000070e000000, 0x000000070e000000| Untracked 
| 113|0x000000070e200000, 0x000000070e200000, 0x000000070e400000|  0%| F|  |TAMS 0x000000070e200000, 0x000000070e200000| Untracked 
| 114|0x000000070e400000, 0x000000070e400000, 0x000000070e600000|  0%| F|  |TAMS 0x000000070e400000, 0x000000070e400000| Untracked 
| 115|0x000000070e600000, 0x000000070e600000, 0x000000070e800000|  0%| F|  |TAMS 0x000000070e600000, 0x000000070e600000| Untracked 
| 116|0x000000070e800000, 0x000000070e800000, 0x000000070ea00000|  0%| F|  |TAMS 0x000000070e800000, 0x000000070e800000| Untracked 
| 117|0x000000070ea00000, 0x000000070ea00000, 0x000000070ec00000|  0%| F|  |TAMS 0x000000070ea00000, 0x000000070ea00000| Untracked 
| 118|0x000000070ec00000, 0x000000070ec00000, 0x000000070ee00000|  0%| F|  |TAMS 0x000000070ec00000, 0x000000070ec00000| Untracked 
| 119|0x000000070ee00000, 0x000000070ee00000, 0x000000070f000000|  0%| F|  |TAMS 0x000000070ee00000, 0x000000070ee00000| Untracked 
| 120|0x000000070f000000, 0x000000070f000000, 0x000000070f200000|  0%| F|  |TAMS 0x000000070f000000, 0x000000070f000000| Untracked 
| 121|0x000000070f200000, 0x000000070f200000, 0x000000070f400000|  0%| F|  |TAMS 0x000000070f200000, 0x000000070f200000| Untracked 
| 122|0x000000070f400000, 0x000000070f400000, 0x000000070f600000|  0%| F|  |TAMS 0x000000070f400000, 0x000000070f400000| Untracked 
| 123|0x000000070f600000, 0x000000070f600000, 0x000000070f800000|  0%| F|  |TAMS 0x000000070f600000, 0x000000070f600000| Untracked 
| 124|0x000000070f800000, 0x000000070f800000, 0x000000070fa00000|  0%| F|  |TAMS 0x000000070f800000, 0x000000070f800000| Untracked 
| 125|0x000000070fa00000, 0x000000070fa00000, 0x000000070fc00000|  0%| F|  |TAMS 0x000000070fa00000, 0x000000070fa00000| Untracked 
| 126|0x000000070fc00000, 0x000000070fc00000, 0x000000070fe00000|  0%| F|  |TAMS 0x000000070fc00000, 0x000000070fc00000| Untracked 
| 127|0x000000070fe00000, 0x000000070fee1490, 0x0000000710000000| 44%| E|  |TAMS 0x000000070fe00000, 0x000000070fe00000| Complete 
|2046|0x00000007ffc00000, 0x00000007ffd76000, 0x00000007ffe00000| 73%|OA|  |TAMS 0x00000007ffc00000, 0x00000007ffc00000| Untracked 
|2047|0x00000007ffe00000, 0x00000007ffe7f000, 0x0000000800000000| 24%|CA|  |TAMS 0x00000007ffe00000, 0x00000007ffe00000| Untracked 

Card table byte_map: [0x0000000114000000,0x0000000114800000] _byte_map_base: 0x0000000110800000

Marking Bits (Prev, Next): (CMBitMap*) 0x00007fcc9780ac10, (CMBitMap*) 0x00007fcc9780ac50
 Prev Bits: [0x000000012e92e000, 0x000000013292e000)
 Next Bits: [0x000000013292e000, 0x000000013692e000)

Polling page: 0x000000010b01f000

Metaspace:

Usage:
  Non-class:    220.48 KB used.
      Class:     17.02 KB used.
       Both:    237.49 KB used.

Virtual space:
  Non-class space:        8.00 MB reserved,     320.00 KB (  4%) committed,  1 nodes.
      Class space:        1.00 GB reserved,     128.00 KB ( <1%) committed,  1 nodes.
             Both:        1.01 GB reserved,     448.00 KB ( <1%) committed. 

Chunk freelists:
   Non-Class:  3.97 MB
       Class:  3.74 MB
        Both:  7.71 MB

MaxMetaspaceSize: unlimited
CompressedClassSpaceSize: 1.00 GB
Initial GC threshold: 21.00 MB
Current GC threshold: 21.00 MB
CDS: on
MetaspaceReclaimPolicy: balanced
 - commit_granule_bytes: 65536.
 - commit_granule_words: 8192.
 - virtual_space_node_default_size: 1048576.
 - enlarge_chunks_in_place: 1.
 - new_chunks_are_fully_committed: 0.
 - uncommit_free_chunks: 1.
 - use_allocation_guard: 0.
 - handle_deallocations: 1.


Internal statistics:

num_allocs_failed_limit: 0.
num_arena_births: 10.
num_arena_deaths: 0.
num_vsnodes_births: 2.
num_vsnodes_deaths: 0.
num_space_committed: 7.
num_space_uncommitted: 0.
num_chunks_returned_to_freelist: 0.
num_chunks_taken_from_freelist: 13.
num_chunk_merges: 0.
num_chunk_splits: 8.
num_chunks_enlarged: 5.
num_purges: 0.
num_inconsistent_stats: 0.

CodeHeap 'non-profiled nmethods': size=119168Kb used=19Kb max_used=19Kb free=119148Kb
 bounds [0x00000001274ce000, 0x000000012773e000, 0x000000012e92e000]
CodeHeap 'profiled nmethods': size=119164Kb used=29Kb max_used=29Kb free=119134Kb
 bounds [0x000000011f92e000, 0x000000011fb9e000, 0x0000000126d8d000]
CodeHeap 'non-nmethods': size=7428Kb used=1080Kb max_used=1080Kb free=6347Kb
 bounds [0x0000000126d8d000, 0x0000000126ffd000, 0x00000001274ce000]
 total_blobs=404 nmethods=47 adapters=272
 compilation: enabled
              stopped_count=0, restarted_count=0
 full_count=0

Compilation events (20 events):
Event: 0.089 Thread 0x00007fcca0008200    4       3       java.lang.String::isLatin1 (19 bytes)
Event: 0.089 Thread 0x00007fcca0008200 nmethod 4 0x000000011f92ed10 code [0x000000011f92eea0, 0x000000011f92f010]
Event: 0.096 Thread 0x00007fcca0008200    5       3       java.lang.String::charAt (25 bytes)
Event: 0.097 Thread 0x00007fcca0008200 nmethod 5 0x000000011f92f090 code [0x000000011f92f280, 0x000000011f92f650]
Event: 0.097 Thread 0x00007fcca0008200    7       3       java.lang.String::length (11 bytes)
Event: 0.097 Thread 0x00007fcca0008200 nmethod 7 0x000000011f92f790 code [0x000000011f92f940, 0x000000011f92fad0]
Event: 0.097 Thread 0x00007fcca0008200    6       3       java.lang.StringLatin1::charAt (28 bytes)
Event: 0.097 Thread 0x00007fcca0008200 nmethod 6 0x000000011f92fb90 code [0x000000011f92fd40, 0x000000011f92ff40]
Event: 0.099 Thread 0x00007fcca0008200    8       3       java.util.concurrent.ConcurrentHashMap::tabAt (22 bytes)
Event: 0.100 Thread 0x00007fcca0008200 nmethod 8 0x000000011f930010 code [0x000000011f9301c0, 0x000000011f9304b0]
Event: 0.100 Thread 0x00007fcca0008200    9       3       jdk.internal.misc.Unsafe::getReferenceAcquire (7 bytes)
Event: 0.100 Thread 0x00007fcca0008200 nmethod 9 0x000000011f930590 code [0x000000011f930720, 0x000000011f930890]
Event: 0.110 Thread 0x00007fcca0008200   15       1       java.lang.Enum::ordinal (5 bytes)
Event: 0.111 Thread 0x00007fcca0008200 nmethod 15 0x00000001274cf190 code [0x00000001274cf320, 0x00000001274cf3f0]
Event: 0.111 Thread 0x00007fcca0008200   16       3       java.util.concurrent.ConcurrentHashMap::spread (10 bytes)
Event: 0.111 Thread 0x00007fcca0008200 nmethod 16 0x000000011f930910 code [0x000000011f930aa0, 0x000000011f930b90]
Event: 0.111 Thread 0x00007fcca0008200   17       3       java.util.Objects::requireNonNull (14 bytes)
Event: 0.111 Thread 0x00007fcca0008200 nmethod 17 0x000000011f930c10 code [0x000000011f930dc0, 0x000000011f930fa0]
Event: 0.112 Thread 0x00007fcca0008200   21       1       java.lang.Class::getClassLoader0 (5 bytes)
Event: 0.112 Thread 0x00007fcca0008200 nmethod 21 0x00000001274cfe90 code [0x00000001274d0020, 0x00000001274d00f0]

GC Heap History (0 events):
No events

Deoptimization events (0 events):
No events

Classes unloaded (0 events):
No events

Classes redefined (0 events):
No events

Internal exceptions (0 events):
No events

VM Operations (0 events):
No events

Events (20 events):
Event: 0.101 loading class java/security/GeneralSecurityException done
Event: 0.101 loading class java/security/NoSuchAlgorithmException done
Event: 0.102 loading class java/security/Key
Event: 0.102 loading class java/security/Key done
Event: 0.102 loading class javax/crypto/NoSuchPaddingException
Event: 0.102 loading class javax/crypto/NoSuchPaddingException done
Event: 0.102 loading class java/security/InvalidKeyException
Event: 0.102 loading class java/security/KeyException
Event: 0.102 loading class java/security/KeyException done
Event: 0.102 loading class java/security/InvalidKeyException done
Event: 0.102 loading class java/security/spec/AlgorithmParameterSpec
Event: 0.102 loading class java/security/spec/AlgorithmParameterSpec done
Event: 0.102 loading class java/io/Reader
Event: 0.102 loading class java/io/Reader done
Event: 0.102 loading class java/io/FileReader
Event: 0.102 loading class java/io/InputStreamReader
Event: 0.102 loading class java/io/InputStreamReader done
Event: 0.102 loading class java/io/FileReader done
Event: 0.103 loading class javax/crypto/Cipher
Event: 0.104 loading class javax/crypto/Cipher done


Dynamic libraries:
0x000000010affa000 	/Library/Java/JavaVirtualMachines/jdk-17.jdk/Contents/Home/lib/libjli.dylib
0x00007ff81dc51000 	/usr/lib/libz.1.dylib
0x00007ff81dd31000 	/usr/lib/libSystem.B.dylib
0x00007ff81dd2c000 	/usr/lib/system/libcache.dylib
0x00007ff81dce8000 	/usr/lib/system/libcommonCrypto.dylib
0x00007ff81dd11000 	/usr/lib/system/libcompiler_rt.dylib
0x00007ff81dd07000 	/usr/lib/system/libcopyfile.dylib
0x00007ff812cc0000 	/usr/lib/system/libcorecrypto.dylib
0x00007ff812d7e000 	/usr/lib/system/libdispatch.dylib
0x00007ff812f3f000 	/usr/lib/system/libdyld.dylib
0x00007ff81dd23000 	/usr/lib/system/libkeymgr.dylib
0x00007ff81dcc6000 	/usr/lib/system/libmacho.dylib
0x00007ff81d347000 	/usr/lib/system/libquarantine.dylib
0x00007ff81dd21000 	/usr/lib/system/libremovefile.dylib
0x00007ff817ed3000 	/usr/lib/system/libsystem_asl.dylib
0x00007ff812c69000 	/usr/lib/system/libsystem_blocks.dylib
0x00007ff812e03000 	/usr/lib/system/libsystem_c.dylib
0x00007ff81dd19000 	/usr/lib/system/libsystem_collections.dylib
0x00007ff81c5fb000 	/usr/lib/system/libsystem_configuration.dylib
0x00007ff81b8a5000 	/usr/lib/system/libsystem_containermanager.dylib
0x00007ff81d9fe000 	/usr/lib/system/libsystem_coreservices.dylib
0x00007ff815576000 	/usr/lib/system/libsystem_darwin.dylib
0x00007ff81dd24000 	/usr/lib/system/libsystem_dnssd.dylib
0x00007ff812e00000 	/usr/lib/system/libsystem_featureflags.dylib
0x00007ff812f55000 	/usr/lib/system/libsystem_info.dylib
0x00007ff81dc64000 	/usr/lib/system/libsystem_m.dylib
0x00007ff812d52000 	/usr/lib/system/libsystem_malloc.dylib
0x00007ff817e6e000 	/usr/lib/system/libsystem_networkextension.dylib
0x00007ff81599c000 	/usr/lib/system/libsystem_notify.dylib
0x00007ff823fa4000 	/usr/lib/system/libsystem_product_info_filter.dylib
0x00007ff81c5ff000 	/usr/lib/system/libsystem_sandbox.dylib
0x00007ff81dd1e000 	/usr/lib/system/libsystem_secinit.dylib
0x00007ff812efb000 	/usr/lib/system/libsystem_kernel.dylib
0x00007ff812f4b000 	/usr/lib/system/libsystem_platform.dylib
0x00007ff812f33000 	/usr/lib/system/libsystem_pthread.dylib
0x00007ff819721000 	/usr/lib/system/libsystem_symptoms.dylib
0x00007ff812ca7000 	/usr/lib/system/libsystem_trace.dylib
0x00007ff81dcf4000 	/usr/lib/system/libunwind.dylib
0x00007ff812c6b000 	/usr/lib/system/libxpc.dylib
0x00007ff812ee5000 	/usr/lib/libc++abi.dylib
0x00007ff812dc5000 	/usr/lib/libobjc.A.dylib
0x00007ff81dcff000 	/usr/lib/liboah.dylib
0x00007ff812e8c000 	/usr/lib/libc++.1.dylib
0x00007ff829db1000 	/System/Library/Frameworks/Cocoa.framework/Versions/A/Cocoa
0x00007ff8159fa000 	/System/Library/Frameworks/AppKit.framework/Versions/C/AppKit
0x00007ff818f0f000 	/System/Library/Frameworks/CoreData.framework/Versions/A/CoreData
0x00007ff813dfd000 	/System/Library/Frameworks/Foundation.framework/Versions/C/Foundation
0x00007ff81688a000 	/System/Library/PrivateFrameworks/UIFoundation.framework/Versions/A/UIFoundation
0x00007ff823ca7000 	/System/Library/PrivateFrameworks/RemoteViewServices.framework/Versions/A/RemoteViewServices
0x00007ff81bf85000 	/System/Library/PrivateFrameworks/XCTTargetBootstrap.framework/Versions/A/XCTTargetBootstrap
0x00007ff81fb3d000 	/System/Library/PrivateFrameworks/InternationalSupport.framework/Versions/A/InternationalSupport
0x00007ff81fbc7000 	/System/Library/PrivateFrameworks/UserActivity.framework/Versions/A/UserActivity
0x00007ff81ef19000 	/usr/lib/libspindump.dylib
0x00007ff816b19000 	/System/Library/Frameworks/UniformTypeIdentifiers.framework/Versions/A/UniformTypeIdentifiers
0x00007ff81a6aa000 	/usr/lib/libapp_launch_measurement.dylib
0x00007ff8198e1000 	/System/Library/PrivateFrameworks/CoreAnalytics.framework/Versions/A/CoreAnalytics
0x00007ff81a6ad000 	/System/Library/PrivateFrameworks/CoreAutoLayout.framework/Versions/A/CoreAutoLayout
0x00007ff81b8dd000 	/System/Library/Frameworks/Metal.framework/Versions/A/Metal
0x00007ff81c60b000 	/usr/lib/liblangid.dylib
0x00007ff81bf8a000 	/System/Library/PrivateFrameworks/CoreSVG.framework/Versions/A/CoreSVG
0x00007ff817f03000 	/System/Library/PrivateFrameworks/SkyLight.framework/Versions/A/SkyLight
0x00007ff8182a2000 	/System/Library/Frameworks/CoreGraphics.framework/Versions/A/CoreGraphics
0x00007ff824367000 	/System/Library/Frameworks/Accelerate.framework/Versions/A/Accelerate
0x00007ff81e998000 	/System/Library/PrivateFrameworks/IconServices.framework/Versions/A/IconServices
0x00007ff81b8c2000 	/System/Library/Frameworks/IOSurface.framework/Versions/A/IOSurface
0x00007ff81990f000 	/usr/lib/libDiagnosticMessagesClient.dylib
0x00007ff827a55000 	/System/Library/Frameworks/ApplicationServices.framework/Versions/A/ApplicationServices
0x00007ff81bf71000 	/System/Library/PrivateFrameworks/DFRFoundation.framework/Versions/A/DFRFoundation
0x00007ff8152e2000 	/usr/lib/libicucore.A.dylib
0x00007ff820933000 	/System/Library/Frameworks/AudioToolbox.framework/Versions/A/AudioToolbox
0x00007ff81fb49000 	/System/Library/PrivateFrameworks/DataDetectorsCore.framework/Versions/A/DataDetectorsCore
0x00007ff91c04e000 	/System/Library/PrivateFrameworks/TextInput.framework/Versions/A/TextInput
0x00007ff817e86000 	/usr/lib/libMobileGestalt.dylib
0x00007ff81bc7d000 	/System/Library/Frameworks/Carbon.framework/Versions/A/Frameworks/HIToolbox.framework/Versions/A/HIToolbox
0x00007ff81a0ac000 	/System/Library/Frameworks/QuartzCore.framework/Versions/A/QuartzCore
0x00007ff814f87000 	/System/Library/Frameworks/Security.framework/Versions/A/Security
0x00007ff823cdf000 	/System/Library/Frameworks/Carbon.framework/Versions/A/Frameworks/SpeechRecognition.framework/Versions/A/SpeechRecognition
0x00007ff81a40a000 	/System/Library/PrivateFrameworks/CoreUI.framework/Versions/A/CoreUI
0x00007ff814851000 	/System/Library/Frameworks/CoreAudio.framework/Versions/A/CoreAudio
0x00007ff8199fe000 	/System/Library/Frameworks/DiskArbitration.framework/Versions/A/DiskArbitration
0x00007ff81f309000 	/System/Library/PrivateFrameworks/MultitouchSupport.framework/Versions/A/MultitouchSupport
0x00007ff817e85000 	/usr/lib/libenergytrace.dylib
0x00007ff8158e6000 	/System/Library/Frameworks/IOKit.framework/Versions/A/IOKit
0x00007ff8240cf000 	/System/Library/Frameworks/CoreServices.framework/Versions/A/CoreServices
0x00007ff81a644000 	/System/Library/PrivateFrameworks/PerformanceAnalysis.framework/Versions/A/PerformanceAnalysis
0x00007ffa2bd23000 	/System/Library/Frameworks/OpenGL.framework/Versions/A/OpenGL
0x00007ff81d26d000 	/System/Library/PrivateFrameworks/MobileKeyBag.framework/Versions/A/MobileKeyBag
0x00007ff81896e000 	/System/Library/Frameworks/ColorSync.framework/Versions/A/ColorSync
0x00007ff812f80000 	/System/Library/Frameworks/CoreFoundation.framework/Versions/A/CoreFoundation
0x00007ff81c201000 	/System/Library/Frameworks/CoreImage.framework/Versions/A/CoreImage
0x00007ff814665000 	/System/Library/Frameworks/CoreText.framework/Versions/A/CoreText
0x00007ff81bfba000 	/System/Library/Frameworks/ImageIO.framework/Versions/A/ImageIO
0x00007ff81dd37000 	/System/Library/PrivateFrameworks/SoftLinking.framework/Versions/A/SoftLinking
0x00007ff81a6f5000 	/usr/lib/libxml2.2.dylib
0x00007ff81dfbb000 	/usr/lib/libcompression.dylib
0x00007ff81fa70000 	/System/Library/PrivateFrameworks/TextureIO.framework/Versions/A/TextureIO
0x00007ff81e6a9000 	/usr/lib/libate.dylib
0x00007ff81e485000 	/usr/lib/liblzma.5.dylib
0x00007ff813b0f000 	/System/Library/Frameworks/SystemConfiguration.framework/Versions/A/SystemConfiguration
0x00007ff81dd33000 	/usr/lib/libfakelink.dylib
0x00007ff8179e0000 	/System/Library/Frameworks/CFNetwork.framework/Versions/A/CFNetwork
0x00007ff81de74000 	/usr/lib/libarchive.2.dylib
0x00007ff81c607000 	/System/Library/PrivateFrameworks/AppleSystemInfo.framework/Versions/A/AppleSystemInfo
0x00007ff81d36e000 	/usr/lib/libbsm.0.dylib
0x00007ff816fef000 	/usr/lib/libnetwork.dylib
0x00007ff81dccc000 	/usr/lib/system/libkxld.dylib
0x00007ff81cfa1000 	/System/Library/PrivateFrameworks/IOMobileFramebuffer.framework/Versions/A/IOMobileFramebuffer
0x00007ffb2b704000 	/usr/lib/libCoreEntitlements.dylib
0x00007ff81d9e0000 	/System/Library/PrivateFrameworks/AppleFSCompression.framework/Versions/A/AppleFSCompression
0x00007ff81d356000 	/usr/lib/libcoretls.dylib
0x00007ff81e49f000 	/usr/lib/libcoretls_cfhelpers.dylib
0x00007ff81dfb5000 	/usr/lib/libpam.2.dylib
0x00007ff819340000 	/usr/lib/libsqlite3.dylib
0x00007ff81e50e000 	/usr/lib/libxar.1.dylib
0x00007ff81d9f0000 	/usr/lib/libbz2.1.0.dylib
0x00007ff81dd38000 	/usr/lib/libpcap.A.dylib
0x00007ff819719000 	/usr/lib/libdns_services.dylib
0x00007ff81df85000 	/usr/lib/libapple_nghttp2.dylib
0x00007ff81dd72000 	/usr/lib/libiconv.2.dylib
0x00007ff81dcc5000 	/usr/lib/libcharset.1.dylib
0x00007ff81a678000 	/System/Library/Frameworks/CoreServices.framework/Versions/A/Frameworks/FSEvents.framework/Versions/A/FSEvents
0x00007ff815580000 	/System/Library/Frameworks/CoreServices.framework/Versions/A/Frameworks/CarbonCore.framework/Versions/A/CarbonCore
0x00007ff819962000 	/System/Library/Frameworks/CoreServices.framework/Versions/A/Frameworks/Metadata.framework/Versions/A/Metadata
0x00007ff81da03000 	/System/Library/Frameworks/CoreServices.framework/Versions/A/Frameworks/OSServices.framework/Versions/A/OSServices
0x00007ff81defa000 	/System/Library/Frameworks/CoreServices.framework/Versions/A/Frameworks/SearchKit.framework/Versions/A/SearchKit
0x00007ff8196ab000 	/System/Library/Frameworks/CoreServices.framework/Versions/A/Frameworks/AE.framework/Versions/A/AE
0x00007ff813483000 	/System/Library/Frameworks/CoreServices.framework/Versions/A/Frameworks/LaunchServices.framework/Versions/A/LaunchServices
0x00007ff81e436000 	/System/Library/Frameworks/CoreServices.framework/Versions/A/Frameworks/DictionaryServices.framework/Versions/A/DictionaryServices
0x00007ff81a685000 	/System/Library/Frameworks/CoreServices.framework/Versions/A/Frameworks/SharedFileList.framework/Versions/A/SharedFileList
0x00007ff81d34a000 	/usr/lib/libCheckFix.dylib
0x00007ff817eea000 	/System/Library/PrivateFrameworks/TCC.framework/Versions/A/TCC
0x00007ff81c60d000 	/System/Library/PrivateFrameworks/CoreNLP.framework/Versions/A/CoreNLP
0x00007ff819912000 	/System/Library/PrivateFrameworks/MetadataUtilities.framework/Versions/A/MetadataUtilities
0x00007ff813bc0000 	/usr/lib/libmecabra.dylib
0x00007ff81d37e000 	/usr/lib/libmecab.dylib
0x00007ff813b8b000 	/usr/lib/libCRFSuite.dylib
0x00007ff81d3d8000 	/usr/lib/libgermantok.dylib
0x00007ff81df60000 	/usr/lib/libThaiTokenizer.dylib
0x00007ff819a05000 	/System/Library/Frameworks/Accelerate.framework/Versions/A/Frameworks/vImage.framework/Versions/A/vImage
0x00007ff8240a6000 	/System/Library/Frameworks/Accelerate.framework/Versions/A/Frameworks/vecLib.framework/Versions/A/vecLib
0x00007ff81e54f000 	/System/Library/Frameworks/Accelerate.framework/Versions/A/Frameworks/vecLib.framework/Versions/A/libvMisc.dylib
0x00007ff81cdcc000 	/System/Library/Frameworks/Accelerate.framework/Versions/A/Frameworks/vecLib.framework/Versions/A/libvDSP.dylib
0x00007ff8137ff000 	/System/Library/Frameworks/Accelerate.framework/Versions/A/Frameworks/vecLib.framework/Versions/A/libBLAS.dylib
0x00007ff81e098000 	/System/Library/Frameworks/Accelerate.framework/Versions/A/Frameworks/vecLib.framework/Versions/A/libLAPACK.dylib
0x00007ff81d3db000 	/System/Library/Frameworks/Accelerate.framework/Versions/A/Frameworks/vecLib.framework/Versions/A/libLinearAlgebra.dylib
0x00007ff81df9d000 	/System/Library/Frameworks/Accelerate.framework/Versions/A/Frameworks/vecLib.framework/Versions/A/libSparseBLAS.dylib
0x00007ff81e092000 	/System/Library/Frameworks/Accelerate.framework/Versions/A/Frameworks/vecLib.framework/Versions/A/libQuadrature.dylib
0x00007ff81c6f8000 	/System/Library/Frameworks/Accelerate.framework/Versions/A/Frameworks/vecLib.framework/Versions/A/libBNNS.dylib
0x00007ff813a99000 	/System/Library/Frameworks/Accelerate.framework/Versions/A/Frameworks/vecLib.framework/Versions/A/libSparse.dylib
0x00007ff81c6f1000 	/System/Library/PrivateFrameworks/LinguisticData.framework/Versions/A/LinguisticData
0x00007ff813a4f000 	/System/Library/PrivateFrameworks/Lexicon.framework/Versions/A/Lexicon
0x00007ff81e548000 	/usr/lib/libChineseTokenizer.dylib
0x00007ff8141ba000 	/System/Library/PrivateFrameworks/LanguageModeling.framework/Versions/A/LanguageModeling
0x00007ff81df62000 	/System/Library/PrivateFrameworks/AppleSauce.framework/Versions/A/AppleSauce
0x00007ff81cf8f000 	/System/Library/PrivateFrameworks/CoreEmoji.framework/Versions/A/CoreEmoji
0x00007ff81de63000 	/usr/lib/libcmph.dylib
0x00007ff81a65c000 	/System/Library/Frameworks/OpenDirectory.framework/Versions/A/Frameworks/CFOpenDirectory.framework/Versions/A/CFOpenDirectory
0x00007ff81a650000 	/System/Library/Frameworks/OpenDirectory.framework/Versions/A/OpenDirectory
0x00007ff81e4a1000 	/System/Library/PrivateFrameworks/APFS.framework/Versions/A/APFS
0x00007ff81d2a5000 	/System/Library/Frameworks/SecurityFoundation.framework/Versions/A/SecurityFoundation
0x00007ff81e51c000 	/usr/lib/libutil.dylib
0x00007ff8158aa000 	/System/Library/PrivateFrameworks/CoreServicesStore.framework/Versions/A/CoreServicesStore
0x00007ff81e520000 	/usr/lib/libxslt.1.dylib
0x00007ff81d332000 	/System/Library/PrivateFrameworks/BackgroundTaskManagement.framework/Versions/A/BackgroundTaskManagement
0x00007ff81f990000 	/System/Library/Frameworks/ImageIO.framework/Versions/A/Resources/libRadiance.dylib
0x00007ff81f999000 	/System/Library/Frameworks/ImageIO.framework/Versions/A/Resources/libJPEG.dylib
0x00007ff81f8e8000 	/System/Library/Frameworks/ImageIO.framework/Versions/A/Resources/libPng.dylib
0x00007ff81f909000 	/System/Library/Frameworks/ImageIO.framework/Versions/A/Resources/libTIFF.dylib
0x00007ff81f9f9000 	/System/Library/Frameworks/ImageIO.framework/Versions/A/Resources/libGIF.dylib
0x00007ff81f223000 	/System/Library/Frameworks/ImageIO.framework/Versions/A/Resources/libJP2.dylib
0x00007ff81e95e000 	/usr/lib/libexpat.1.dylib
0x00007ff81f1d8000 	/System/Library/PrivateFrameworks/AppleJPEG.framework/Versions/A/AppleJPEG
0x00007ff81bb42000 	/System/Library/PrivateFrameworks/FontServices.framework/libFontParser.dylib
0x00007ff819655000 	/System/Library/PrivateFrameworks/RunningBoardServices.framework/Versions/A/RunningBoardServices
0x00007ff82a36c000 	/System/Library/PrivateFrameworks/IOSurfaceAccelerator.framework/Versions/A/IOSurfaceAccelerator
0x00007ff81f305000 	/System/Library/PrivateFrameworks/WatchdogClient.framework/Versions/A/WatchdogClient
0x00007ff8142a8000 	/System/Library/Frameworks/CoreDisplay.framework/Versions/A/CoreDisplay
0x00007ff81ba40000 	/System/Library/Frameworks/CoreMedia.framework/Versions/A/CoreMedia
0x00007ff81b8d4000 	/System/Library/PrivateFrameworks/IOAccelerator.framework/Versions/A/IOAccelerator
0x00007ff81a7d9000 	/System/Library/Frameworks/CoreVideo.framework/Versions/A/CoreVideo
0x00007ff81dfb3000 	/System/Library/Frameworks/MetalPerformanceShaders.framework/Versions/A/MetalPerformanceShaders
0x00007ff81f342000 	/System/Library/Frameworks/VideoToolbox.framework/Versions/A/VideoToolbox
0x00007ff81959f000 	/System/Library/PrivateFrameworks/BaseBoard.framework/Versions/A/BaseBoard
0x00007ff819326000 	/System/Library/PrivateFrameworks/ProtocolBuffer.framework/Versions/A/ProtocolBuffer
0x00007ff81f989000 	/System/Library/PrivateFrameworks/GPUWrangler.framework/Versions/A/GPUWrangler
0x00007ff81f96d000 	/System/Library/PrivateFrameworks/IOPresentment.framework/Versions/A/IOPresentment
0x00007ff81f993000 	/System/Library/PrivateFrameworks/DSExternalDisplay.framework/Versions/A/DSExternalDisplay
0x00007ffa2bd17000 	/System/Library/Frameworks/OpenGL.framework/Versions/A/Libraries/libCoreFSCache.dylib
0x00007ffb18def000 	/System/Library/PrivateFrameworks/GPUCompiler.framework/Versions/31001/Libraries/libGPUCompilerUtils.dylib
0x00007ff81f9fe000 	/System/Library/PrivateFrameworks/CMCaptureCore.framework/Versions/A/CMCaptureCore
0x00007ff81ef07000 	/System/Library/PrivateFrameworks/AppServerSupport.framework/Versions/A/AppServerSupport
0x00007ff8211cc000 	/System/Library/PrivateFrameworks/perfdata.framework/Versions/A/perfdata
0x00007ff8143d4000 	/System/Library/PrivateFrameworks/AudioToolboxCore.framework/Versions/A/AudioToolboxCore
0x00007ff81ba1e000 	/System/Library/PrivateFrameworks/caulk.framework/Versions/A/caulk
0x00007ff820ade000 	/usr/lib/libAudioStatistics.dylib
0x00007ff9187d8000 	/System/Library/PrivateFrameworks/SystemPolicy.framework/Versions/A/SystemPolicy
0x00007ff820d39000 	/usr/lib/libSMC.dylib
0x00007ff829c64000 	/System/Library/Frameworks/CoreMIDI.framework/Versions/A/CoreMIDI
0x00007ff81f8b7000 	/usr/lib/libAudioToolboxUtility.dylib
0x00007ff9149fc000 	/System/Library/PrivateFrameworks/OSAServicesClient.framework/Versions/A/OSAServicesClient
0x00007ff8211d9000 	/usr/lib/libperfcheck.dylib
0x00007ff919289000 	/usr/lib/libmis.dylib
0x00007ffa2bd72000 	/System/Library/Frameworks/OpenGL.framework/Versions/A/Libraries/libGLU.dylib
0x00007ffa2bd36000 	/System/Library/Frameworks/OpenGL.framework/Versions/A/Libraries/libGFXShared.dylib
0x00007ffa2bf3f000 	/System/Library/Frameworks/OpenGL.framework/Versions/A/Libraries/libGL.dylib
0x00007ffa2bd3f000 	/System/Library/Frameworks/OpenGL.framework/Versions/A/Libraries/libGLImage.dylib
0x00007ffa2bd33000 	/System/Library/Frameworks/OpenGL.framework/Versions/A/Libraries/libCVMSPluginSupport.dylib
0x00007ffa2bd1e000 	/System/Library/Frameworks/OpenGL.framework/Versions/A/Libraries/libCoreVMClient.dylib
0x00007ff81c589000 	/System/Library/Frameworks/MetalPerformanceShaders.framework/Versions/A/Frameworks/MPSCore.framework/Versions/A/MPSCore
0x00007ff81d94b000 	/System/Library/Frameworks/MetalPerformanceShaders.framework/Versions/A/Frameworks/MPSImage.framework/Versions/A/MPSImage
0x00007ff81d3f1000 	/System/Library/Frameworks/MetalPerformanceShaders.framework/Versions/A/Frameworks/MPSNeuralNetwork.framework/Versions/A/MPSNeuralNetwork
0x00007ff81d865000 	/System/Library/Frameworks/MetalPerformanceShaders.framework/Versions/A/Frameworks/MPSMatrix.framework/Versions/A/MPSMatrix
0x00007ff81d620000 	/System/Library/Frameworks/MetalPerformanceShaders.framework/Versions/A/Frameworks/MPSRayIntersector.framework/Versions/A/MPSRayIntersector
0x00007ff81d89d000 	/System/Library/Frameworks/MetalPerformanceShaders.framework/Versions/A/Frameworks/MPSNDArray.framework/Versions/A/MPSNDArray
0x00007ffa317f7000 	/System/Library/Frameworks/MetalPerformanceShaders.framework/Versions/A/Frameworks/MPSFunctions.framework/Versions/A/MPSFunctions
0x00007ff8136db000 	/System/Library/PrivateFrameworks/MetalTools.framework/Versions/A/MetalTools
0x00007ff81c605000 	/System/Library/PrivateFrameworks/AggregateDictionary.framework/Versions/A/AggregateDictionary
0x00007ff81e740000 	/usr/lib/libIOReport.dylib
0x00007ffa2d34e000 	/System/Library/Frameworks/OpenCL.framework/Versions/A/OpenCL
0x00007ff81eaa5000 	/System/Library/PrivateFrameworks/FaceCore.framework/Versions/A/FaceCore
0x00007ff81ea96000 	/System/Library/PrivateFrameworks/GraphVisualizer.framework/Versions/A/GraphVisualizer
0x00007ffb18cfa000 	/System/Library/PrivateFrameworks/FontServices.framework/Versions/A/FontServices
0x00007ff81eebf000 	/System/Library/PrivateFrameworks/OTSVG.framework/Versions/A/OTSVG
0x00007ff81a3bf000 	/System/Library/Frameworks/ApplicationServices.framework/Versions/A/Frameworks/ATS.framework/Versions/A/Resources/libFontRegistry.dylib
0x00007ff81ef0f000 	/System/Library/PrivateFrameworks/FontServices.framework/libhvf.dylib
0x00007ffb18cfb000 	/System/Library/PrivateFrameworks/FontServices.framework/libXTFontStaticRegistryData.dylib
0x00007ff81e90e000 	/System/Library/PrivateFrameworks/AppleVA.framework/Versions/A/AppleVA
0x00007ff820afe000 	/System/Library/Frameworks/ApplicationServices.framework/Versions/A/Frameworks/ATS.framework/Versions/A/ATS
0x00007ff818a6c000 	/System/Library/Frameworks/ApplicationServices.framework/Versions/A/Frameworks/HIServices.framework/Versions/A/HIServices
0x00007ff81fa08000 	/System/Library/Frameworks/ApplicationServices.framework/Versions/A/Frameworks/PrintCore.framework/Versions/A/PrintCore
0x00007ff820e8c000 	/System/Library/Frameworks/ApplicationServices.framework/Versions/A/Frameworks/QD.framework/Versions/A/QD
0x00007ff820e84000 	/System/Library/Frameworks/ApplicationServices.framework/Versions/A/Frameworks/ColorSyncLegacy.framework/Versions/A/ColorSyncLegacy
0x00007ff820aee000 	/System/Library/Frameworks/ApplicationServices.framework/Versions/A/Frameworks/SpeechSynthesis.framework/Versions/A/SpeechSynthesis
0x00007ff81f9c9000 	/System/Library/Frameworks/ApplicationServices.framework/Versions/A/Frameworks/ATSUI.framework/Versions/A/ATSUI
0x00007ff820e19000 	/usr/lib/libcups.2.dylib
0x00007ff8211e8000 	/System/Library/Frameworks/Kerberos.framework/Versions/A/Kerberos
0x00007ff8211f7000 	/System/Library/Frameworks/GSS.framework/Versions/A/GSS
0x00007ff820b6a000 	/usr/lib/libresolv.9.dylib
0x00007ff81ef1e000 	/System/Library/PrivateFrameworks/Heimdal.framework/Versions/A/Heimdal
0x00007ff827de7000 	/System/Library/Frameworks/Kerberos.framework/Versions/A/Libraries/libHeimdalProxy.dylib
0x00007ff819729000 	/System/Library/Frameworks/Network.framework/Versions/A/Network
0x00007ff81e979000 	/usr/lib/libheimdal-asn1.dylib
0x00007ff821242000 	/System/Library/PrivateFrameworks/CommonAuth.framework/Versions/A/CommonAuth
0x00007ff820a70000 	/System/Library/PrivateFrameworks/AudioSession.framework/Versions/A/AudioSession
0x00007ff81ea09000 	/System/Library/PrivateFrameworks/MediaExperience.framework/Versions/A/MediaExperience
0x00007ff820902000 	/System/Library/PrivateFrameworks/AudioSession.framework/libSessionUtility.dylib
0x00007ff820e98000 	/System/Library/PrivateFrameworks/AudioResourceArbitration.framework/Versions/A/AudioResourceArbitration
0x00007ff824f19000 	/System/Library/PrivateFrameworks/PowerLog.framework/Versions/A/PowerLog
0x00007ff81e982000 	/System/Library/PrivateFrameworks/IconFoundation.framework/Versions/A/IconFoundation
0x00007ff823ccf000 	/System/Library/PrivateFrameworks/SpeechRecognitionCore.framework/Versions/A/SpeechRecognitionCore
0x000000011480e000 	/Library/Java/JavaVirtualMachines/jdk-17.jdk/Contents/Home/lib/server/libjvm.dylib
0x000000010b02e000 	/Library/Java/JavaVirtualMachines/jdk-17.jdk/Contents/Home/lib/libjimage.dylib
0x000000010b0ac000 	/Library/Java/JavaVirtualMachines/jdk-17.jdk/Contents/Home/lib/libjava.dylib
0x000000010b38e000 	/Library/Java/JavaVirtualMachines/jdk-17.jdk/Contents/Home/lib/libnio.dylib
0x000000010b3c8000 	/Library/Java/JavaVirtualMachines/jdk-17.jdk/Contents/Home/lib/libnet.dylib
0x000000010b3aa000 	/Library/Java/JavaVirtualMachines/jdk-17.jdk/Contents/Home/lib/libzip.dylib


VM Arguments:
java_command: assets/jars/decrypt.jar -d assets/datapacks/TSC2020_InternalDatapack_encrypted_13Feb2021.txt assets/datapacks/TimeTree_of_Life_GTS2020_ENCRYPTED_23Jan2020.dpk assets/datapacks/Hominids_wImages_GTS2020_Encrypted.dpk assets/datapacks/Australia Mappack GTS2016 ENCRYPTED PUBLIC.mdpk assets/datapacks/Belgium_GTS2020.mdpk assets/datapacks/SouthAmericaEncrypted_29Apr2019.mdpk assets/datapacks/AfricaBight.map assets/datapacks/BritishMappackPUBLIC_GTS2016_15July2016.mdpk -dest assets/decrypted
java_class_path (initial): assets/jars/decrypt.jar
Launcher Type: SUN_STANDARD

[Global flags]
     intx CICompilerCount                          = 12                                        {product} {ergonomic}
     uint ConcGCThreads                            = 3                                         {product} {ergonomic}
     uint G1ConcRefinementThreads                  = 13                                        {product} {ergonomic}
   size_t G1HeapRegionSize                         = 2097152                                   {product} {ergonomic}
    uintx GCDrainStackTargetSize                   = 64                                        {product} {ergonomic}
   size_t InitialHeapSize                          = 268435456                                 {product} {ergonomic}
   size_t MarkStackSize                            = 4194304                                   {product} {ergonomic}
   size_t MaxHeapSize                              = 4294967296                                {product} {ergonomic}
   size_t MaxNewSize                               = 2575302656                                {product} {ergonomic}
   size_t MinHeapDeltaBytes                        = 2097152                                   {product} {ergonomic}
   size_t MinHeapSize                              = 8388608                                   {product} {ergonomic}
    uintx NonNMethodCodeHeapSize                   = 7602480                                {pd product} {ergonomic}
    uintx NonProfiledCodeHeapSize                  = 122027880                              {pd product} {ergonomic}
    uintx ProfiledCodeHeapSize                     = 122027880                              {pd product} {ergonomic}
    uintx ReservedCodeCacheSize                    = 251658240                              {pd product} {ergonomic}
     bool SegmentedCodeCache                       = true                                      {product} {ergonomic}
   size_t SoftMaxHeapSize                          = 4294967296                             {manageable} {ergonomic}
     bool UseCompressedClassPointers               = true                           {product lp64_product} {ergonomic}
     bool UseCompressedOops                        = true                           {product lp64_product} {ergonomic}
     bool UseG1GC                                  = true                                      {product} {ergonomic}
     bool UseNUMA                                  = false                                     {product} {ergonomic}
     bool UseNUMAInterleaving                      = false                                     {product} {ergonomic}

Logging:
Log output configuration:
 #0: stdout all=warning uptime,level,tags
 #1: stderr all=off uptime,level,tags

Environment Variables:
PATH=/private/var/folders/zb/68ny12xs2vg3xhcvwzq7z6kc0000gn/T/xfs-0086da55:/Users/jay/anaconda3/bin:/Users/jay/anaconda3/condabin:/usr/local/sbin:/Library/Frameworks/Python.framework/Versions/3.9/bin:/usr/local/bin:/usr/bin:/bin:/usr/sbin:/sbin:/Library/Apple/usr/bin
SHELL=/bin/zsh
LANG=en_US.UTF-8

Signal Handlers:
   SIGSEGV: crash_handler in libjvm.dylib, mask=11100110000111110111111111111111, flags=SA_RESTART|SA_SIGINFO
    SIGBUS: crash_handler in libjvm.dylib, mask=11100110000111110111111111111111, flags=SA_RESTART|SA_SIGINFO
    SIGFPE: crash_handler in libjvm.dylib, mask=11100110000111110111111111111111, flags=SA_RESTART|SA_SIGINFO
   SIGPIPE: javaSignalHandler in libjvm.dylib, mask=11100110000111110111111111111111, flags=SA_RESTART|SA_SIGINFO
   SIGXFSZ: javaSignalHandler in libjvm.dylib, mask=11100110000111110111111111111111, flags=SA_RESTART|SA_SIGINFO
    SIGILL: crash_handler in libjvm.dylib, mask=11100110000111110111111111111111, flags=SA_RESTART|SA_SIGINFO
   SIGUSR2: SR_handler in libjvm.dylib, mask=00000000000000000000000000000000, flags=SA_RESTART|SA_SIGINFO
    SIGHUP: UserHandler in libjvm.dylib, mask=11100110000111110111111111111111, flags=SA_RESTART|SA_SIGINFO
    SIGINT: UserHandler in libjvm.dylib, mask=11100110000111110111111111111111, flags=SA_RESTART|SA_SIGINFO
   SIGTERM: UserHandler in libjvm.dylib, mask=11100110000111110111111111111111, flags=SA_RESTART|SA_SIGINFO
   SIGQUIT: UserHandler in libjvm.dylib, mask=11100110000111110111111111111111, flags=SA_RESTART|SA_SIGINFO
   SIGTRAP: crash_handler in libjvm.dylib, mask=11100110000111110111111111111111, flags=SA_RESTART|SA_SIGINFO


---------------  S Y S T E M  ---------------

OS:
uname: Darwin 21.6.0 Darwin Kernel Version 21.6.0: Wed Oct  4 23:55:28 PDT 2023; root:xnu-8020.240.18.704.15~1/RELEASE_X86_64 x86_64
OS uptime: 1 days 8:55 hours
rlimit (soft/hard): STACK 8192k/65532k , CORE 0k/infinity , NPROC 2784/4176 , NOFILE 10240/infinity , AS infinity/infinity , CPU infinity/infinity , DATA infinity/infinity , FSIZE infinity/infinity , MEMLOCK infinity/infinity , RSS infinity/infinity
load average: 4.09 3.77 4.54

CPU: total 16 (initial active 16) (8 cores per cpu, 2 threads per core) family 6 model 158 stepping 13 microcode 0xfa, cx8, cmov, fxsr, ht, mmx, 3dnowpref, sse, sse2, sse3, ssse3, sse4.1, sse4.2, popcnt, lzcnt, tsc, tscinvbit, avx, avx2, aes, erms, clmul, bmi1, bmi2, adx, fma, vzeroupper, clflush, clflushopt

Memory: 4k page, physical 16777216k(157288k free), swap 7340032k(1435392k free)

vm_info: Java HotSpot(TM) 64-Bit Server VM (17.0.6+9-LTS-190) for bsd-amd64 JRE (17.0.6+9-LTS-190), built on Dec  6 2022 15:59:39 by "mach5one" with clang Apple LLVM 12.0.0 (clang-1200.0.32.29)

END.
