#
# A fatal error has been detected by the Java Runtime Environment:
#
#  SIGSEGV (0xb) at pc=0x000000010e5ff1e6, pid=17988, tid=259
#
# JRE version: Java(TM) SE Runtime Environment (17.0.6+9) (build 17.0.6+9-LTS-190)
# Java VM: Java HotSpot(TM) 64-Bit Server VM (17.0.6+9-LTS-190, mixed mode, sharing, tiered, compressed oops, compressed class ptrs, g1 gc, bsd-amd64)
# Problematic frame:
# V  [libjvm.dylib+0x9391e6]  SR_handler(int, __siginfo*, __darwin_ucontext*)+0x46
#
# No core dump will be written. Core dumps have been disabled. To enable core dumping, try "ulimit -c unlimited" before starting Java again
#
# If you would like to submit a bug report, please visit:
#   https://bugreport.java.com/bugreport/crash.jsp
#

---------------  S U M M A R Y ------------

Command Line: -Xmx512m -XX:MaxDirectMemorySize=64m -XX:MaxRAM=1g assets/jars/TSCreatorBASE-8.1_22January2024.jar -node -s public/charts/09f7966ab48c800e09cbd6f499f35b8c/settings.tsc -ss public/charts/09f7966ab48c800e09cbd6f499f35b8c/settings.tsc -d assets/datapacks/Australia Mappack GTS2016 ENCRYPTED PUBLIC.mdpk -o public/charts/09f7966ab48c800e09cbd6f499f35b8c/chart.pdf -a

Host: "MacBookPro16,1" x86_64 2300 MHz, 16 cores, 16G, Darwin 21.6.0, macOS 12.7.1 (21G920)
Time: Mon Jan 29 22:57:22 2024 EST elapsed time: 8.138516 seconds (0d 0h 0m 8s)

---------------  T H R E A D  ---------------

Current thread is native thread

Stack: [0x00007ff7b2b96000,0x00007ff7b3396000],  sp=0x00007ff7b3392970,  free space=8178k
Native frames: (J=compiled Java code, j=interpreted, Vv=VM code, C=native code)
V  [libjvm.dylib+0x9391e6]  SR_handler(int, __siginfo*, __darwin_ucontext*)+0x46
C  [libsystem_platform.dylib+0x3dfd]  _sigtramp+0x1d
C  [libsystem_featureflags.dylib+0x2ed4]
C  [CoreFoundation+0x8029d]  __CFRunLoopServiceMachPort+0x13f
C  [CoreFoundation+0x7e928]  __CFRunLoopRun+0x4fc
C  [CoreFoundation+0x7dd6c]  CFRunLoopRunSpecific+0x232
C  [libjli.dylib+0x70b2]  CreateExecutionEnvironment+0x182
C  [libjli.dylib+0x2c15]  JLI_Launch+0x585
C  [java+0x3c09]  main+0x189
C  0x0000000113c2252e


siginfo: si_signo: 11 (SIGSEGV), si_code: 1 (SEGV_MAPERR), si_addr: 0x0000000000000260

Registers:
RAX=0x0000000000000000, RBX=0x0000000000000000, RCX=0x0000000000000000, RDX=0x0000000000000000
RSP=0x00007ff7b3392970, RBP=0x00007ff7b33929a0, RSI=0x00007ff7b3392970, RDI=0x000000000000010a
R8 =0x00007ff7b3392e40, R9 =0x3971d5f972d25273, R10=0x0000000113c9d6ac, R11=0x0000000000000246
R12=0x0000000000000001, R13=0x00007ff7b33930e0, R14=0x00007ff7b3392e40, R15=0x00007ff7b3392dd8
RIP=0x000000010e5ff1e6, EFLAGS=0x0000000000010202, ERR=0x0000000000000004
  TRAPNO=0x000000000000000e

Top of Stack: (sp=0x00007ff7b3392970)
0x00007ff7b3392970:   0000000100000698 00007ff7b3392e40
0x00007ff7b3392980:   3971d5f972d25273 00007ff7b33930e0
0x00007ff7b3392990:   0000000000000000 0000000007000806
0x00007ff7b33929a0:   00007ff7b33929b0 00007ff80bdabdfd
0x00007ff7b33929b0:   00007ff7b3392f50 00007ff80bc5fed4
0x00007ff7b33929c0:   00007ff7b33929f0 00007ff80bc610d1
0x00007ff7b33929d0:   0100001f00000085 0000000000000000
0x00007ff7b33929e0:   0000000010004005 0000000000000c00
0x00007ff7b33929f0:   00007ff7b3392ef8 0000000000000000
0x00007ff7b3392a00:   00007ff7b33930e0 0000000007000806
0x00007ff7b3392a10:   00007ff7b3392f50 00007ff7b3392ef8
0x00007ff7b3392a20:   0000000000000b03 00000000ffffffff
0x00007ff7b3392a30:   0000000000000c00 0000000000000206
0x00007ff7b3392a40:   0000000000000b03 00007ff7b33930e0
0x00007ff7b3392a50:   0000000000000000 0000000007000806
0x00007ff7b3392a60:   00007ff80bd5996a 0000000000000206
0x00007ff7b3392a70:   0000000000000007 0000000000000000
0x00007ff7b3392a80:   0000000000000000 0000000000000000
0x00007ff7b3392a90:   000000000000037f 0000000000000000
0x00007ff7b3392aa0:   0000000000000000 0000ffff00001fa1
0x00007ff7b3392ab0:   0000000000000000 000000000000ffff
0x00007ff7b3392ac0:   0000000000000000 0000000000000000
0x00007ff7b3392ad0:   0000000000000000 0000000000000000
0x00007ff7b3392ae0:   0000000000000000 0000000000000000
0x00007ff7b3392af0:   0000000000000000 0000000000000000
0x00007ff7b3392b00:   0000000000000000 000000000000ffff
0x00007ff7b3392b10:   0000000001eed240 000000000000ffff
0x00007ff7b3392b20:   00000000ffffd080 000000000000ffff
0x00007ff7b3392b30:   41c5b4558d66eec8 0000000000000000
0x00007ff7b3392b40:   3fe9bbb1f255f351 0000000000000000
0x00007ff7b3392b50:   43e0000000000000 0000000000000000
0x00007ff7b3392b60:   41ee185580000000 0000000000000000 

Instructions: (pc=0x000000010e5ff1e6)
0x000000010e5ff0e6:   00 00 d3 e2 31 c9 83 f8 20 0f 4f d1 89 15 a8 5d
0x000000010e5ff0f6:   36 00 c7 45 f4 42 00 00 00 48 8d 05 9a 00 00 00
0x000000010e5ff106:   48 89 45 e8 48 8d 55 f0 bf 01 00 00 00 31 f6 e8
0x000000010e5ff116:   76 0b 1a 00 81 65 f0 67 f9 ff ff 8b 3d 81 8e 32
0x000000010e5ff126:   00 48 8d 75 e8 31 d2 e8 e2 0b 1a 00 83 f8 ff 74
0x000000010e5ff136:   56 8b 1d 6b 8e 32 00 8d 43 ff 83 f8 1e 77 31 bf
0x000000010e5ff146:   10 00 00 00 be 08 00 00 00 31 d2 e8 2a 80 81 ff
0x000000010e5ff156:   48 8d 0d bb a1 38 00 48 89 04 d9 48 8b 4d e8 48
0x000000010e5ff166:   8b 55 f0 48 89 50 08 48 89 08 8b 1d 32 8e 32 00
0x000000010e5ff176:   48 63 c3 48 8d 0d 50 a4 38 00 c6 04 08 01 31 c0
0x000000010e5ff186:   48 83 c4 18 5b 5d c3 b8 ff ff ff ff 48 83 c4 18
0x000000010e5ff196:   5b 5d c3 0f 1f 80 00 00 00 00 55 48 89 e5 41 57
0x000000010e5ff1a6:   41 56 41 55 41 54 53 50 49 89 d6 49 89 f7 e8 6b
0x000000010e5ff1b6:   07 1a 00 44 8b 20 c7 45 d0 98 06 00 00 31 db 48
0x000000010e5ff1c6:   8d 75 d0 bf 02 00 00 00 31 d2 e8 bb 0a 1a 00 e8
0x000000010e5ff1d6:   b6 6c 0c 00 84 c0 74 08 e8 bd 6c 0c 00 48 89 c3
0x000000010e5ff1e6:   48 83 bb 60 02 00 00 00 0f 84 11 01 00 00 48 8b
0x000000010e5ff1f6:   83 28 02 00 00 8b 48 2c 83 f9 01 0f 85 f6 00 00
0x000000010e5ff206:   00 4c 89 70 38 4c 89 78 30 48 8d 58 2c 4c 8d 68
0x000000010e5ff216:   30 48 89 df be 01 00 00 00 ba 02 00 00 00 e8 37
0x000000010e5ff226:   cd f4 ff 85 c0 0f 84 bc 00 00 00 83 f8 02 0f 85
0x000000010e5ff236:   8a 00 00 00 c7 45 d4 00 00 00 00 4c 8d 75 d4 bf
0x000000010e5ff246:   01 00 00 00 31 f6 4c 89 f2 e8 3c 0a 1a 00 8b 05
0x000000010e5ff256:   4e 8d 32 00 8d 48 ff ba fe ff ff ff d3 c2 83 f8
0x000000010e5ff266:   20 b8 ff ff ff ff 0f 4e c2 21 45 d4 48 8d 3d 9f
0x000000010e5ff276:   a2 38 00 be 01 00 00 00 e8 dd 21 fe ff 4c 8d 3d
0x000000010e5ff286:   d6 7d 20 00 66 0f 1f 44 00 00 4c 89 f7 e8 8e 0a
0x000000010e5ff296:   1a 00 48 89 df be 03 00 00 00 31 d2 e8 b9 cc f4
0x000000010e5ff2a6:   ff 83 f8 02 74 e4 85 c0 74 2c 4c 89 ff be 6e 06
0x000000010e5ff2b6:   00 00 e8 c3 6c a1 ff e8 de da f4 ff eb cc 48 8d
0x000000010e5ff2c6:   3d 95 7d 20 00 be 75 06 00 00 e8 ab 6c a1 ff e8
0x000000010e5ff2d6:   c6 da f4 ff eb 11 48 8d 3d 35 a2 38 00 be 01 00 



---------------  P R O C E S S  ---------------

VM state: not at safepoint (normal execution)

VM Mutex/Monitor currently owned by a thread: None

Heap address: 0x00000007e0000000, size: 512 MB, Compressed Oops mode: Zero based, Oop shift amount: 3

CDS archive(s) mapped at: [0x0000000800000000-0x0000000800bd8000-0x0000000800bd8000), size 12419072, SharedBaseAddress: 0x0000000800000000, ArchiveRelocationMode: 0.
Compressed class space mapped at: 0x0000000800c00000-0x0000000840c00000, reserved size: 1073741824
Narrow klass base: 0x0000000800000000, Narrow klass shift: 0, Narrow klass range: 0x100000000

GC Precious Log:
<Skipped>

Heap:
 garbage-first heap   total 18432K, used 7847K [0x00000007e0000000, 0x0000000800000000)
  region size 1024K, 5 young (5120K), 0 survivors (0K)
 Metaspace       used 3454K, committed 3648K, reserved 1056768K
  class space    used 430K, committed 512K, reserved 1048576K

Heap Regions: E=young(eden), S=young(survivor), O=old, HS=humongous(starts), HC=humongous(continues), CS=collection set, F=free, OA=open archive, CA=closed archive, TAMS=top-at-mark-start (previous, next)
|   0|0x00000007e0000000, 0x00000007e0100000, 0x00000007e0100000|100%|HS|  |TAMS 0x00000007e0000000, 0x00000007e0000000| Complete 
|   1|0x00000007e0100000, 0x00000007e0200000, 0x00000007e0200000|100%|HS|  |TAMS 0x00000007e0100000, 0x00000007e0100000| Complete 
|   2|0x00000007e0200000, 0x00000007e0200000, 0x00000007e0300000|  0%| F|  |TAMS 0x00000007e0200000, 0x00000007e0200000| Untracked 
|   3|0x00000007e0300000, 0x00000007e0300000, 0x00000007e0400000|  0%| F|  |TAMS 0x00000007e0300000, 0x00000007e0300000| Untracked 
|   4|0x00000007e0400000, 0x00000007e0400000, 0x00000007e0500000|  0%| F|  |TAMS 0x00000007e0400000, 0x00000007e0400000| Untracked 
|   5|0x00000007e0500000, 0x00000007e0500000, 0x00000007e0600000|  0%| F|  |TAMS 0x00000007e0500000, 0x00000007e0500000| Untracked 
|   6|0x00000007e0600000, 0x00000007e0600000, 0x00000007e0700000|  0%| F|  |TAMS 0x00000007e0600000, 0x00000007e0600000| Untracked 
|   7|0x00000007e0700000, 0x00000007e0700000, 0x00000007e0800000|  0%| F|  |TAMS 0x00000007e0700000, 0x00000007e0700000| Untracked 
|   8|0x00000007e0800000, 0x00000007e0800000, 0x00000007e0900000|  0%| F|  |TAMS 0x00000007e0800000, 0x00000007e0800000| Untracked 
|   9|0x00000007e0900000, 0x00000007e0900000, 0x00000007e0a00000|  0%| F|  |TAMS 0x00000007e0900000, 0x00000007e0900000| Untracked 
|  10|0x00000007e0a00000, 0x00000007e0a00000, 0x00000007e0b00000|  0%| F|  |TAMS 0x00000007e0a00000, 0x00000007e0a00000| Untracked 
|  11|0x00000007e0b00000, 0x00000007e0bb4d00, 0x00000007e0c00000| 70%| E|  |TAMS 0x00000007e0b00000, 0x00000007e0b00000| Complete 
|  12|0x00000007e0c00000, 0x00000007e0d00000, 0x00000007e0d00000|100%| E|CS|TAMS 0x00000007e0c00000, 0x00000007e0c00000| Complete 
|  13|0x00000007e0d00000, 0x00000007e0e00000, 0x00000007e0e00000|100%| E|  |TAMS 0x00000007e0d00000, 0x00000007e0d00000| Complete 
|  14|0x00000007e0e00000, 0x00000007e0f00000, 0x00000007e0f00000|100%| E|CS|TAMS 0x00000007e0e00000, 0x00000007e0e00000| Complete 
|  15|0x00000007e0f00000, 0x00000007e1000000, 0x00000007e1000000|100%| E|CS|TAMS 0x00000007e0f00000, 0x00000007e0f00000| Complete 
| 510|0x00000007ffe00000, 0x00000007ffe76000, 0x00000007fff00000| 46%|OA|  |TAMS 0x00000007ffe00000, 0x00000007ffe00000| Untracked 
| 511|0x00000007fff00000, 0x00000007fff7f000, 0x0000000800000000| 49%|CA|  |TAMS 0x00000007fff00000, 0x00000007fff00000| Untracked 

Card table byte_map: [0x000000010d047000,0x000000010d147000] _byte_map_base: 0x0000000109147000

Marking Bits (Prev, Next): (CMBitMap*) 0x00007fc534811810, (CMBitMap*) 0x00007fc534811850
 Prev Bits: [0x000000010d247000, 0x000000010da47000)
 Next Bits: [0x000000010ed26000, 0x000000010f526000)

Polling page: 0x000000010ccb8000

Metaspace:

Usage:
  Non-class:      2.95 MB used.
      Class:    430.21 KB used.
       Both:      3.37 MB used.

Virtual space:
  Non-class space:        8.00 MB reserved,       3.06 MB ( 38%) committed,  1 nodes.
      Class space:        1.00 GB reserved,     512.00 KB ( <1%) committed,  1 nodes.
             Both:        1.01 GB reserved,       3.56 MB ( <1%) committed. 

Chunk freelists:
   Non-Class:  2.97 MB
       Class:  3.56 MB
        Both:  6.53 MB

MaxMetaspaceSize: unlimited
CompressedClassSpaceSize: 1.00 GB
Initial GC threshold: 21.00 MB
Current GC threshold: 21.00 MB
CDS: on
MetaspaceReclaimPolicy: balanced
 - commit_granule_bytes: 65536.
 - commit_granule_words: 8192.
 - virtual_space_node_default_size: 1048576.
 - enlarge_chunks_in_place: 1.
 - new_chunks_are_fully_committed: 0.
 - uncommit_free_chunks: 1.
 - use_allocation_guard: 0.
 - handle_deallocations: 1.


Internal statistics:

num_allocs_failed_limit: 0.
num_arena_births: 60.
num_arena_deaths: 0.
num_vsnodes_births: 2.
num_vsnodes_deaths: 0.
num_space_committed: 57.
num_space_uncommitted: 0.
num_chunks_returned_to_freelist: 0.
num_chunks_taken_from_freelist: 115.
num_chunk_merges: 0.
num_chunk_splits: 78.
num_chunks_enlarged: 52.
num_purges: 0.
num_inconsistent_stats: 0.

CodeHeap 'non-profiled nmethods': size=119168Kb used=150Kb max_used=150Kb free=119018Kb
 bounds [0x000000012b325000, 0x000000012b595000, 0x0000000132785000]
CodeHeap 'profiled nmethods': size=119164Kb used=644Kb max_used=644Kb free=118520Kb
 bounds [0x0000000123785000, 0x00000001239f5000, 0x000000012abe4000]
CodeHeap 'non-nmethods': size=7428Kb used=1127Kb max_used=1151Kb free=6300Kb
 bounds [0x000000012abe4000, 0x000000012ae54000, 0x000000012b325000]
 total_blobs=865 nmethods=451 adapters=328
 compilation: enabled
              stopped_count=0, restarted_count=0
 full_count=0

Compilation events (20 events):
Event: 4.088 Thread 0x00007fc53400aa00  440       3       java.io.BufferedInputStream::getInIfOpen (21 bytes)
Event: 4.088 Thread 0x00007fc53400aa00 nmethod 440 0x0000000123824290 code [0x0000000123824440, 0x0000000123824640]
Event: 4.258 Thread 0x00007fc53400aa00  441       3       java.io.FileInputStream::read (8 bytes)
Event: 4.258 Thread 0x00007fc53400aa00 nmethod 441 0x0000000123824710 code [0x00000001238248c0, 0x0000000123824a00]
Event: 4.455 Thread 0x00007fc53400aa00  443       3       java.io.FileInputStream::available (5 bytes)
Event: 4.455 Thread 0x00007fc53400aa00 nmethod 443 0x0000000123824a90 code [0x0000000123824c40, 0x0000000123824d80]
Event: 4.576 Thread 0x00007fc53400aa00  445       3       java.io.BufferedInputStream::fill (203 bytes)
Event: 4.577 Thread 0x00007fc53400aa00 nmethod 445 0x0000000123824e10 code [0x0000000123825080, 0x0000000123825cc0]
Event: 5.019 Thread 0x00007fc53380d800  446  s    4       java.io.BufferedOutputStream::flush (12 bytes)
Event: 5.023 Thread 0x00007fc53380d800 nmethod 446 0x000000012b345790 code [0x000000012b345940, 0x000000012b345ca8]
Event: 6.554 Thread 0x00007fc53380d800  447       4       java.io.BufferedInputStream::read1 (108 bytes)
Event: 6.563 Thread 0x00007fc53380d800 nmethod 447 0x000000012b345e90 code [0x000000012b346040, 0x000000012b346868]
Event: 6.565 Thread 0x00007fc53380d800  448   !   4       java.io.PrintStream::write (69 bytes)
Event: 6.572 Thread 0x00007fc53380d800 nmethod 448 0x000000012b346c10 code [0x000000012b346de0, 0x000000012b347768]
Event: 6.578 Thread 0x00007fc53380d800  449  s    4       java.io.BufferedInputStream::read (113 bytes)
Event: 6.607 Thread 0x00007fc53380d800 nmethod 449 0x000000012b347c10 code [0x000000012b347e00, 0x000000012b349168]
Event: 6.687 Thread 0x00007fc53380d800  450       4       java.io.FilterInputStream::read (9 bytes)
Event: 6.688 Thread 0x00007fc53380d800 nmethod 450 0x000000012b349a10 code [0x000000012b349ba0, 0x000000012b349c88]
Event: 6.696 Thread 0x00007fc53380d800  451   !   4       java.io.PrintStream::flush (35 bytes)
Event: 6.702 Thread 0x00007fc53380d800 nmethod 451 0x000000012b349d90 code [0x000000012b349f40, 0x000000012b34a548]

GC Heap History (0 events):
No events

Deoptimization events (4 events):
Event: 0.372 Thread 0x00007fc536008a00 DEOPT PACKING pc=0x000000012379265a sp=0x000070000341aa20
Event: 0.372 Thread 0x00007fc536008a00 DEOPT UNPACKING pc=0x000000012ac3682f sp=0x0000700003419e60 mode 0
Event: 0.478 Thread 0x00007fc536008a00 DEOPT PACKING pc=0x000000012378ebce sp=0x000070000341b010
Event: 0.478 Thread 0x00007fc536008a00 DEOPT UNPACKING pc=0x000000012ac3682f sp=0x000070000341a4a8 mode 0

Classes unloaded (0 events):
No events

Classes redefined (0 events):
No events

Internal exceptions (11 events):
Event: 0.137 Thread 0x00007fc536008a00 Exception <a 'java/lang/ClassNotFoundException'{0x00000007e0e7a8a0}: sun/awt/resources/spi/awtProvider> (0x00000007e0e7a8a0) 
thrown [open/src/hotspot/share/classfile/systemDictionary.cpp, line 256]
Event: 0.174 Thread 0x00007fc536008a00 Exception <a 'java/io/FileNotFoundException'{0x00000007e0eed638}> (0x00000007e0eed638) 
thrown [open/src/hotspot/share/prims/jni.cpp, line 516]
Event: 0.186 Thread 0x00007fc536008a00 Exception <a 'java/io/FileNotFoundException'{0x00000007e0d1a7c8}> (0x00000007e0d1a7c8) 
thrown [open/src/hotspot/share/prims/jni.cpp, line 516]
Event: 0.189 Thread 0x00007fc536008a00 Exception <a 'java/lang/NoSuchMethodError'{0x00000007e0d21e68}: 'java.lang.Object java.lang.invoke.DirectMethodHandle$Holder.invokeStaticInit(java.lang.Object)'> (0x00000007e0d21e68) 
thrown [open/src/hotspot/share/interpreter/linkResolver.cpp, line 759]
Event: 0.423 Thread 0x00007fc536008a00 Exception <a 'java/io/FileNotFoundException'{0x00000007e0b5e350}> (0x00000007e0b5e350) 
thrown [open/src/hotspot/share/prims/jni.cpp, line 516]
Event: 0.461 Thread 0x00007fc536008a00 Exception <a 'java/lang/NoSuchMethodError'{0x00000007e0b71450}: 'java.lang.Object java.lang.invoke.DirectMethodHandle$Holder.invokeStaticInit(java.lang.Object, java.lang.Object, long, java.lang.Object)'> (0x00000007e0b71450) 
thrown [open/src/hotspot/share/interpreter/linkResolver.cpp, line 759]
Event: 0.467 Thread 0x00007fc536008a00 Exception <a 'java/lang/NoSuchMethodError'{0x00000007e0b77bd8}: 'java.lang.Object java.lang.invoke.DirectMethodHandle$Holder.newInvokeSpecial(java.lang.Object, java.lang.Object, long)'> (0x00000007e0b77bd8) 
thrown [open/src/hotspot/share/interpreter/linkResolver.cpp, line 759]
Event: 0.469 Thread 0x00007fc536008a00 Exception <a 'java/lang/NoSuchMethodError'{0x00000007e0b7b748}: 'java.lang.Object java.lang.invoke.Invokers$Holder.linkToTargetMethod(java.lang.Object, long, java.lang.Object)'> (0x00000007e0b7b748) 
thrown [open/src/hotspot/share/interpreter/linkResolver.cpp, line 759]
Event: 0.478 Thread 0x00007fc536008a00 Exception <a 'java/lang/NoSuchMethodError'{0x00000007e0b83948}: 'java.lang.Object java.lang.invoke.DirectMethodHandle$Holder.newInvokeSpecial(java.lang.Object, java.lang.Object, java.lang.Object, int)'> (0x00000007e0b83948) 
thrown [open/src/hotspot/share/interpreter/linkResolver.cpp, line 759]
Event: 0.479 Thread 0x00007fc536008a00 Exception <a 'java/lang/NoSuchMethodError'{0x00000007e0b87a80}: 'java.lang.Object java.lang.invoke.DirectMethodHandle$Holder.invokeSpecial(java.lang.Object, java.lang.Object, java.lang.Object, java.lang.Object, int)'> (0x00000007e0b87a80) 
thrown [open/src/hotspot/share/interpreter/linkResolver.cpp, line 759]
Event: 0.480 Thread 0x00007fc536008a00 Exception <a 'java/lang/NoSuchMethodError'{0x00000007e0b8b3a0}: 'java.lang.Object java.lang.invoke.Invokers$Holder.linkToTargetMethod(java.lang.Object, java.lang.Object, int, java.lang.Object)'> (0x00000007e0b8b3a0) 
thrown [open/src/hotspot/share/interpreter/linkResolver.cpp, line 759]

VM Operations (6 events):
Event: 1.022 Executing VM operation: Cleanup
Event: 1.022 Executing VM operation: Cleanup done
Event: 5.034 Executing VM operation: Cleanup
Event: 5.034 Executing VM operation: Cleanup done
Event: 7.042 Executing VM operation: Cleanup
Event: 7.042 Executing VM operation: Cleanup done

Events (20 events):
Event: 0.486 loading class java/util/concurrent/CompletableFuture$Completion
Event: 0.486 loading class java/util/concurrent/CompletableFuture$AsynchronousCompletionTask
Event: 0.486 loading class java/util/concurrent/CompletableFuture$AsynchronousCompletionTask done
Event: 0.486 loading class java/util/concurrent/CompletableFuture$Completion done
Event: 0.486 loading class java/lang/ProcessHandleImpl$1
Event: 0.487 loading class java/lang/ProcessHandleImpl$1 done
Event: 0.487 loading class java/util/concurrent/ThreadPoolExecutor$Worker
Event: 0.487 loading class java/util/concurrent/ThreadPoolExecutor$Worker done
Event: 0.487 loading class java/lang/Thread$State
Event: 0.487 loading class java/lang/Thread$State done
Event: 0.488 Thread 0x00007fc53a811200 Thread added: 0x00007fc53a811200
Event: 0.488 Protecting memory [0x0000700004659000,0x000070000465d000] with protection modes 0
Event: 0.488 loading class java/util/concurrent/CompletableFuture$UniHandle
Event: 0.488 loading class java/util/concurrent/CompletableFuture$UniCompletion
Event: 0.489 loading class java/util/concurrent/CompletableFuture$UniCompletion done
Event: 0.489 loading class java/util/concurrent/CompletableFuture$UniHandle done
Event: 0.489 loading class jdk/internal/event/ProcessStartEvent
Event: 0.489 loading class jdk/internal/event/Event
Event: 0.489 loading class jdk/internal/event/Event done
Event: 0.490 loading class jdk/internal/event/ProcessStartEvent done


Dynamic libraries:
0x000000010cc93000 	/Library/Java/JavaVirtualMachines/jdk-17.jdk/Contents/Home/lib/libjli.dylib
0x00007ff816aae000 	/usr/lib/libz.1.dylib
0x00007ff816b8e000 	/usr/lib/libSystem.B.dylib
0x00007ff816b89000 	/usr/lib/system/libcache.dylib
0x00007ff816b45000 	/usr/lib/system/libcommonCrypto.dylib
0x00007ff816b6e000 	/usr/lib/system/libcompiler_rt.dylib
0x00007ff816b64000 	/usr/lib/system/libcopyfile.dylib
0x00007ff80bb1d000 	/usr/lib/system/libcorecrypto.dylib
0x00007ff80bbdb000 	/usr/lib/system/libdispatch.dylib
0x00007ff80bd9c000 	/usr/lib/system/libdyld.dylib
0x00007ff816b80000 	/usr/lib/system/libkeymgr.dylib
0x00007ff816b23000 	/usr/lib/system/libmacho.dylib
0x00007ff8161a4000 	/usr/lib/system/libquarantine.dylib
0x00007ff816b7e000 	/usr/lib/system/libremovefile.dylib
0x00007ff810d30000 	/usr/lib/system/libsystem_asl.dylib
0x00007ff80bac6000 	/usr/lib/system/libsystem_blocks.dylib
0x00007ff80bc60000 	/usr/lib/system/libsystem_c.dylib
0x00007ff816b76000 	/usr/lib/system/libsystem_collections.dylib
0x00007ff815458000 	/usr/lib/system/libsystem_configuration.dylib
0x00007ff814702000 	/usr/lib/system/libsystem_containermanager.dylib
0x00007ff81685b000 	/usr/lib/system/libsystem_coreservices.dylib
0x00007ff80e3d3000 	/usr/lib/system/libsystem_darwin.dylib
0x00007ff816b81000 	/usr/lib/system/libsystem_dnssd.dylib
0x00007ff80bc5d000 	/usr/lib/system/libsystem_featureflags.dylib
0x00007ff80bdb2000 	/usr/lib/system/libsystem_info.dylib
0x00007ff816ac1000 	/usr/lib/system/libsystem_m.dylib
0x00007ff80bbaf000 	/usr/lib/system/libsystem_malloc.dylib
0x00007ff810ccb000 	/usr/lib/system/libsystem_networkextension.dylib
0x00007ff80e7f9000 	/usr/lib/system/libsystem_notify.dylib
0x00007ff81ce01000 	/usr/lib/system/libsystem_product_info_filter.dylib
0x00007ff81545c000 	/usr/lib/system/libsystem_sandbox.dylib
0x00007ff816b7b000 	/usr/lib/system/libsystem_secinit.dylib
0x00007ff80bd58000 	/usr/lib/system/libsystem_kernel.dylib
0x00007ff80bda8000 	/usr/lib/system/libsystem_platform.dylib
0x00007ff80bd90000 	/usr/lib/system/libsystem_pthread.dylib
0x00007ff81257e000 	/usr/lib/system/libsystem_symptoms.dylib
0x00007ff80bb04000 	/usr/lib/system/libsystem_trace.dylib
0x00007ff816b51000 	/usr/lib/system/libunwind.dylib
0x00007ff80bac8000 	/usr/lib/system/libxpc.dylib
0x00007ff80bd42000 	/usr/lib/libc++abi.dylib
0x00007ff80bc22000 	/usr/lib/libobjc.A.dylib
0x00007ff816b5c000 	/usr/lib/liboah.dylib
0x00007ff80bce9000 	/usr/lib/libc++.1.dylib
0x00007ff822c0e000 	/System/Library/Frameworks/Cocoa.framework/Versions/A/Cocoa
0x00007ff80e857000 	/System/Library/Frameworks/AppKit.framework/Versions/C/AppKit
0x00007ff811d6c000 	/System/Library/Frameworks/CoreData.framework/Versions/A/CoreData
0x00007ff80cc5a000 	/System/Library/Frameworks/Foundation.framework/Versions/C/Foundation
0x00007ff80f6e7000 	/System/Library/PrivateFrameworks/UIFoundation.framework/Versions/A/UIFoundation
0x00007ff81cb04000 	/System/Library/PrivateFrameworks/RemoteViewServices.framework/Versions/A/RemoteViewServices
0x00007ff814de2000 	/System/Library/PrivateFrameworks/XCTTargetBootstrap.framework/Versions/A/XCTTargetBootstrap
0x00007ff81899a000 	/System/Library/PrivateFrameworks/InternationalSupport.framework/Versions/A/InternationalSupport
0x00007ff818a24000 	/System/Library/PrivateFrameworks/UserActivity.framework/Versions/A/UserActivity
0x00007ff817d76000 	/usr/lib/libspindump.dylib
0x00007ff80f976000 	/System/Library/Frameworks/UniformTypeIdentifiers.framework/Versions/A/UniformTypeIdentifiers
0x00007ff813507000 	/usr/lib/libapp_launch_measurement.dylib
0x00007ff81273e000 	/System/Library/PrivateFrameworks/CoreAnalytics.framework/Versions/A/CoreAnalytics
0x00007ff81350a000 	/System/Library/PrivateFrameworks/CoreAutoLayout.framework/Versions/A/CoreAutoLayout
0x00007ff81473a000 	/System/Library/Frameworks/Metal.framework/Versions/A/Metal
0x00007ff815468000 	/usr/lib/liblangid.dylib
0x00007ff814de7000 	/System/Library/PrivateFrameworks/CoreSVG.framework/Versions/A/CoreSVG
0x00007ff810d60000 	/System/Library/PrivateFrameworks/SkyLight.framework/Versions/A/SkyLight
0x00007ff8110ff000 	/System/Library/Frameworks/CoreGraphics.framework/Versions/A/CoreGraphics
0x00007ff81d1c4000 	/System/Library/Frameworks/Accelerate.framework/Versions/A/Accelerate
0x00007ff8177f5000 	/System/Library/PrivateFrameworks/IconServices.framework/Versions/A/IconServices
0x00007ff81471f000 	/System/Library/Frameworks/IOSurface.framework/Versions/A/IOSurface
0x00007ff81276c000 	/usr/lib/libDiagnosticMessagesClient.dylib
0x00007ff8208b2000 	/System/Library/Frameworks/ApplicationServices.framework/Versions/A/ApplicationServices
0x00007ff814dce000 	/System/Library/PrivateFrameworks/DFRFoundation.framework/Versions/A/DFRFoundation
0x00007ff80e13f000 	/usr/lib/libicucore.A.dylib
0x00007ff819790000 	/System/Library/Frameworks/AudioToolbox.framework/Versions/A/AudioToolbox
0x00007ff8189a6000 	/System/Library/PrivateFrameworks/DataDetectorsCore.framework/Versions/A/DataDetectorsCore
0x00007ff914eab000 	/System/Library/PrivateFrameworks/TextInput.framework/Versions/A/TextInput
0x00007ff810ce3000 	/usr/lib/libMobileGestalt.dylib
0x00007ff814ada000 	/System/Library/Frameworks/Carbon.framework/Versions/A/Frameworks/HIToolbox.framework/Versions/A/HIToolbox
0x00007ff812f09000 	/System/Library/Frameworks/QuartzCore.framework/Versions/A/QuartzCore
0x00007ff80dde4000 	/System/Library/Frameworks/Security.framework/Versions/A/Security
0x00007ff81cb3c000 	/System/Library/Frameworks/Carbon.framework/Versions/A/Frameworks/SpeechRecognition.framework/Versions/A/SpeechRecognition
0x00007ff813267000 	/System/Library/PrivateFrameworks/CoreUI.framework/Versions/A/CoreUI
0x00007ff80d6ae000 	/System/Library/Frameworks/CoreAudio.framework/Versions/A/CoreAudio
0x00007ff81285b000 	/System/Library/Frameworks/DiskArbitration.framework/Versions/A/DiskArbitration
0x00007ff818166000 	/System/Library/PrivateFrameworks/MultitouchSupport.framework/Versions/A/MultitouchSupport
0x00007ff810ce2000 	/usr/lib/libenergytrace.dylib
0x00007ff80e743000 	/System/Library/Frameworks/IOKit.framework/Versions/A/IOKit
0x00007ff81cf2c000 	/System/Library/Frameworks/CoreServices.framework/Versions/A/CoreServices
0x00007ff8134a1000 	/System/Library/PrivateFrameworks/PerformanceAnalysis.framework/Versions/A/PerformanceAnalysis
0x00007ffa24b80000 	/System/Library/Frameworks/OpenGL.framework/Versions/A/OpenGL
0x00007ff8160ca000 	/System/Library/PrivateFrameworks/MobileKeyBag.framework/Versions/A/MobileKeyBag
0x00007ff8117cb000 	/System/Library/Frameworks/ColorSync.framework/Versions/A/ColorSync
0x00007ff80bddd000 	/System/Library/Frameworks/CoreFoundation.framework/Versions/A/CoreFoundation
0x00007ff81505e000 	/System/Library/Frameworks/CoreImage.framework/Versions/A/CoreImage
0x00007ff80d4c2000 	/System/Library/Frameworks/CoreText.framework/Versions/A/CoreText
0x00007ff814e17000 	/System/Library/Frameworks/ImageIO.framework/Versions/A/ImageIO
0x00007ff816b94000 	/System/Library/PrivateFrameworks/SoftLinking.framework/Versions/A/SoftLinking
0x00007ff813552000 	/usr/lib/libxml2.2.dylib
0x00007ff816e18000 	/usr/lib/libcompression.dylib
0x00007ff8188cd000 	/System/Library/PrivateFrameworks/TextureIO.framework/Versions/A/TextureIO
0x00007ff817506000 	/usr/lib/libate.dylib
0x00007ff8172e2000 	/usr/lib/liblzma.5.dylib
0x00007ff80c96c000 	/System/Library/Frameworks/SystemConfiguration.framework/Versions/A/SystemConfiguration
0x00007ff816b90000 	/usr/lib/libfakelink.dylib
0x00007ff81083d000 	/System/Library/Frameworks/CFNetwork.framework/Versions/A/CFNetwork
0x00007ff816cd1000 	/usr/lib/libarchive.2.dylib
0x00007ff815464000 	/System/Library/PrivateFrameworks/AppleSystemInfo.framework/Versions/A/AppleSystemInfo
0x00007ff8161cb000 	/usr/lib/libbsm.0.dylib
0x00007ff80fe4c000 	/usr/lib/libnetwork.dylib
0x00007ff816b29000 	/usr/lib/system/libkxld.dylib
0x00007ff815dfe000 	/System/Library/PrivateFrameworks/IOMobileFramebuffer.framework/Versions/A/IOMobileFramebuffer
0x00007ffb24561000 	/usr/lib/libCoreEntitlements.dylib
0x00007ff81683d000 	/System/Library/PrivateFrameworks/AppleFSCompression.framework/Versions/A/AppleFSCompression
0x00007ff8161b3000 	/usr/lib/libcoretls.dylib
0x00007ff8172fc000 	/usr/lib/libcoretls_cfhelpers.dylib
0x00007ff816e12000 	/usr/lib/libpam.2.dylib
0x00007ff81219d000 	/usr/lib/libsqlite3.dylib
0x00007ff81736b000 	/usr/lib/libxar.1.dylib
0x00007ff81684d000 	/usr/lib/libbz2.1.0.dylib
0x00007ff816b95000 	/usr/lib/libpcap.A.dylib
0x00007ff812576000 	/usr/lib/libdns_services.dylib
0x00007ff816de2000 	/usr/lib/libapple_nghttp2.dylib
0x00007ff816bcf000 	/usr/lib/libiconv.2.dylib
0x00007ff816b22000 	/usr/lib/libcharset.1.dylib
0x00007ff8134d5000 	/System/Library/Frameworks/CoreServices.framework/Versions/A/Frameworks/FSEvents.framework/Versions/A/FSEvents
0x00007ff80e3dd000 	/System/Library/Frameworks/CoreServices.framework/Versions/A/Frameworks/CarbonCore.framework/Versions/A/CarbonCore
0x00007ff8127bf000 	/System/Library/Frameworks/CoreServices.framework/Versions/A/Frameworks/Metadata.framework/Versions/A/Metadata
0x00007ff816860000 	/System/Library/Frameworks/CoreServices.framework/Versions/A/Frameworks/OSServices.framework/Versions/A/OSServices
0x00007ff816d57000 	/System/Library/Frameworks/CoreServices.framework/Versions/A/Frameworks/SearchKit.framework/Versions/A/SearchKit
0x00007ff812508000 	/System/Library/Frameworks/CoreServices.framework/Versions/A/Frameworks/AE.framework/Versions/A/AE
0x00007ff80c2e0000 	/System/Library/Frameworks/CoreServices.framework/Versions/A/Frameworks/LaunchServices.framework/Versions/A/LaunchServices
0x00007ff817293000 	/System/Library/Frameworks/CoreServices.framework/Versions/A/Frameworks/DictionaryServices.framework/Versions/A/DictionaryServices
0x00007ff8134e2000 	/System/Library/Frameworks/CoreServices.framework/Versions/A/Frameworks/SharedFileList.framework/Versions/A/SharedFileList
0x00007ff8161a7000 	/usr/lib/libCheckFix.dylib
0x00007ff810d47000 	/System/Library/PrivateFrameworks/TCC.framework/Versions/A/TCC
0x00007ff81546a000 	/System/Library/PrivateFrameworks/CoreNLP.framework/Versions/A/CoreNLP
0x00007ff81276f000 	/System/Library/PrivateFrameworks/MetadataUtilities.framework/Versions/A/MetadataUtilities
0x00007ff80ca1d000 	/usr/lib/libmecabra.dylib
0x00007ff8161db000 	/usr/lib/libmecab.dylib
0x00007ff80c9e8000 	/usr/lib/libCRFSuite.dylib
0x00007ff816235000 	/usr/lib/libgermantok.dylib
0x00007ff816dbd000 	/usr/lib/libThaiTokenizer.dylib
0x00007ff812862000 	/System/Library/Frameworks/Accelerate.framework/Versions/A/Frameworks/vImage.framework/Versions/A/vImage
0x00007ff81cf03000 	/System/Library/Frameworks/Accelerate.framework/Versions/A/Frameworks/vecLib.framework/Versions/A/vecLib
0x00007ff8173ac000 	/System/Library/Frameworks/Accelerate.framework/Versions/A/Frameworks/vecLib.framework/Versions/A/libvMisc.dylib
0x00007ff815c29000 	/System/Library/Frameworks/Accelerate.framework/Versions/A/Frameworks/vecLib.framework/Versions/A/libvDSP.dylib
0x00007ff80c65c000 	/System/Library/Frameworks/Accelerate.framework/Versions/A/Frameworks/vecLib.framework/Versions/A/libBLAS.dylib
0x00007ff816ef5000 	/System/Library/Frameworks/Accelerate.framework/Versions/A/Frameworks/vecLib.framework/Versions/A/libLAPACK.dylib
0x00007ff816238000 	/System/Library/Frameworks/Accelerate.framework/Versions/A/Frameworks/vecLib.framework/Versions/A/libLinearAlgebra.dylib
0x00007ff816dfa000 	/System/Library/Frameworks/Accelerate.framework/Versions/A/Frameworks/vecLib.framework/Versions/A/libSparseBLAS.dylib
0x00007ff816eef000 	/System/Library/Frameworks/Accelerate.framework/Versions/A/Frameworks/vecLib.framework/Versions/A/libQuadrature.dylib
0x00007ff815555000 	/System/Library/Frameworks/Accelerate.framework/Versions/A/Frameworks/vecLib.framework/Versions/A/libBNNS.dylib
0x00007ff80c8f6000 	/System/Library/Frameworks/Accelerate.framework/Versions/A/Frameworks/vecLib.framework/Versions/A/libSparse.dylib
0x00007ff81554e000 	/System/Library/PrivateFrameworks/LinguisticData.framework/Versions/A/LinguisticData
0x00007ff80c8ac000 	/System/Library/PrivateFrameworks/Lexicon.framework/Versions/A/Lexicon
0x00007ff8173a5000 	/usr/lib/libChineseTokenizer.dylib
0x00007ff80d017000 	/System/Library/PrivateFrameworks/LanguageModeling.framework/Versions/A/LanguageModeling
0x00007ff816dbf000 	/System/Library/PrivateFrameworks/AppleSauce.framework/Versions/A/AppleSauce
0x00007ff815dec000 	/System/Library/PrivateFrameworks/CoreEmoji.framework/Versions/A/CoreEmoji
0x00007ff816cc0000 	/usr/lib/libcmph.dylib
0x00007ff8134b9000 	/System/Library/Frameworks/OpenDirectory.framework/Versions/A/Frameworks/CFOpenDirectory.framework/Versions/A/CFOpenDirectory
0x00007ff8134ad000 	/System/Library/Frameworks/OpenDirectory.framework/Versions/A/OpenDirectory
0x00007ff8172fe000 	/System/Library/PrivateFrameworks/APFS.framework/Versions/A/APFS
0x00007ff816102000 	/System/Library/Frameworks/SecurityFoundation.framework/Versions/A/SecurityFoundation
0x00007ff817379000 	/usr/lib/libutil.dylib
0x00007ff80e707000 	/System/Library/PrivateFrameworks/CoreServicesStore.framework/Versions/A/CoreServicesStore
0x00007ff81737d000 	/usr/lib/libxslt.1.dylib
0x00007ff81618f000 	/System/Library/PrivateFrameworks/BackgroundTaskManagement.framework/Versions/A/BackgroundTaskManagement
0x00007ff8187ed000 	/System/Library/Frameworks/ImageIO.framework/Versions/A/Resources/libRadiance.dylib
0x00007ff8187f6000 	/System/Library/Frameworks/ImageIO.framework/Versions/A/Resources/libJPEG.dylib
0x00007ff818745000 	/System/Library/Frameworks/ImageIO.framework/Versions/A/Resources/libPng.dylib
0x00007ff818766000 	/System/Library/Frameworks/ImageIO.framework/Versions/A/Resources/libTIFF.dylib
0x00007ff818856000 	/System/Library/Frameworks/ImageIO.framework/Versions/A/Resources/libGIF.dylib
0x00007ff818080000 	/System/Library/Frameworks/ImageIO.framework/Versions/A/Resources/libJP2.dylib
0x00007ff8177bb000 	/usr/lib/libexpat.1.dylib
0x00007ff818035000 	/System/Library/PrivateFrameworks/AppleJPEG.framework/Versions/A/AppleJPEG
0x00007ff81499f000 	/System/Library/PrivateFrameworks/FontServices.framework/libFontParser.dylib
0x00007ff8124b2000 	/System/Library/PrivateFrameworks/RunningBoardServices.framework/Versions/A/RunningBoardServices
0x00007ff8231c9000 	/System/Library/PrivateFrameworks/IOSurfaceAccelerator.framework/Versions/A/IOSurfaceAccelerator
0x00007ff818162000 	/System/Library/PrivateFrameworks/WatchdogClient.framework/Versions/A/WatchdogClient
0x00007ff80d105000 	/System/Library/Frameworks/CoreDisplay.framework/Versions/A/CoreDisplay
0x00007ff81489d000 	/System/Library/Frameworks/CoreMedia.framework/Versions/A/CoreMedia
0x00007ff814731000 	/System/Library/PrivateFrameworks/IOAccelerator.framework/Versions/A/IOAccelerator
0x00007ff813636000 	/System/Library/Frameworks/CoreVideo.framework/Versions/A/CoreVideo
0x00007ff816e10000 	/System/Library/Frameworks/MetalPerformanceShaders.framework/Versions/A/MetalPerformanceShaders
0x00007ff81819f000 	/System/Library/Frameworks/VideoToolbox.framework/Versions/A/VideoToolbox
0x00007ff8123fc000 	/System/Library/PrivateFrameworks/BaseBoard.framework/Versions/A/BaseBoard
0x00007ff812183000 	/System/Library/PrivateFrameworks/ProtocolBuffer.framework/Versions/A/ProtocolBuffer
0x00007ff8187e6000 	/System/Library/PrivateFrameworks/GPUWrangler.framework/Versions/A/GPUWrangler
0x00007ff8187ca000 	/System/Library/PrivateFrameworks/IOPresentment.framework/Versions/A/IOPresentment
0x00007ff8187f0000 	/System/Library/PrivateFrameworks/DSExternalDisplay.framework/Versions/A/DSExternalDisplay
0x00007ffa24b74000 	/System/Library/Frameworks/OpenGL.framework/Versions/A/Libraries/libCoreFSCache.dylib
0x00007ffb11c4c000 	/System/Library/PrivateFrameworks/GPUCompiler.framework/Versions/31001/Libraries/libGPUCompilerUtils.dylib
0x00007ff81885b000 	/System/Library/PrivateFrameworks/CMCaptureCore.framework/Versions/A/CMCaptureCore
0x00007ff817d64000 	/System/Library/PrivateFrameworks/AppServerSupport.framework/Versions/A/AppServerSupport
0x00007ff81a029000 	/System/Library/PrivateFrameworks/perfdata.framework/Versions/A/perfdata
0x00007ff80d231000 	/System/Library/PrivateFrameworks/AudioToolboxCore.framework/Versions/A/AudioToolboxCore
0x00007ff81487b000 	/System/Library/PrivateFrameworks/caulk.framework/Versions/A/caulk
0x00007ff81993b000 	/usr/lib/libAudioStatistics.dylib
0x00007ff911635000 	/System/Library/PrivateFrameworks/SystemPolicy.framework/Versions/A/SystemPolicy
0x00007ff819b96000 	/usr/lib/libSMC.dylib
0x00007ff822ac1000 	/System/Library/Frameworks/CoreMIDI.framework/Versions/A/CoreMIDI
0x00007ff818714000 	/usr/lib/libAudioToolboxUtility.dylib
0x00007ff90d859000 	/System/Library/PrivateFrameworks/OSAServicesClient.framework/Versions/A/OSAServicesClient
0x00007ff81a036000 	/usr/lib/libperfcheck.dylib
0x00007ff9120e6000 	/usr/lib/libmis.dylib
0x00007ffa24bcf000 	/System/Library/Frameworks/OpenGL.framework/Versions/A/Libraries/libGLU.dylib
0x00007ffa24b93000 	/System/Library/Frameworks/OpenGL.framework/Versions/A/Libraries/libGFXShared.dylib
0x00007ffa24d9c000 	/System/Library/Frameworks/OpenGL.framework/Versions/A/Libraries/libGL.dylib
0x00007ffa24b9c000 	/System/Library/Frameworks/OpenGL.framework/Versions/A/Libraries/libGLImage.dylib
0x00007ffa24b90000 	/System/Library/Frameworks/OpenGL.framework/Versions/A/Libraries/libCVMSPluginSupport.dylib
0x00007ffa24b7b000 	/System/Library/Frameworks/OpenGL.framework/Versions/A/Libraries/libCoreVMClient.dylib
0x00007ff8153e6000 	/System/Library/Frameworks/MetalPerformanceShaders.framework/Versions/A/Frameworks/MPSCore.framework/Versions/A/MPSCore
0x00007ff8167a8000 	/System/Library/Frameworks/MetalPerformanceShaders.framework/Versions/A/Frameworks/MPSImage.framework/Versions/A/MPSImage
0x00007ff81624e000 	/System/Library/Frameworks/MetalPerformanceShaders.framework/Versions/A/Frameworks/MPSNeuralNetwork.framework/Versions/A/MPSNeuralNetwork
0x00007ff8166c2000 	/System/Library/Frameworks/MetalPerformanceShaders.framework/Versions/A/Frameworks/MPSMatrix.framework/Versions/A/MPSMatrix
0x00007ff81647d000 	/System/Library/Frameworks/MetalPerformanceShaders.framework/Versions/A/Frameworks/MPSRayIntersector.framework/Versions/A/MPSRayIntersector
0x00007ff8166fa000 	/System/Library/Frameworks/MetalPerformanceShaders.framework/Versions/A/Frameworks/MPSNDArray.framework/Versions/A/MPSNDArray
0x00007ffa2a654000 	/System/Library/Frameworks/MetalPerformanceShaders.framework/Versions/A/Frameworks/MPSFunctions.framework/Versions/A/MPSFunctions
0x00007ff80c538000 	/System/Library/PrivateFrameworks/MetalTools.framework/Versions/A/MetalTools
0x00007ff815462000 	/System/Library/PrivateFrameworks/AggregateDictionary.framework/Versions/A/AggregateDictionary
0x00007ff81759d000 	/usr/lib/libIOReport.dylib
0x00007ffa261ab000 	/System/Library/Frameworks/OpenCL.framework/Versions/A/OpenCL
0x00007ff817902000 	/System/Library/PrivateFrameworks/FaceCore.framework/Versions/A/FaceCore
0x00007ff8178f3000 	/System/Library/PrivateFrameworks/GraphVisualizer.framework/Versions/A/GraphVisualizer
0x00007ffb11b57000 	/System/Library/PrivateFrameworks/FontServices.framework/Versions/A/FontServices
0x00007ff817d1c000 	/System/Library/PrivateFrameworks/OTSVG.framework/Versions/A/OTSVG
0x00007ff81321c000 	/System/Library/Frameworks/ApplicationServices.framework/Versions/A/Frameworks/ATS.framework/Versions/A/Resources/libFontRegistry.dylib
0x00007ff817d6c000 	/System/Library/PrivateFrameworks/FontServices.framework/libhvf.dylib
0x00007ffb11b58000 	/System/Library/PrivateFrameworks/FontServices.framework/libXTFontStaticRegistryData.dylib
0x00007ff81776b000 	/System/Library/PrivateFrameworks/AppleVA.framework/Versions/A/AppleVA
0x00007ff81995b000 	/System/Library/Frameworks/ApplicationServices.framework/Versions/A/Frameworks/ATS.framework/Versions/A/ATS
0x00007ff8118c9000 	/System/Library/Frameworks/ApplicationServices.framework/Versions/A/Frameworks/HIServices.framework/Versions/A/HIServices
0x00007ff818865000 	/System/Library/Frameworks/ApplicationServices.framework/Versions/A/Frameworks/PrintCore.framework/Versions/A/PrintCore
0x00007ff819ce9000 	/System/Library/Frameworks/ApplicationServices.framework/Versions/A/Frameworks/QD.framework/Versions/A/QD
0x00007ff819ce1000 	/System/Library/Frameworks/ApplicationServices.framework/Versions/A/Frameworks/ColorSyncLegacy.framework/Versions/A/ColorSyncLegacy
0x00007ff81994b000 	/System/Library/Frameworks/ApplicationServices.framework/Versions/A/Frameworks/SpeechSynthesis.framework/Versions/A/SpeechSynthesis
0x00007ff818826000 	/System/Library/Frameworks/ApplicationServices.framework/Versions/A/Frameworks/ATSUI.framework/Versions/A/ATSUI
0x00007ff819c76000 	/usr/lib/libcups.2.dylib
0x00007ff81a045000 	/System/Library/Frameworks/Kerberos.framework/Versions/A/Kerberos
0x00007ff81a054000 	/System/Library/Frameworks/GSS.framework/Versions/A/GSS
0x00007ff8199c7000 	/usr/lib/libresolv.9.dylib
0x00007ff817d7b000 	/System/Library/PrivateFrameworks/Heimdal.framework/Versions/A/Heimdal
0x00007ff820c44000 	/System/Library/Frameworks/Kerberos.framework/Versions/A/Libraries/libHeimdalProxy.dylib
0x00007ff812586000 	/System/Library/Frameworks/Network.framework/Versions/A/Network
0x00007ff8177d6000 	/usr/lib/libheimdal-asn1.dylib
0x00007ff81a09f000 	/System/Library/PrivateFrameworks/CommonAuth.framework/Versions/A/CommonAuth
0x00007ff8198cd000 	/System/Library/PrivateFrameworks/AudioSession.framework/Versions/A/AudioSession
0x00007ff817866000 	/System/Library/PrivateFrameworks/MediaExperience.framework/Versions/A/MediaExperience
0x00007ff81975f000 	/System/Library/PrivateFrameworks/AudioSession.framework/libSessionUtility.dylib
0x00007ff819cf5000 	/System/Library/PrivateFrameworks/AudioResourceArbitration.framework/Versions/A/AudioResourceArbitration
0x00007ff81dd76000 	/System/Library/PrivateFrameworks/PowerLog.framework/Versions/A/PowerLog
0x00007ff8177df000 	/System/Library/PrivateFrameworks/IconFoundation.framework/Versions/A/IconFoundation
0x00007ff81cb2c000 	/System/Library/PrivateFrameworks/SpeechRecognitionCore.framework/Versions/A/SpeechRecognitionCore
0x000000010dcc6000 	/Library/Java/JavaVirtualMachines/jdk-17.jdk/Contents/Home/lib/server/libjvm.dylib
0x000000010ccc7000 	/Library/Java/JavaVirtualMachines/jdk-17.jdk/Contents/Home/lib/libjimage.dylib
0x000000010cd45000 	/Library/Java/JavaVirtualMachines/jdk-17.jdk/Contents/Home/lib/libjava.dylib
0x000000010da94000 	/Library/Java/JavaVirtualMachines/jdk-17.jdk/Contents/Home/lib/libnio.dylib
0x000000010dace000 	/Library/Java/JavaVirtualMachines/jdk-17.jdk/Contents/Home/lib/libnet.dylib
0x000000010dab0000 	/Library/Java/JavaVirtualMachines/jdk-17.jdk/Contents/Home/lib/libzip.dylib
0x000000010db8d000 	/Library/Java/JavaVirtualMachines/jdk-17.jdk/Contents/Home/lib/libawt.dylib
0x0000000111526000 	/Library/Java/JavaVirtualMachines/jdk-17.jdk/Contents/Home/lib/libmlib_image.dylib
0x00007ffa2a5bd000 	/System/Library/Frameworks/JavaRuntimeSupport.framework/Versions/A/JavaRuntimeSupport
0x00007ff911159000 	/System/Library/Frameworks/Carbon.framework/Versions/A/Carbon
0x00007ff81eff1000 	/System/Library/PrivateFrameworks/CoreSymbolication.framework/Versions/A/CoreSymbolication
0x00007ff824560000 	/System/Library/Frameworks/Carbon.framework/Versions/A/Frameworks/CommonPanels.framework/Versions/A/CommonPanels
0x00007ff820626000 	/System/Library/Frameworks/Carbon.framework/Versions/A/Frameworks/Help.framework/Versions/A/Help
0x00007ff824564000 	/System/Library/Frameworks/Carbon.framework/Versions/A/Frameworks/ImageCapture.framework/Versions/A/ImageCapture
0x00007ff824534000 	/System/Library/Frameworks/Carbon.framework/Versions/A/Frameworks/OpenScripting.framework/Versions/A/OpenScripting
0x00007ff82455c000 	/System/Library/Frameworks/Carbon.framework/Versions/A/Frameworks/Ink.framework/Versions/A/Ink
0x00007ff911155000 	/System/Library/Frameworks/Carbon.framework/Versions/A/Frameworks/Print.framework/Versions/A/Print
0x00007ff824558000 	/System/Library/Frameworks/Carbon.framework/Versions/A/Frameworks/SecurityHI.framework/Versions/A/SecurityHI
0x00007ff81efb6000 	/System/Library/PrivateFrameworks/DebugSymbols.framework/Versions/A/DebugSymbols
0x0000000112000000 	/Library/Java/JavaVirtualMachines/jdk-17.jdk/Contents/Home/lib/libawt_lwawt.dylib
0x000000010db13000 	/Library/Java/JavaVirtualMachines/jdk-17.jdk/Contents/Home/lib/libosxapp.dylib
0x00007ff910423000 	/System/Library/Frameworks/ExceptionHandling.framework/Versions/A/ExceptionHandling
0x000000010daee000 	/Library/Java/JavaVirtualMachines/jdk-17.jdk/Contents/Home/lib/libverify.dylib


VM Arguments:
jvm_args: -Xmx512m -XX:MaxDirectMemorySize=64m -XX:MaxRAM=1g 
java_command: assets/jars/TSCreatorBASE-8.1_22January2024.jar -node -s public/charts/09f7966ab48c800e09cbd6f499f35b8c/settings.tsc -ss public/charts/09f7966ab48c800e09cbd6f499f35b8c/settings.tsc -d assets/datapacks/Australia Mappack GTS2016 ENCRYPTED PUBLIC.mdpk -o public/charts/09f7966ab48c800e09cbd6f499f35b8c/chart.pdf -a
java_class_path (initial): assets/jars/TSCreatorBASE-8.1_22January2024.jar
Launcher Type: SUN_STANDARD

[Global flags]
     intx CICompilerCount                          = 12                                        {product} {ergonomic}
     uint ConcGCThreads                            = 3                                         {product} {ergonomic}
     uint G1ConcRefinementThreads                  = 13                                        {product} {ergonomic}
   size_t G1HeapRegionSize                         = 1048576                                   {product} {ergonomic}
    uintx GCDrainStackTargetSize                   = 64                                        {product} {ergonomic}
   size_t InitialHeapSize                          = 16777216                                  {product} {ergonomic}
   size_t MarkStackSize                            = 4194304                                   {product} {ergonomic}
 uint64_t MaxDirectMemorySize                      = 67108864                                  {product} {command line}
   size_t MaxHeapSize                              = 536870912                                 {product} {command line}
   size_t MaxNewSize                               = 321912832                                 {product} {ergonomic}
 uint64_t MaxRAM                                   = 1073741824                             {pd product} {command line}
   size_t MinHeapDeltaBytes                        = 1048576                                   {product} {ergonomic}
   size_t MinHeapSize                              = 8388608                                   {product} {ergonomic}
    uintx NonNMethodCodeHeapSize                   = 7602480                                {pd product} {ergonomic}
    uintx NonProfiledCodeHeapSize                  = 122027880                              {pd product} {ergonomic}
    uintx ProfiledCodeHeapSize                     = 122027880                              {pd product} {ergonomic}
    uintx ReservedCodeCacheSize                    = 251658240                              {pd product} {ergonomic}
     bool SegmentedCodeCache                       = true                                      {product} {ergonomic}
   size_t SoftMaxHeapSize                          = 536870912                              {manageable} {ergonomic}
     bool UseCompressedClassPointers               = true                           {product lp64_product} {ergonomic}
     bool UseCompressedOops                        = true                           {product lp64_product} {ergonomic}
     bool UseG1GC                                  = true                                      {product} {ergonomic}
     bool UseNUMA                                  = false                                     {product} {ergonomic}
     bool UseNUMAInterleaving                      = false                                     {product} {ergonomic}

Logging:
Log output configuration:
 #0: stdout all=warning uptime,level,tags
 #1: stderr all=off uptime,level,tags

Environment Variables:
PATH=/private/var/folders/zb/68ny12xs2vg3xhcvwzq7z6kc0000gn/T/xfs-a4c9f47b:/Users/jay/anaconda3/bin:/Users/jay/anaconda3/condabin:/usr/local/sbin:/Library/Frameworks/Python.framework/Versions/3.9/bin:/usr/local/bin:/usr/bin:/bin:/usr/sbin:/sbin:/Library/Apple/usr/bin
SHELL=/bin/zsh
LANG=en_US.UTF-8

Signal Handlers:
   SIGSEGV: crash_handler in libjvm.dylib, mask=11100110000111110111111111111111, flags=SA_RESTART|SA_SIGINFO
    SIGBUS: crash_handler in libjvm.dylib, mask=11100110000111110111111111111111, flags=SA_RESTART|SA_SIGINFO
    SIGFPE: crash_handler in libjvm.dylib, mask=11100110000111110111111111111111, flags=SA_RESTART|SA_SIGINFO
   SIGPIPE: javaSignalHandler in libjvm.dylib, mask=11100110000111110111111111111111, flags=SA_RESTART|SA_SIGINFO
   SIGXFSZ: javaSignalHandler in libjvm.dylib, mask=11100110000111110111111111111111, flags=SA_RESTART|SA_SIGINFO
    SIGILL: crash_handler in libjvm.dylib, mask=11100110000111110111111111111111, flags=SA_RESTART|SA_SIGINFO
   SIGUSR2: SR_handler in libjvm.dylib, mask=00000000000000000000000000000000, flags=SA_RESTART|SA_SIGINFO
    SIGHUP: UserHandler in libjvm.dylib, mask=11100110000111110111111111111111, flags=SA_RESTART|SA_SIGINFO
    SIGINT: UserHandler in libjvm.dylib, mask=11100110000111110111111111111111, flags=SA_RESTART|SA_SIGINFO
   SIGTERM: UserHandler in libjvm.dylib, mask=11100110000111110111111111111111, flags=SA_RESTART|SA_SIGINFO
   SIGQUIT: UserHandler in libjvm.dylib, mask=11100110000111110111111111111111, flags=SA_RESTART|SA_SIGINFO
   SIGTRAP: crash_handler in libjvm.dylib, mask=11100110000111110111111111111111, flags=SA_RESTART|SA_SIGINFO


---------------  S Y S T E M  ---------------

OS:
uname: Darwin 21.6.0 Darwin Kernel Version 21.6.0: Wed Oct  4 23:55:28 PDT 2023; root:xnu-8020.240.18.704.15~1/RELEASE_X86_64 x86_64
OS uptime: 0 days 9:50 hours
rlimit (soft/hard): STACK 8192k/65532k , CORE 0k/infinity , NPROC 2784/4176 , NOFILE 10240/infinity , AS infinity/infinity , CPU infinity/infinity , DATA infinity/infinity , FSIZE infinity/infinity , MEMLOCK infinity/infinity , RSS infinity/infinity
load average: 5.93 5.06 4.19

CPU: total 16 (initial active 16) (8 cores per cpu, 2 threads per core) family 6 model 158 stepping 13 microcode 0xfa, cx8, cmov, fxsr, ht, mmx, 3dnowpref, sse, sse2, sse3, ssse3, sse4.1, sse4.2, popcnt, lzcnt, tsc, tscinvbit, avx, avx2, aes, erms, clmul, bmi1, bmi2, adx, fma, vzeroupper, clflush, clflushopt

Memory: 4k page, physical 16777216k(174164k free), swap 5242880k(1267456k free)

vm_info: Java HotSpot(TM) 64-Bit Server VM (17.0.6+9-LTS-190) for bsd-amd64 JRE (17.0.6+9-LTS-190), built on Dec  6 2022 15:59:39 by "mach5one" with clang Apple LLVM 12.0.0 (clang-1200.0.32.29)

END.
